[3.147s] DEBUG:colcon:Command line arguments: ['/usr/bin/colcon', 'build']
[3.147s] DEBUG:colcon:Parsed command line arguments: Namespace(log_base=None, log_level=None, verb_name='build', build_base='build', install_base='install', merge_install=False, symlink_install=False, test_result_base=None, continue_on_error=False, executor='parallel', parallel_workers=2, event_handlers=None, ignore_user_meta=False, metas=['./colcon.meta'], base_paths=['.'], packages_ignore=None, packages_ignore_regex=None, paths=None, packages_up_to=None, packages_up_to_regex=None, packages_above=None, packages_above_and_dependencies=None, packages_above_depth=None, packages_select_by_dep=None, packages_skip_by_dep=None, packages_skip_up_to=None, packages_select_build_failed=False, packages_skip_build_finished=False, packages_select_test_failures=False, packages_skip_test_passed=False, packages_select=None, packages_skip=None, packages_select_regex=None, packages_skip_regex=None, packages_start=None, packages_end=None, allow_overriding=[], cmake_args=None, cmake_target=None, cmake_target_skip_unavailable=False, cmake_clean_cache=False, cmake_clean_first=False, cmake_force_configure=False, ament_cmake_args=None, catkin_cmake_args=None, catkin_skip_building_tests=False, verb_parser=<colcon_defaults.argument_parser.defaults.DefaultArgumentsDecorator object at 0x7f7b2e72db40>, verb_extension=<colcon_core.verb.build.BuildVerb object at 0x7f7b2e72dab0>, main=<bound method BuildVerb.main of <colcon_core.verb.build.BuildVerb object at 0x7f7b2e72dab0>>)
[3.305s] Level 1:colcon.colcon_core.package_discovery:discover_packages(colcon_meta) check parameters
[3.305s] Level 1:colcon.colcon_core.package_discovery:discover_packages(recursive) check parameters
[3.305s] Level 1:colcon.colcon_core.package_discovery:discover_packages(ignore) check parameters
[3.305s] Level 1:colcon.colcon_core.package_discovery:discover_packages(path) check parameters
[3.306s] Level 1:colcon.colcon_core.package_discovery:discover_packages(colcon_meta) discover
[3.306s] Level 1:colcon.colcon_core.package_discovery:discover_packages(recursive) discover
[3.306s] INFO:colcon.colcon_core.package_discovery:Crawling recursively for packages in '/home/roboticist/arduinobot_ws'
[3.306s] Level 1:colcon.colcon_core.package_identification:_identify(.) by extensions ['ignore', 'ignore_ament_install']
[3.307s] Level 1:colcon.colcon_core.package_identification:_identify(.) by extension 'ignore'
[3.307s] Level 1:colcon.colcon_core.package_identification:_identify(.) by extension 'ignore_ament_install'
[3.307s] Level 1:colcon.colcon_core.package_identification:_identify(.) by extensions ['colcon_pkg']
[3.307s] Level 1:colcon.colcon_core.package_identification:_identify(.) by extension 'colcon_pkg'
[3.308s] Level 1:colcon.colcon_core.package_identification:_identify(.) by extensions ['colcon_meta']
[3.308s] Level 1:colcon.colcon_core.package_identification:_identify(.) by extension 'colcon_meta'
[3.308s] Level 1:colcon.colcon_core.package_identification:_identify(.) by extensions ['ros']
[3.308s] Level 1:colcon.colcon_core.package_identification:_identify(.) by extension 'ros'
[3.339s] Level 1:colcon.colcon_core.package_identification:_identify(.) by extensions ['cmake', 'python']
[3.339s] Level 1:colcon.colcon_core.package_identification:_identify(.) by extension 'cmake'
[3.340s] Level 1:colcon.colcon_core.package_identification:_identify(.) by extension 'python'
[3.340s] Level 1:colcon.colcon_core.package_identification:_identify(.) by extensions ['python_setup_py']
[3.340s] Level 1:colcon.colcon_core.package_identification:_identify(.) by extension 'python_setup_py'
[3.340s] Level 1:colcon.colcon_core.package_identification:_identify(build) by extensions ['ignore', 'ignore_ament_install']
[3.341s] Level 1:colcon.colcon_core.package_identification:_identify(build) by extension 'ignore'
[3.341s] Level 1:colcon.colcon_core.package_identification:_identify(build) ignored
[3.342s] Level 1:colcon.colcon_core.package_identification:_identify(install) by extensions ['ignore', 'ignore_ament_install']
[3.342s] Level 1:colcon.colcon_core.package_identification:_identify(install) by extension 'ignore'
[3.343s] Level 1:colcon.colcon_core.package_identification:_identify(install) ignored
[3.343s] Level 1:colcon.colcon_core.package_identification:_identify(log) by extensions ['ignore', 'ignore_ament_install']
[3.343s] Level 1:colcon.colcon_core.package_identification:_identify(log) by extension 'ignore'
[3.344s] Level 1:colcon.colcon_core.package_identification:_identify(log) ignored
[3.344s] Level 1:colcon.colcon_core.package_identification:_identify(src) by extensions ['ignore', 'ignore_ament_install']
[3.344s] Level 1:colcon.colcon_core.package_identification:_identify(src) by extension 'ignore'
[3.345s] Level 1:colcon.colcon_core.package_identification:_identify(src) by extension 'ignore_ament_install'
[3.345s] Level 1:colcon.colcon_core.package_identification:_identify(src) by extensions ['colcon_pkg']
[3.345s] Level 1:colcon.colcon_core.package_identification:_identify(src) by extension 'colcon_pkg'
[3.345s] Level 1:colcon.colcon_core.package_identification:_identify(src) by extensions ['colcon_meta']
[3.345s] Level 1:colcon.colcon_core.package_identification:_identify(src) by extension 'colcon_meta'
[3.345s] Level 1:colcon.colcon_core.package_identification:_identify(src) by extensions ['ros']
[3.345s] Level 1:colcon.colcon_core.package_identification:_identify(src) by extension 'ros'
[3.346s] Level 1:colcon.colcon_core.package_identification:_identify(src) by extensions ['cmake', 'python']
[3.346s] Level 1:colcon.colcon_core.package_identification:_identify(src) by extension 'cmake'
[3.346s] Level 1:colcon.colcon_core.package_identification:_identify(src) by extension 'python'
[3.346s] Level 1:colcon.colcon_core.package_identification:_identify(src) by extensions ['python_setup_py']
[3.346s] Level 1:colcon.colcon_core.package_identification:_identify(src) by extension 'python_setup_py'
[3.346s] Level 1:colcon.colcon_core.package_identification:_identify(src/arduinobot_cpp_examples) by extensions ['ignore', 'ignore_ament_install']
[3.347s] Level 1:colcon.colcon_core.package_identification:_identify(src/arduinobot_cpp_examples) by extension 'ignore'
[3.347s] Level 1:colcon.colcon_core.package_identification:_identify(src/arduinobot_cpp_examples) by extension 'ignore_ament_install'
[3.347s] Level 1:colcon.colcon_core.package_identification:_identify(src/arduinobot_cpp_examples) by extensions ['colcon_pkg']
[3.347s] Level 1:colcon.colcon_core.package_identification:_identify(src/arduinobot_cpp_examples) by extension 'colcon_pkg'
[3.347s] Level 1:colcon.colcon_core.package_identification:_identify(src/arduinobot_cpp_examples) by extensions ['colcon_meta']
[3.348s] Level 1:colcon.colcon_core.package_identification:_identify(src/arduinobot_cpp_examples) by extension 'colcon_meta'
[3.348s] Level 1:colcon.colcon_core.package_identification:_identify(src/arduinobot_cpp_examples) by extensions ['ros']
[3.348s] Level 1:colcon.colcon_core.package_identification:_identify(src/arduinobot_cpp_examples) by extension 'ros'
[3.355s] DEBUG:colcon.colcon_core.package_identification:Package 'src/arduinobot_cpp_examples' with type 'ros.ament_cmake' and name 'arduinobot_cpp_examples'
[3.356s] Level 1:colcon.colcon_core.package_identification:_identify(src/arduinobot_description) by extensions ['ignore', 'ignore_ament_install']
[3.356s] Level 1:colcon.colcon_core.package_identification:_identify(src/arduinobot_description) by extension 'ignore'
[3.356s] Level 1:colcon.colcon_core.package_identification:_identify(src/arduinobot_description) by extension 'ignore_ament_install'
[3.357s] Level 1:colcon.colcon_core.package_identification:_identify(src/arduinobot_description) by extensions ['colcon_pkg']
[3.357s] Level 1:colcon.colcon_core.package_identification:_identify(src/arduinobot_description) by extension 'colcon_pkg'
[3.357s] Level 1:colcon.colcon_core.package_identification:_identify(src/arduinobot_description) by extensions ['colcon_meta']
[3.357s] Level 1:colcon.colcon_core.package_identification:_identify(src/arduinobot_description) by extension 'colcon_meta'
[3.357s] Level 1:colcon.colcon_core.package_identification:_identify(src/arduinobot_description) by extensions ['ros']
[3.358s] Level 1:colcon.colcon_core.package_identification:_identify(src/arduinobot_description) by extension 'ros'
[3.359s] DEBUG:colcon.colcon_core.package_identification:Package 'src/arduinobot_description' with type 'ros.ament_cmake' and name 'arduinobot_description'
[3.359s] Level 1:colcon.colcon_core.package_identification:_identify(src/arduinobot_py_examples) by extensions ['ignore', 'ignore_ament_install']
[3.360s] Level 1:colcon.colcon_core.package_identification:_identify(src/arduinobot_py_examples) by extension 'ignore'
[3.360s] Level 1:colcon.colcon_core.package_identification:_identify(src/arduinobot_py_examples) by extension 'ignore_ament_install'
[3.361s] Level 1:colcon.colcon_core.package_identification:_identify(src/arduinobot_py_examples) by extensions ['colcon_pkg']
[3.361s] Level 1:colcon.colcon_core.package_identification:_identify(src/arduinobot_py_examples) by extension 'colcon_pkg'
[3.361s] Level 1:colcon.colcon_core.package_identification:_identify(src/arduinobot_py_examples) by extensions ['colcon_meta']
[3.361s] Level 1:colcon.colcon_core.package_identification:_identify(src/arduinobot_py_examples) by extension 'colcon_meta'
[3.361s] Level 1:colcon.colcon_core.package_identification:_identify(src/arduinobot_py_examples) by extensions ['ros']
[3.361s] Level 1:colcon.colcon_core.package_identification:_identify(src/arduinobot_py_examples) by extension 'ros'
[3.363s] DEBUG:colcon.colcon_core.package_identification:Package 'src/arduinobot_py_examples' with type 'ros.ament_python' and name 'arduinobot_py_examples'
[3.363s] Level 1:colcon.colcon_core.package_discovery:discover_packages(recursive) using defaults
[3.363s] Level 1:colcon.colcon_core.package_discovery:discover_packages(ignore) discover
[3.363s] Level 1:colcon.colcon_core.package_discovery:discover_packages(ignore) using defaults
[3.364s] Level 1:colcon.colcon_core.package_discovery:discover_packages(path) discover
[3.364s] Level 1:colcon.colcon_core.package_discovery:discover_packages(path) using defaults
[3.659s] Level 1:colcon.colcon_core.package_discovery:discover_packages(prefix_path) check parameters
[3.659s] Level 1:colcon.colcon_core.package_discovery:discover_packages(prefix_path) discover
[3.764s] DEBUG:colcon.colcon_installed_package_information.package_discovery:Found 353 installed packages in /opt/ros/humble
[3.767s] Level 1:colcon.colcon_core.package_discovery:discover_packages(prefix_path) using defaults
[4.181s] Level 5:colcon.colcon_core.verb:set package 'arduinobot_cpp_examples' build argument 'cmake_args' from command line to 'None'
[4.181s] Level 5:colcon.colcon_core.verb:set package 'arduinobot_cpp_examples' build argument 'cmake_target' from command line to 'None'
[4.181s] Level 5:colcon.colcon_core.verb:set package 'arduinobot_cpp_examples' build argument 'cmake_target_skip_unavailable' from command line to 'False'
[4.182s] Level 5:colcon.colcon_core.verb:set package 'arduinobot_cpp_examples' build argument 'cmake_clean_cache' from command line to 'False'
[4.182s] Level 5:colcon.colcon_core.verb:set package 'arduinobot_cpp_examples' build argument 'cmake_clean_first' from command line to 'False'
[4.182s] Level 5:colcon.colcon_core.verb:set package 'arduinobot_cpp_examples' build argument 'cmake_force_configure' from command line to 'False'
[4.182s] Level 5:colcon.colcon_core.verb:set package 'arduinobot_cpp_examples' build argument 'ament_cmake_args' from command line to 'None'
[4.182s] Level 5:colcon.colcon_core.verb:set package 'arduinobot_cpp_examples' build argument 'catkin_cmake_args' from command line to 'None'
[4.182s] Level 5:colcon.colcon_core.verb:set package 'arduinobot_cpp_examples' build argument 'catkin_skip_building_tests' from command line to 'False'
[4.182s] DEBUG:colcon.colcon_core.verb:Building package 'arduinobot_cpp_examples' with the following arguments: {'ament_cmake_args': None, 'build_base': '/home/roboticist/arduinobot_ws/build/arduinobot_cpp_examples', 'catkin_cmake_args': None, 'catkin_skip_building_tests': False, 'cmake_args': None, 'cmake_clean_cache': False, 'cmake_clean_first': False, 'cmake_force_configure': False, 'cmake_target': None, 'cmake_target_skip_unavailable': False, 'install_base': '/home/roboticist/arduinobot_ws/install/arduinobot_cpp_examples', 'merge_install': False, 'path': '/home/roboticist/arduinobot_ws/src/arduinobot_cpp_examples', 'symlink_install': False, 'test_result_base': None}
[4.246s] Level 5:colcon.colcon_core.verb:set package 'arduinobot_description' build argument 'cmake_args' from command line to 'None'
[4.246s] Level 5:colcon.colcon_core.verb:set package 'arduinobot_description' build argument 'cmake_target' from command line to 'None'
[4.246s] Level 5:colcon.colcon_core.verb:set package 'arduinobot_description' build argument 'cmake_target_skip_unavailable' from command line to 'False'
[4.246s] Level 5:colcon.colcon_core.verb:set package 'arduinobot_description' build argument 'cmake_clean_cache' from command line to 'False'
[4.246s] Level 5:colcon.colcon_core.verb:set package 'arduinobot_description' build argument 'cmake_clean_first' from command line to 'False'
[4.247s] Level 5:colcon.colcon_core.verb:set package 'arduinobot_description' build argument 'cmake_force_configure' from command line to 'False'
[4.247s] Level 5:colcon.colcon_core.verb:set package 'arduinobot_description' build argument 'ament_cmake_args' from command line to 'None'
[4.247s] Level 5:colcon.colcon_core.verb:set package 'arduinobot_description' build argument 'catkin_cmake_args' from command line to 'None'
[4.247s] Level 5:colcon.colcon_core.verb:set package 'arduinobot_description' build argument 'catkin_skip_building_tests' from command line to 'False'
[4.247s] DEBUG:colcon.colcon_core.verb:Building package 'arduinobot_description' with the following arguments: {'ament_cmake_args': None, 'build_base': '/home/roboticist/arduinobot_ws/build/arduinobot_description', 'catkin_cmake_args': None, 'catkin_skip_building_tests': False, 'cmake_args': None, 'cmake_clean_cache': False, 'cmake_clean_first': False, 'cmake_force_configure': False, 'cmake_target': None, 'cmake_target_skip_unavailable': False, 'install_base': '/home/roboticist/arduinobot_ws/install/arduinobot_description', 'merge_install': False, 'path': '/home/roboticist/arduinobot_ws/src/arduinobot_description', 'symlink_install': False, 'test_result_base': None}
[4.300s] Level 5:colcon.colcon_core.verb:set package 'arduinobot_py_examples' build argument 'cmake_args' from command line to 'None'
[4.300s] Level 5:colcon.colcon_core.verb:set package 'arduinobot_py_examples' build argument 'cmake_target' from command line to 'None'
[4.300s] Level 5:colcon.colcon_core.verb:set package 'arduinobot_py_examples' build argument 'cmake_target_skip_unavailable' from command line to 'False'
[4.301s] Level 5:colcon.colcon_core.verb:set package 'arduinobot_py_examples' build argument 'cmake_clean_cache' from command line to 'False'
[4.301s] Level 5:colcon.colcon_core.verb:set package 'arduinobot_py_examples' build argument 'cmake_clean_first' from command line to 'False'
[4.301s] Level 5:colcon.colcon_core.verb:set package 'arduinobot_py_examples' build argument 'cmake_force_configure' from command line to 'False'
[4.301s] Level 5:colcon.colcon_core.verb:set package 'arduinobot_py_examples' build argument 'ament_cmake_args' from command line to 'None'
[4.301s] Level 5:colcon.colcon_core.verb:set package 'arduinobot_py_examples' build argument 'catkin_cmake_args' from command line to 'None'
[4.301s] Level 5:colcon.colcon_core.verb:set package 'arduinobot_py_examples' build argument 'catkin_skip_building_tests' from command line to 'False'
[4.301s] DEBUG:colcon.colcon_core.verb:Building package 'arduinobot_py_examples' with the following arguments: {'ament_cmake_args': None, 'build_base': '/home/roboticist/arduinobot_ws/build/arduinobot_py_examples', 'catkin_cmake_args': None, 'catkin_skip_building_tests': False, 'cmake_args': None, 'cmake_clean_cache': False, 'cmake_clean_first': False, 'cmake_force_configure': False, 'cmake_target': None, 'cmake_target_skip_unavailable': False, 'install_base': '/home/roboticist/arduinobot_ws/install/arduinobot_py_examples', 'merge_install': False, 'path': '/home/roboticist/arduinobot_ws/src/arduinobot_py_examples', 'symlink_install': False, 'test_result_base': None}
[4.356s] INFO:colcon.colcon_core.executor:Executing jobs using 'parallel' executor
[4.410s] DEBUG:colcon.colcon_parallel_executor.executor.parallel:run_until_complete
[4.412s] INFO:colcon.colcon_ros.task.ament_cmake.build:Building ROS package in '/home/roboticist/arduinobot_ws/src/arduinobot_cpp_examples' with build type 'ament_cmake'
[4.412s] INFO:colcon.colcon_cmake.task.cmake.build:Building CMake package in '/home/roboticist/arduinobot_ws/src/arduinobot_cpp_examples'
[4.492s] INFO:colcon.colcon_core.plugin_system:Skipping extension 'colcon_core.shell.bat': Not used on non-Windows systems
[4.492s] INFO:colcon.colcon_core.shell:Skip shell extension 'powershell' for command environment: Not usable outside of PowerShell
[4.493s] DEBUG:colcon.colcon_core.shell:Skip shell extension 'dsv' for command environment
[4.667s] INFO:colcon.colcon_ros.task.ament_cmake.build:Building ROS package in '/home/roboticist/arduinobot_ws/src/arduinobot_description' with build type 'ament_cmake'
[4.668s] INFO:colcon.colcon_cmake.task.cmake.build:Building CMake package in '/home/roboticist/arduinobot_ws/src/arduinobot_description'
[4.735s] INFO:colcon.colcon_core.shell:Skip shell extension 'powershell' for command environment: Not usable outside of PowerShell
[4.735s] DEBUG:colcon.colcon_core.shell:Skip shell extension 'dsv' for command environment
[4.904s] DEBUG:colcon.colcon_core.event_handler.log_command:Invoking command in '/home/roboticist/arduinobot_ws/build/arduinobot_cpp_examples': CMAKE_PREFIX_PATH=/opt/ros/humble /usr/bin/cmake --build /home/roboticist/arduinobot_ws/build/arduinobot_cpp_examples -- -j2 -l2
[4.956s] DEBUG:colcon.colcon_core.event_handler.log_command:Invoking command in '/home/roboticist/arduinobot_ws/build/arduinobot_description': CMAKE_PREFIX_PATH=/opt/ros/humble /usr/bin/cmake --build /home/roboticist/arduinobot_ws/build/arduinobot_description -- -j2 -l2
[5.118s] DEBUG:colcon.colcon_core.event_handler.log_command:Invoked command in '/home/roboticist/arduinobot_ws/build/arduinobot_description' returned '0': CMAKE_PREFIX_PATH=/opt/ros/humble /usr/bin/cmake --build /home/roboticist/arduinobot_ws/build/arduinobot_description -- -j2 -l2
[5.491s] DEBUG:colcon.colcon_core.event_handler.log_command:Invoking command in '/home/roboticist/arduinobot_ws/build/arduinobot_description': CMAKE_PREFIX_PATH=/opt/ros/humble /usr/bin/cmake --install /home/roboticist/arduinobot_ws/build/arduinobot_description
[5.505s] DEBUG:colcon.colcon_core.event_handler.log_command:Invoked command in '/home/roboticist/arduinobot_ws/build/arduinobot_cpp_examples' returned '0': CMAKE_PREFIX_PATH=/opt/ros/humble /usr/bin/cmake --build /home/roboticist/arduinobot_ws/build/arduinobot_cpp_examples -- -j2 -l2
[5.596s] Level 1:colcon.colcon_core.environment:create_environment_scripts_only(arduinobot_description)
[5.603s] DEBUG:colcon.colcon_core.event_handler.log_command:Invoked command in '/home/roboticist/arduinobot_ws/build/arduinobot_description' returned '0': CMAKE_PREFIX_PATH=/opt/ros/humble /usr/bin/cmake --install /home/roboticist/arduinobot_ws/build/arduinobot_description
[5.712s] Level 1:colcon.colcon_core.environment:checking '/home/roboticist/arduinobot_ws/install/arduinobot_description' for CMake module files
[5.715s] Level 1:colcon.colcon_core.environment:checking '/home/roboticist/arduinobot_ws/install/arduinobot_description' for CMake config files
[5.717s] Level 1:colcon.colcon_core.shell:create_environment_hook('arduinobot_description', 'cmake_prefix_path')
[5.802s] INFO:colcon.colcon_core.shell:Creating environment hook '/home/roboticist/arduinobot_ws/install/arduinobot_description/share/arduinobot_description/hook/cmake_prefix_path.ps1'
[5.810s] INFO:colcon.colcon_core.shell:Creating environment descriptor '/home/roboticist/arduinobot_ws/install/arduinobot_description/share/arduinobot_description/hook/cmake_prefix_path.dsv'
[5.816s] INFO:colcon.colcon_core.shell:Creating environment hook '/home/roboticist/arduinobot_ws/install/arduinobot_description/share/arduinobot_description/hook/cmake_prefix_path.sh'
[5.820s] Level 1:colcon.colcon_core.environment:checking '/home/roboticist/arduinobot_ws/install/arduinobot_description/bin'
[5.821s] Level 1:colcon.colcon_core.environment:checking '/home/roboticist/arduinobot_ws/install/arduinobot_description/lib/pkgconfig/arduinobot_description.pc'
[5.822s] Level 1:colcon.colcon_core.environment:checking '/home/roboticist/arduinobot_ws/install/arduinobot_description/lib/python3.10/site-packages'
[5.823s] Level 1:colcon.colcon_core.environment:checking '/home/roboticist/arduinobot_ws/install/arduinobot_description/bin'
[5.936s] INFO:colcon.colcon_core.shell:Creating package script '/home/roboticist/arduinobot_ws/install/arduinobot_description/share/arduinobot_description/package.ps1'
[5.944s] INFO:colcon.colcon_core.shell:Creating package descriptor '/home/roboticist/arduinobot_ws/install/arduinobot_description/share/arduinobot_description/package.dsv'
[5.949s] INFO:colcon.colcon_core.shell:Creating package script '/home/roboticist/arduinobot_ws/install/arduinobot_description/share/arduinobot_description/package.sh'
[5.975s] INFO:colcon.colcon_core.shell:Creating package script '/home/roboticist/arduinobot_ws/install/arduinobot_description/share/arduinobot_description/package.bash'
[5.979s] INFO:colcon.colcon_core.shell:Creating package script '/home/roboticist/arduinobot_ws/install/arduinobot_description/share/arduinobot_description/package.zsh'
[5.985s] Level 1:colcon.colcon_core.environment:create_file_with_runtime_dependencies(/home/roboticist/arduinobot_ws/install/arduinobot_description/share/colcon-core/packages/arduinobot_description)
[6.030s] DEBUG:colcon.colcon_core.event_handler.log_command:Invoking command in '/home/roboticist/arduinobot_ws/build/arduinobot_cpp_examples': CMAKE_PREFIX_PATH=/opt/ros/humble /usr/bin/cmake --install /home/roboticist/arduinobot_ws/build/arduinobot_cpp_examples
[6.142s] Level 1:colcon.colcon_core.environment:create_environment_scripts_only(arduinobot_cpp_examples)
[6.152s] DEBUG:colcon.colcon_core.event_handler.log_command:Invoked command in '/home/roboticist/arduinobot_ws/build/arduinobot_cpp_examples' returned '0': CMAKE_PREFIX_PATH=/opt/ros/humble /usr/bin/cmake --install /home/roboticist/arduinobot_ws/build/arduinobot_cpp_examples
[6.353s] Level 1:colcon.colcon_core.environment:checking '/home/roboticist/arduinobot_ws/install/arduinobot_cpp_examples' for CMake module files
[6.357s] Level 1:colcon.colcon_core.environment:checking '/home/roboticist/arduinobot_ws/install/arduinobot_cpp_examples' for CMake config files
[6.361s] Level 1:colcon.colcon_core.shell:create_environment_hook('arduinobot_cpp_examples', 'cmake_prefix_path')
[6.405s] INFO:colcon.colcon_core.shell:Creating environment hook '/home/roboticist/arduinobot_ws/install/arduinobot_cpp_examples/share/arduinobot_cpp_examples/hook/cmake_prefix_path.ps1'
[6.407s] INFO:colcon.colcon_core.shell:Creating environment descriptor '/home/roboticist/arduinobot_ws/install/arduinobot_cpp_examples/share/arduinobot_cpp_examples/hook/cmake_prefix_path.dsv'
[6.408s] INFO:colcon.colcon_core.shell:Creating environment hook '/home/roboticist/arduinobot_ws/install/arduinobot_cpp_examples/share/arduinobot_cpp_examples/hook/cmake_prefix_path.sh'
[6.412s] Level 1:colcon.colcon_core.environment:checking '/home/roboticist/arduinobot_ws/install/arduinobot_cpp_examples/lib'
[6.412s] Level 1:colcon.colcon_core.environment:checking '/home/roboticist/arduinobot_ws/install/arduinobot_cpp_examples/bin'
[6.413s] Level 1:colcon.colcon_core.environment:checking '/home/roboticist/arduinobot_ws/install/arduinobot_cpp_examples/lib/pkgconfig/arduinobot_cpp_examples.pc'
[6.414s] Level 1:colcon.colcon_core.environment:checking '/home/roboticist/arduinobot_ws/install/arduinobot_cpp_examples/lib/python3.10/site-packages'
[6.414s] Level 1:colcon.colcon_core.environment:checking '/home/roboticist/arduinobot_ws/install/arduinobot_cpp_examples/bin'
[6.451s] INFO:colcon.colcon_core.shell:Creating package script '/home/roboticist/arduinobot_ws/install/arduinobot_cpp_examples/share/arduinobot_cpp_examples/package.ps1'
[6.453s] INFO:colcon.colcon_core.shell:Creating package descriptor '/home/roboticist/arduinobot_ws/install/arduinobot_cpp_examples/share/arduinobot_cpp_examples/package.dsv'
[6.454s] INFO:colcon.colcon_core.shell:Creating package script '/home/roboticist/arduinobot_ws/install/arduinobot_cpp_examples/share/arduinobot_cpp_examples/package.sh'
[6.456s] INFO:colcon.colcon_core.shell:Creating package script '/home/roboticist/arduinobot_ws/install/arduinobot_cpp_examples/share/arduinobot_cpp_examples/package.bash'
[6.460s] INFO:colcon.colcon_core.shell:Creating package script '/home/roboticist/arduinobot_ws/install/arduinobot_cpp_examples/share/arduinobot_cpp_examples/package.zsh'
[6.462s] Level 1:colcon.colcon_core.environment:create_file_with_runtime_dependencies(/home/roboticist/arduinobot_ws/install/arduinobot_cpp_examples/share/colcon-core/packages/arduinobot_cpp_examples)
[6.540s] Level 1:colcon.colcon_core.environment:create_environment_scripts_only(arduinobot_description)
[6.702s] Level 1:colcon.colcon_core.environment:checking '/home/roboticist/arduinobot_ws/install/arduinobot_description' for CMake module files
[6.703s] Level 1:colcon.colcon_core.environment:checking '/home/roboticist/arduinobot_ws/install/arduinobot_description' for CMake config files
[6.704s] Level 1:colcon.colcon_core.shell:create_environment_hook('arduinobot_description', 'cmake_prefix_path')
[6.831s] INFO:colcon.colcon_core.shell:Creating environment hook '/home/roboticist/arduinobot_ws/install/arduinobot_description/share/arduinobot_description/hook/cmake_prefix_path.ps1'
[6.836s] INFO:colcon.colcon_core.shell:Creating environment descriptor '/home/roboticist/arduinobot_ws/install/arduinobot_description/share/arduinobot_description/hook/cmake_prefix_path.dsv'
[6.838s] INFO:colcon.colcon_core.shell:Creating environment hook '/home/roboticist/arduinobot_ws/install/arduinobot_description/share/arduinobot_description/hook/cmake_prefix_path.sh'
[6.840s] Level 1:colcon.colcon_core.environment:checking '/home/roboticist/arduinobot_ws/install/arduinobot_description/bin'
[6.841s] Level 1:colcon.colcon_core.environment:checking '/home/roboticist/arduinobot_ws/install/arduinobot_description/lib/pkgconfig/arduinobot_description.pc'
[6.842s] Level 1:colcon.colcon_core.environment:checking '/home/roboticist/arduinobot_ws/install/arduinobot_description/lib/python3.10/site-packages'
[6.843s] Level 1:colcon.colcon_core.environment:checking '/home/roboticist/arduinobot_ws/install/arduinobot_description/bin'
[6.930s] INFO:colcon.colcon_core.shell:Creating package script '/home/roboticist/arduinobot_ws/install/arduinobot_description/share/arduinobot_description/package.ps1'
[6.933s] INFO:colcon.colcon_core.shell:Creating package descriptor '/home/roboticist/arduinobot_ws/install/arduinobot_description/share/arduinobot_description/package.dsv'
[6.935s] INFO:colcon.colcon_core.shell:Creating package script '/home/roboticist/arduinobot_ws/install/arduinobot_description/share/arduinobot_description/package.sh'
[6.938s] INFO:colcon.colcon_core.shell:Creating package script '/home/roboticist/arduinobot_ws/install/arduinobot_description/share/arduinobot_description/package.bash'
[6.941s] INFO:colcon.colcon_core.shell:Creating package script '/home/roboticist/arduinobot_ws/install/arduinobot_description/share/arduinobot_description/package.zsh'
[6.943s] Level 1:colcon.colcon_core.environment:create_file_with_runtime_dependencies(/home/roboticist/arduinobot_ws/install/arduinobot_description/share/colcon-core/packages/arduinobot_description)
[6.948s] INFO:colcon.colcon_ros.task.ament_python.build:Building ROS package in '/home/roboticist/arduinobot_ws/src/arduinobot_py_examples' with build type 'ament_python'
[6.949s] Level 1:colcon.colcon_core.shell:create_environment_hook('arduinobot_py_examples', 'ament_prefix_path')
[7.034s] INFO:colcon.colcon_core.shell:Creating environment hook '/home/roboticist/arduinobot_ws/install/arduinobot_py_examples/share/arduinobot_py_examples/hook/ament_prefix_path.ps1'
[7.037s] INFO:colcon.colcon_core.shell:Creating environment descriptor '/home/roboticist/arduinobot_ws/install/arduinobot_py_examples/share/arduinobot_py_examples/hook/ament_prefix_path.dsv'
[7.039s] INFO:colcon.colcon_core.shell:Creating environment hook '/home/roboticist/arduinobot_ws/install/arduinobot_py_examples/share/arduinobot_py_examples/hook/ament_prefix_path.sh'
[7.107s] INFO:colcon.colcon_core.shell:Skip shell extension 'powershell' for command environment: Not usable outside of PowerShell
[7.107s] DEBUG:colcon.colcon_core.shell:Skip shell extension 'dsv' for command environment
[7.408s] Level 1:colcon.colcon_core.environment:create_environment_scripts_only(arduinobot_cpp_examples)
[7.469s] Level 1:colcon.colcon_core.environment:checking '/home/roboticist/arduinobot_ws/install/arduinobot_cpp_examples' for CMake module files
[7.471s] Level 1:colcon.colcon_core.environment:checking '/home/roboticist/arduinobot_ws/install/arduinobot_cpp_examples' for CMake config files
[7.471s] Level 1:colcon.colcon_core.shell:create_environment_hook('arduinobot_cpp_examples', 'cmake_prefix_path')
[7.542s] INFO:colcon.colcon_core.shell:Creating environment hook '/home/roboticist/arduinobot_ws/install/arduinobot_cpp_examples/share/arduinobot_cpp_examples/hook/cmake_prefix_path.ps1'
[7.544s] INFO:colcon.colcon_core.shell:Creating environment descriptor '/home/roboticist/arduinobot_ws/install/arduinobot_cpp_examples/share/arduinobot_cpp_examples/hook/cmake_prefix_path.dsv'
[7.551s] INFO:colcon.colcon_core.shell:Creating environment hook '/home/roboticist/arduinobot_ws/install/arduinobot_cpp_examples/share/arduinobot_cpp_examples/hook/cmake_prefix_path.sh'
[7.553s] Level 1:colcon.colcon_core.environment:checking '/home/roboticist/arduinobot_ws/install/arduinobot_cpp_examples/lib'
[7.554s] Level 1:colcon.colcon_core.environment:checking '/home/roboticist/arduinobot_ws/install/arduinobot_cpp_examples/bin'
[7.555s] Level 1:colcon.colcon_core.environment:checking '/home/roboticist/arduinobot_ws/install/arduinobot_cpp_examples/lib/pkgconfig/arduinobot_cpp_examples.pc'
[7.556s] Level 1:colcon.colcon_core.environment:checking '/home/roboticist/arduinobot_ws/install/arduinobot_cpp_examples/lib/python3.10/site-packages'
[7.558s] Level 1:colcon.colcon_core.environment:checking '/home/roboticist/arduinobot_ws/install/arduinobot_cpp_examples/bin'
[7.700s] INFO:colcon.colcon_core.shell:Creating package script '/home/roboticist/arduinobot_ws/install/arduinobot_cpp_examples/share/arduinobot_cpp_examples/package.ps1'
[7.705s] INFO:colcon.colcon_core.shell:Creating package descriptor '/home/roboticist/arduinobot_ws/install/arduinobot_cpp_examples/share/arduinobot_cpp_examples/package.dsv'
[7.708s] INFO:colcon.colcon_core.shell:Creating package script '/home/roboticist/arduinobot_ws/install/arduinobot_cpp_examples/share/arduinobot_cpp_examples/package.sh'
[7.710s] INFO:colcon.colcon_core.shell:Creating package script '/home/roboticist/arduinobot_ws/install/arduinobot_cpp_examples/share/arduinobot_cpp_examples/package.bash'
[7.712s] INFO:colcon.colcon_core.shell:Creating package script '/home/roboticist/arduinobot_ws/install/arduinobot_cpp_examples/share/arduinobot_cpp_examples/package.zsh'
[7.716s] Level 1:colcon.colcon_core.environment:create_file_with_runtime_dependencies(/home/roboticist/arduinobot_ws/install/arduinobot_cpp_examples/share/colcon-core/packages/arduinobot_cpp_examples)
[8.716s] INFO:colcon.colcon_core.task.python.build:Building Python package in '/home/roboticist/arduinobot_ws/src/arduinobot_py_examples'
[8.766s] INFO:colcon.colcon_core.shell:Skip shell extension 'powershell' for command environment: Not usable outside of PowerShell
[8.766s] DEBUG:colcon.colcon_core.shell:Skip shell extension 'dsv' for command environment
[10.147s] DEBUG:colcon.colcon_core.event_handler.log_command:Invoking command in '/home/roboticist/arduinobot_ws/src/arduinobot_py_examples': PYTHONPATH=/home/roboticist/arduinobot_ws/build/arduinobot_py_examples/prefix_override:/home/roboticist/arduinobot_ws/install/arduinobot_py_examples/lib/python3.10/site-packages:${PYTHONPATH} /usr/bin/python3 setup.py egg_info --egg-base ../../build/arduinobot_py_examples build --build-base /home/roboticist/arduinobot_ws/build/arduinobot_py_examples/build install --record /home/roboticist/arduinobot_ws/build/arduinobot_py_examples/install.log --single-version-externally-managed
[11.147s] DEBUG:colcon.colcon_core.event_handler.log_command:Invoked command in '/home/roboticist/arduinobot_ws/src/arduinobot_py_examples' returned '0': PYTHONPATH=/home/roboticist/arduinobot_ws/build/arduinobot_py_examples/prefix_override:/home/roboticist/arduinobot_ws/install/arduinobot_py_examples/lib/python3.10/site-packages:${PYTHONPATH} /usr/bin/python3 setup.py egg_info --egg-base ../../build/arduinobot_py_examples build --build-base /home/roboticist/arduinobot_ws/build/arduinobot_py_examples/build install --record /home/roboticist/arduinobot_ws/build/arduinobot_py_examples/install.log --single-version-externally-managed
[11.219s] Level 1:colcon.colcon_core.environment:checking '/home/roboticist/arduinobot_ws/install/arduinobot_py_examples' for CMake module files
[11.222s] Level 1:colcon.colcon_core.environment:checking '/home/roboticist/arduinobot_ws/install/arduinobot_py_examples' for CMake config files
[11.225s] Level 1:colcon.colcon_core.environment:checking '/home/roboticist/arduinobot_ws/install/arduinobot_py_examples/lib'
[11.225s] Level 1:colcon.colcon_core.environment:checking '/home/roboticist/arduinobot_ws/install/arduinobot_py_examples/bin'
[11.226s] Level 1:colcon.colcon_core.environment:checking '/home/roboticist/arduinobot_ws/install/arduinobot_py_examples/lib/pkgconfig/arduinobot_py_examples.pc'
[11.226s] Level 1:colcon.colcon_core.environment:checking '/home/roboticist/arduinobot_ws/install/arduinobot_py_examples/lib/python3.10/site-packages'
[11.226s] Level 1:colcon.colcon_core.shell:create_environment_hook('arduinobot_py_examples', 'pythonpath')
[11.285s] INFO:colcon.colcon_core.shell:Creating environment hook '/home/roboticist/arduinobot_ws/install/arduinobot_py_examples/share/arduinobot_py_examples/hook/pythonpath.ps1'
[11.290s] INFO:colcon.colcon_core.shell:Creating environment descriptor '/home/roboticist/arduinobot_ws/install/arduinobot_py_examples/share/arduinobot_py_examples/hook/pythonpath.dsv'
[11.292s] INFO:colcon.colcon_core.shell:Creating environment hook '/home/roboticist/arduinobot_ws/install/arduinobot_py_examples/share/arduinobot_py_examples/hook/pythonpath.sh'
[11.295s] Level 1:colcon.colcon_core.environment:checking '/home/roboticist/arduinobot_ws/install/arduinobot_py_examples/bin'
[11.296s] Level 1:colcon.colcon_core.environment:create_environment_scripts_only(arduinobot_py_examples)
[11.354s] INFO:colcon.colcon_core.shell:Creating package script '/home/roboticist/arduinobot_ws/install/arduinobot_py_examples/share/arduinobot_py_examples/package.ps1'
[11.357s] INFO:colcon.colcon_core.shell:Creating package descriptor '/home/roboticist/arduinobot_ws/install/arduinobot_py_examples/share/arduinobot_py_examples/package.dsv'
[11.359s] INFO:colcon.colcon_core.shell:Creating package script '/home/roboticist/arduinobot_ws/install/arduinobot_py_examples/share/arduinobot_py_examples/package.sh'
[11.362s] INFO:colcon.colcon_core.shell:Creating package script '/home/roboticist/arduinobot_ws/install/arduinobot_py_examples/share/arduinobot_py_examples/package.bash'
[11.364s] INFO:colcon.colcon_core.shell:Creating package script '/home/roboticist/arduinobot_ws/install/arduinobot_py_examples/share/arduinobot_py_examples/package.zsh'
[11.366s] Level 1:colcon.colcon_core.environment:create_file_with_runtime_dependencies(/home/roboticist/arduinobot_ws/install/arduinobot_py_examples/share/colcon-core/packages/arduinobot_py_examples)
[11.367s] DEBUG:colcon.colcon_parallel_executor.executor.parallel:closing loop
[11.370s] DEBUG:colcon.colcon_parallel_executor.executor.parallel:loop closed
[11.370s] DEBUG:colcon.colcon_parallel_executor.executor.parallel:run_until_complete finished with '0'
[11.370s] DEBUG:colcon.colcon_core.event_reactor:joining thread
[11.472s] INFO:colcon.colcon_core.plugin_system:Skipping extension 'colcon_notification.desktop_notification.terminal_notifier': Not used on non-Darwin systems
[11.472s] INFO:colcon.colcon_core.plugin_system:Skipping extension 'colcon_notification.desktop_notification.win32': Not used on non-Windows systems
[11.473s] INFO:colcon.colcon_notification.desktop_notification:Sending desktop notification using 'notify2'
[12.078s] DEBUG:colcon.colcon_core.event_reactor:joined thread
[12.142s] INFO:colcon.colcon_core.shell:Creating prefix script '/home/roboticist/arduinobot_ws/install/local_setup.ps1'
[12.145s] INFO:colcon.colcon_core.shell:Creating prefix util module '/home/roboticist/arduinobot_ws/install/_local_setup_util_ps1.py'
[12.149s] INFO:colcon.colcon_core.shell:Creating prefix chain script '/home/roboticist/arduinobot_ws/install/setup.ps1'
[12.206s] INFO:colcon.colcon_core.shell:Creating prefix script '/home/roboticist/arduinobot_ws/install/local_setup.sh'
[12.208s] INFO:colcon.colcon_core.shell:Creating prefix util module '/home/roboticist/arduinobot_ws/install/_local_setup_util_sh.py'
[12.210s] INFO:colcon.colcon_core.shell:Creating prefix chain script '/home/roboticist/arduinobot_ws/install/setup.sh'
[12.259s] INFO:colcon.colcon_core.shell:Creating prefix script '/home/roboticist/arduinobot_ws/install/local_setup.bash'
[12.262s] INFO:colcon.colcon_core.shell:Creating prefix chain script '/home/roboticist/arduinobot_ws/install/setup.bash'
[12.318s] INFO:colcon.colcon_core.shell:Creating prefix script '/home/roboticist/arduinobot_ws/install/local_setup.zsh'
[12.320s] INFO:colcon.colcon_core.shell:Creating prefix chain script '/home/roboticist/arduinobot_ws/install/setup.zsh'
