[1.623s] Invoking command in '/home/roboticist/arduinobot_ws/build/arduinobot_cpp_examples': CMAKE_PREFIX_PATH=/opt/ros/humble /usr/bin/cmake --build /home/roboticist/arduinobot_ws/build/arduinobot_cpp_examples -- -j2 -l2
[2.732s] -- Found ament_cmake: 1.3.5 (/opt/ros/humble/share/ament_cmake/cmake)
[5.635s] -- Found rclcpp: 16.0.6 (/opt/ros/humble/share/rclcpp/cmake)
[6.554s] -- Found rosidl_generator_c: 3.1.5 (/opt/ros/humble/share/rosidl_generator_c/cmake)
[6.661s] -- Found rosidl_adapter: 3.1.5 (/opt/ros/humble/share/rosidl_adapter/cmake)
[6.869s] -- Found rosidl_generator_cpp: 3.1.5 (/opt/ros/humble/share/rosidl_generator_cpp/cmake)
[7.186s] -- Using all available rosidl_typesupport_c: rosidl_typesupport_fastrtps_c;rosidl_typesupport_introspection_c
[7.563s] -- Using all available rosidl_typesupport_cpp: rosidl_typesupport_fastrtps_cpp;rosidl_typesupport_introspection_cpp
[8.971s] -- Found rmw_implementation_cmake: 6.1.1 (/opt/ros/humble/share/rmw_implementation_cmake/cmake)
[9.001s] -- Found rmw_fastrtps_cpp: 6.2.4 (/opt/ros/humble/share/rmw_fastrtps_cpp/cmake)
[11.015s] -- Using RMW implementation 'rmw_fastrtps_cpp' as default
[13.584s] -- Found ament_lint_auto: 0.12.8 (/opt/ros/humble/share/ament_lint_auto/cmake)
[14.543s] -- Added test 'cppcheck' to perform static code analysis on C / C++ code
[14.544s] -- Configured cppcheck include dirs: 
[14.545s] -- Configured cppcheck exclude dirs and/or files: 
[14.562s] -- Added test 'lint_cmake' to check CMake code style
[14.597s] -- Added test 'uncrustify' to check C / C++ code style
[14.598s] -- Configured uncrustify additional arguments: 
[14.603s] -- Added test 'xmllint' to check XML markup files
[14.647s] -- Configuring done
[15.289s] -- Generating done
[15.349s] -- Build files have been written to: /home/roboticist/arduinobot_ws/build/arduinobot_cpp_examples
[16.170s] [35m[1mConsolidate compiler generated dependencies of target simple_publisher[0m
[16.897s] [ 33%] Built target simple_publisher
[17.194s] [35m[1mConsolidate compiler generated dependencies of target simple_subscriber[0m
[18.122s] [ 50%] [32mBuilding CXX object CMakeFiles/simple_subscriber.dir/src/simple_subscriber.cpp.o[0m
[88.291s] [ 66%] [32m[1mLinking CXX executable simple_subscriber[0m
[92.393s] [ 66%] Built target simple_subscriber
[92.749s] [ 83%] [32mBuilding CXX object CMakeFiles/simple_parameter.dir/src/simple_parameter.cpp.o[0m
[92.885s] [01m[K/home/roboticist/arduinobot_ws/src/arduinobot_cpp_examples/src/simple_parameter.cpp:1:10:[m[K [01;31m[Kfatal error: [m[Krclcpp/rclcpp.hpp: No such file or directory
[92.886s]     1 | #include [01;31m[K<rclcpp/rclcpp.hpp>[m[K
[92.887s]       |          [01;31m[K^~~~~~~~~~~~~~~~~~~[m[K
[92.887s] compilation terminated.
[92.917s] gmake[2]: *** [CMakeFiles/simple_parameter.dir/build.make:76: CMakeFiles/simple_parameter.dir/src/simple_parameter.cpp.o] Error 1
[92.918s] gmake[1]: *** [CMakeFiles/Makefile2:193: CMakeFiles/simple_parameter.dir/all] Error 2
[92.919s] gmake: *** [Makefile:146: all] Error 2
[92.968s] Invoked command in '/home/roboticist/arduinobot_ws/build/arduinobot_cpp_examples' returned '2': CMAKE_PREFIX_PATH=/opt/ros/humble /usr/bin/cmake --build /home/roboticist/arduinobot_ws/build/arduinobot_cpp_examples -- -j2 -l2
