[9.176s] Invoking command in '/home/roboticist/arduinobot_ws/build/arduinobot_py_examples': PYTHONPATH=/home/roboticist/arduinobot_ws/build/arduinobot_py_examples/prefix_override:/home/roboticist/arduinobot_ws/install/arduinobot_py_examples/lib/python3.10/site-packages:${PYTHONPATH} /usr/bin/python3 setup.py develop --editable --build-directory /home/roboticist/arduinobot_ws/build/arduinobot_py_examples/build --no-deps install_data
[10.606s] running develop
[10.617s] /usr/lib/python3/dist-packages/setuptools/command/easy_install.py:158: EasyInstallDeprecationWarning: easy_install command is deprecated. Use build and pip and other standards-based tools.
[10.617s]   warnings.warn(
[10.623s] /usr/lib/python3/dist-packages/setuptools/command/install.py:34: SetuptoolsDeprecationWarning: setup.py install is deprecated. Use build and pip and other standards-based tools.
[10.623s]   warnings.warn(
[11.589s] running egg_info
[11.591s] writing arduinobot_py_examples.egg-info/PKG-INFO
[11.593s] writing dependency_links to arduinobot_py_examples.egg-info/dependency_links.txt
[11.595s] writing entry points to arduinobot_py_examples.egg-info/entry_points.txt
[11.598s] writing requirements to arduinobot_py_examples.egg-info/requires.txt
[11.601s] writing top-level names to arduinobot_py_examples.egg-info/top_level.txt
[11.612s] reading manifest file 'arduinobot_py_examples.egg-info/SOURCES.txt'
[11.618s] writing manifest file 'arduinobot_py_examples.egg-info/SOURCES.txt'
[11.627s] running build_ext
[11.628s] Creating /home/roboticist/arduinobot_ws/install/arduinobot_py_examples/lib/python3.10/site-packages/arduinobot-py-examples.egg-link (link to .)
[11.631s] Installing simple_parameter script to /home/roboticist/arduinobot_ws/install/arduinobot_py_examples/lib/arduinobot_py_examples
[11.632s] Installing simple_publisher script to /home/roboticist/arduinobot_ws/install/arduinobot_py_examples/lib/arduinobot_py_examples
[11.633s] Installing simple_subscriber script to /home/roboticist/arduinobot_ws/install/arduinobot_py_examples/lib/arduinobot_py_examples
[11.634s] 
[11.635s] Installed /home/roboticist/arduinobot_ws/build/arduinobot_py_examples
[11.639s] running install_data
[11.817s] Invoked command in '/home/roboticist/arduinobot_ws/build/arduinobot_py_examples' returned '0': PYTHONPATH=/home/roboticist/arduinobot_ws/build/arduinobot_py_examples/prefix_override:/home/roboticist/arduinobot_ws/install/arduinobot_py_examples/lib/python3.10/site-packages:${PYTHONPATH} /usr/bin/python3 setup.py develop --editable --build-directory /home/roboticist/arduinobot_ws/build/arduinobot_py_examples/build --no-deps install_data
