[2.721s] DEBUG:colcon:Command line arguments: ['/usr/bin/colcon', 'build']
[2.721s] DEBUG:colcon:Parsed command line arguments: Namespace(log_base=None, log_level=None, verb_name='build', build_base='build', install_base='install', merge_install=False, symlink_install=False, test_result_base=None, continue_on_error=False, executor='parallel', parallel_workers=2, event_handlers=None, ignore_user_meta=False, metas=['./colcon.meta'], base_paths=['.'], packages_ignore=None, packages_ignore_regex=None, paths=None, packages_up_to=None, packages_up_to_regex=None, packages_above=None, packages_above_and_dependencies=None, packages_above_depth=None, packages_select_by_dep=None, packages_skip_by_dep=None, packages_skip_up_to=None, packages_select_build_failed=False, packages_skip_build_finished=False, packages_select_test_failures=False, packages_skip_test_passed=False, packages_select=None, packages_skip=None, packages_select_regex=None, packages_skip_regex=None, packages_start=None, packages_end=None, allow_overriding=[], cmake_args=None, cmake_target=None, cmake_target_skip_unavailable=False, cmake_clean_cache=False, cmake_clean_first=False, cmake_force_configure=False, ament_cmake_args=None, catkin_cmake_args=None, catkin_skip_building_tests=False, verb_parser=<colcon_defaults.argument_parser.defaults.DefaultArgumentsDecorator object at 0x7f76da3352a0>, verb_extension=<colcon_core.verb.build.BuildVerb object at 0x7f76da335de0>, main=<bound method BuildVerb.main of <colcon_core.verb.build.BuildVerb object at 0x7f76da335de0>>)
[2.871s] Level 1:colcon.colcon_core.package_discovery:discover_packages(colcon_meta) check parameters
[2.871s] Level 1:colcon.colcon_core.package_discovery:discover_packages(recursive) check parameters
[2.871s] Level 1:colcon.colcon_core.package_discovery:discover_packages(ignore) check parameters
[2.871s] Level 1:colcon.colcon_core.package_discovery:discover_packages(path) check parameters
[2.871s] Level 1:colcon.colcon_core.package_discovery:discover_packages(colcon_meta) discover
[2.871s] Level 1:colcon.colcon_core.package_discovery:discover_packages(recursive) discover
[2.871s] INFO:colcon.colcon_core.package_discovery:Crawling recursively for packages in '/home/roboticist/arduinobot_ws'
[2.871s] Level 1:colcon.colcon_core.package_identification:_identify(.) by extensions ['ignore', 'ignore_ament_install']
[2.871s] Level 1:colcon.colcon_core.package_identification:_identify(.) by extension 'ignore'
[2.872s] Level 1:colcon.colcon_core.package_identification:_identify(.) by extension 'ignore_ament_install'
[2.872s] Level 1:colcon.colcon_core.package_identification:_identify(.) by extensions ['colcon_pkg']
[2.872s] Level 1:colcon.colcon_core.package_identification:_identify(.) by extension 'colcon_pkg'
[2.872s] Level 1:colcon.colcon_core.package_identification:_identify(.) by extensions ['colcon_meta']
[2.872s] Level 1:colcon.colcon_core.package_identification:_identify(.) by extension 'colcon_meta'
[2.872s] Level 1:colcon.colcon_core.package_identification:_identify(.) by extensions ['ros']
[2.872s] Level 1:colcon.colcon_core.package_identification:_identify(.) by extension 'ros'
[2.913s] Level 1:colcon.colcon_core.package_identification:_identify(.) by extensions ['cmake', 'python']
[2.913s] Level 1:colcon.colcon_core.package_identification:_identify(.) by extension 'cmake'
[2.913s] Level 1:colcon.colcon_core.package_identification:_identify(.) by extension 'python'
[2.913s] Level 1:colcon.colcon_core.package_identification:_identify(.) by extensions ['python_setup_py']
[2.913s] Level 1:colcon.colcon_core.package_identification:_identify(.) by extension 'python_setup_py'
[2.913s] Level 1:colcon.colcon_core.package_identification:_identify(build) by extensions ['ignore', 'ignore_ament_install']
[2.914s] Level 1:colcon.colcon_core.package_identification:_identify(build) by extension 'ignore'
[2.914s] Level 1:colcon.colcon_core.package_identification:_identify(build) ignored
[2.914s] Level 1:colcon.colcon_core.package_identification:_identify(install) by extensions ['ignore', 'ignore_ament_install']
[2.914s] Level 1:colcon.colcon_core.package_identification:_identify(install) by extension 'ignore'
[2.914s] Level 1:colcon.colcon_core.package_identification:_identify(install) ignored
[2.914s] Level 1:colcon.colcon_core.package_identification:_identify(log) by extensions ['ignore', 'ignore_ament_install']
[2.914s] Level 1:colcon.colcon_core.package_identification:_identify(log) by extension 'ignore'
[2.914s] Level 1:colcon.colcon_core.package_identification:_identify(log) ignored
[2.915s] Level 1:colcon.colcon_core.package_identification:_identify(src) by extensions ['ignore', 'ignore_ament_install']
[2.915s] Level 1:colcon.colcon_core.package_identification:_identify(src) by extension 'ignore'
[2.915s] Level 1:colcon.colcon_core.package_identification:_identify(src) by extension 'ignore_ament_install'
[2.915s] Level 1:colcon.colcon_core.package_identification:_identify(src) by extensions ['colcon_pkg']
[2.915s] Level 1:colcon.colcon_core.package_identification:_identify(src) by extension 'colcon_pkg'
[2.915s] Level 1:colcon.colcon_core.package_identification:_identify(src) by extensions ['colcon_meta']
[2.915s] Level 1:colcon.colcon_core.package_identification:_identify(src) by extension 'colcon_meta'
[2.915s] Level 1:colcon.colcon_core.package_identification:_identify(src) by extensions ['ros']
[2.915s] Level 1:colcon.colcon_core.package_identification:_identify(src) by extension 'ros'
[2.915s] Level 1:colcon.colcon_core.package_identification:_identify(src) by extensions ['cmake', 'python']
[2.915s] Level 1:colcon.colcon_core.package_identification:_identify(src) by extension 'cmake'
[2.915s] Level 1:colcon.colcon_core.package_identification:_identify(src) by extension 'python'
[2.915s] Level 1:colcon.colcon_core.package_identification:_identify(src) by extensions ['python_setup_py']
[2.915s] Level 1:colcon.colcon_core.package_identification:_identify(src) by extension 'python_setup_py'
[2.916s] Level 1:colcon.colcon_core.package_identification:_identify(src/arduinobot_cpp_examples) by extensions ['ignore', 'ignore_ament_install']
[2.916s] Level 1:colcon.colcon_core.package_identification:_identify(src/arduinobot_cpp_examples) by extension 'ignore'
[2.916s] Level 1:colcon.colcon_core.package_identification:_identify(src/arduinobot_cpp_examples) by extension 'ignore_ament_install'
[2.916s] Level 1:colcon.colcon_core.package_identification:_identify(src/arduinobot_cpp_examples) by extensions ['colcon_pkg']
[2.916s] Level 1:colcon.colcon_core.package_identification:_identify(src/arduinobot_cpp_examples) by extension 'colcon_pkg'
[2.916s] Level 1:colcon.colcon_core.package_identification:_identify(src/arduinobot_cpp_examples) by extensions ['colcon_meta']
[2.916s] Level 1:colcon.colcon_core.package_identification:_identify(src/arduinobot_cpp_examples) by extension 'colcon_meta'
[2.916s] Level 1:colcon.colcon_core.package_identification:_identify(src/arduinobot_cpp_examples) by extensions ['ros']
[2.916s] Level 1:colcon.colcon_core.package_identification:_identify(src/arduinobot_cpp_examples) by extension 'ros'
[2.922s] DEBUG:colcon.colcon_core.package_identification:Package 'src/arduinobot_cpp_examples' with type 'ros.ament_cmake' and name 'arduinobot_cpp_examples'
[2.922s] Level 1:colcon.colcon_core.package_identification:_identify(src/arduinobot_description) by extensions ['ignore', 'ignore_ament_install']
[2.923s] Level 1:colcon.colcon_core.package_identification:_identify(src/arduinobot_description) by extension 'ignore'
[2.923s] Level 1:colcon.colcon_core.package_identification:_identify(src/arduinobot_description) by extension 'ignore_ament_install'
[2.923s] Level 1:colcon.colcon_core.package_identification:_identify(src/arduinobot_description) by extensions ['colcon_pkg']
[2.924s] Level 1:colcon.colcon_core.package_identification:_identify(src/arduinobot_description) by extension 'colcon_pkg'
[2.924s] Level 1:colcon.colcon_core.package_identification:_identify(src/arduinobot_description) by extensions ['colcon_meta']
[2.925s] Level 1:colcon.colcon_core.package_identification:_identify(src/arduinobot_description) by extension 'colcon_meta'
[2.925s] Level 1:colcon.colcon_core.package_identification:_identify(src/arduinobot_description) by extensions ['ros']
[2.925s] Level 1:colcon.colcon_core.package_identification:_identify(src/arduinobot_description) by extension 'ros'
[2.928s] DEBUG:colcon.colcon_core.package_identification:Package 'src/arduinobot_description' with type 'ros.ament_cmake' and name 'arduinobot_description'
[2.929s] Level 1:colcon.colcon_core.package_identification:_identify(src/arduinobot_py_examples) by extensions ['ignore', 'ignore_ament_install']
[2.929s] Level 1:colcon.colcon_core.package_identification:_identify(src/arduinobot_py_examples) by extension 'ignore'
[2.929s] Level 1:colcon.colcon_core.package_identification:_identify(src/arduinobot_py_examples) by extension 'ignore_ament_install'
[2.930s] Level 1:colcon.colcon_core.package_identification:_identify(src/arduinobot_py_examples) by extensions ['colcon_pkg']
[2.930s] Level 1:colcon.colcon_core.package_identification:_identify(src/arduinobot_py_examples) by extension 'colcon_pkg'
[2.930s] Level 1:colcon.colcon_core.package_identification:_identify(src/arduinobot_py_examples) by extensions ['colcon_meta']
[2.930s] Level 1:colcon.colcon_core.package_identification:_identify(src/arduinobot_py_examples) by extension 'colcon_meta'
[2.930s] Level 1:colcon.colcon_core.package_identification:_identify(src/arduinobot_py_examples) by extensions ['ros']
[2.930s] Level 1:colcon.colcon_core.package_identification:_identify(src/arduinobot_py_examples) by extension 'ros'
[2.931s] DEBUG:colcon.colcon_core.package_identification:Package 'src/arduinobot_py_examples' with type 'ros.ament_python' and name 'arduinobot_py_examples'
[2.931s] Level 1:colcon.colcon_core.package_discovery:discover_packages(recursive) using defaults
[2.931s] Level 1:colcon.colcon_core.package_discovery:discover_packages(ignore) discover
[2.931s] Level 1:colcon.colcon_core.package_discovery:discover_packages(ignore) using defaults
[2.931s] Level 1:colcon.colcon_core.package_discovery:discover_packages(path) discover
[2.931s] Level 1:colcon.colcon_core.package_discovery:discover_packages(path) using defaults
[3.233s] Level 1:colcon.colcon_core.package_discovery:discover_packages(prefix_path) check parameters
[3.233s] Level 1:colcon.colcon_core.package_discovery:discover_packages(prefix_path) discover
[3.312s] DEBUG:colcon.colcon_installed_package_information.package_discovery:Found 353 installed packages in /opt/ros/humble
[3.319s] Level 1:colcon.colcon_core.package_discovery:discover_packages(prefix_path) using defaults
[3.625s] Level 5:colcon.colcon_core.verb:set package 'arduinobot_cpp_examples' build argument 'cmake_args' from command line to 'None'
[3.625s] Level 5:colcon.colcon_core.verb:set package 'arduinobot_cpp_examples' build argument 'cmake_target' from command line to 'None'
[3.625s] Level 5:colcon.colcon_core.verb:set package 'arduinobot_cpp_examples' build argument 'cmake_target_skip_unavailable' from command line to 'False'
[3.625s] Level 5:colcon.colcon_core.verb:set package 'arduinobot_cpp_examples' build argument 'cmake_clean_cache' from command line to 'False'
[3.625s] Level 5:colcon.colcon_core.verb:set package 'arduinobot_cpp_examples' build argument 'cmake_clean_first' from command line to 'False'
[3.626s] Level 5:colcon.colcon_core.verb:set package 'arduinobot_cpp_examples' build argument 'cmake_force_configure' from command line to 'False'
[3.626s] Level 5:colcon.colcon_core.verb:set package 'arduinobot_cpp_examples' build argument 'ament_cmake_args' from command line to 'None'
[3.626s] Level 5:colcon.colcon_core.verb:set package 'arduinobot_cpp_examples' build argument 'catkin_cmake_args' from command line to 'None'
[3.626s] Level 5:colcon.colcon_core.verb:set package 'arduinobot_cpp_examples' build argument 'catkin_skip_building_tests' from command line to 'False'
[3.626s] DEBUG:colcon.colcon_core.verb:Building package 'arduinobot_cpp_examples' with the following arguments: {'ament_cmake_args': None, 'build_base': '/home/roboticist/arduinobot_ws/build/arduinobot_cpp_examples', 'catkin_cmake_args': None, 'catkin_skip_building_tests': False, 'cmake_args': None, 'cmake_clean_cache': False, 'cmake_clean_first': False, 'cmake_force_configure': False, 'cmake_target': None, 'cmake_target_skip_unavailable': False, 'install_base': '/home/roboticist/arduinobot_ws/install/arduinobot_cpp_examples', 'merge_install': False, 'path': '/home/roboticist/arduinobot_ws/src/arduinobot_cpp_examples', 'symlink_install': False, 'test_result_base': None}
[3.662s] Level 5:colcon.colcon_core.verb:set package 'arduinobot_description' build argument 'cmake_args' from command line to 'None'
[3.662s] Level 5:colcon.colcon_core.verb:set package 'arduinobot_description' build argument 'cmake_target' from command line to 'None'
[3.662s] Level 5:colcon.colcon_core.verb:set package 'arduinobot_description' build argument 'cmake_target_skip_unavailable' from command line to 'False'
[3.662s] Level 5:colcon.colcon_core.verb:set package 'arduinobot_description' build argument 'cmake_clean_cache' from command line to 'False'
[3.662s] Level 5:colcon.colcon_core.verb:set package 'arduinobot_description' build argument 'cmake_clean_first' from command line to 'False'
[3.662s] Level 5:colcon.colcon_core.verb:set package 'arduinobot_description' build argument 'cmake_force_configure' from command line to 'False'
[3.662s] Level 5:colcon.colcon_core.verb:set package 'arduinobot_description' build argument 'ament_cmake_args' from command line to 'None'
[3.662s] Level 5:colcon.colcon_core.verb:set package 'arduinobot_description' build argument 'catkin_cmake_args' from command line to 'None'
[3.662s] Level 5:colcon.colcon_core.verb:set package 'arduinobot_description' build argument 'catkin_skip_building_tests' from command line to 'False'
[3.662s] DEBUG:colcon.colcon_core.verb:Building package 'arduinobot_description' with the following arguments: {'ament_cmake_args': None, 'build_base': '/home/roboticist/arduinobot_ws/build/arduinobot_description', 'catkin_cmake_args': None, 'catkin_skip_building_tests': False, 'cmake_args': None, 'cmake_clean_cache': False, 'cmake_clean_first': False, 'cmake_force_configure': False, 'cmake_target': None, 'cmake_target_skip_unavailable': False, 'install_base': '/home/roboticist/arduinobot_ws/install/arduinobot_description', 'merge_install': False, 'path': '/home/roboticist/arduinobot_ws/src/arduinobot_description', 'symlink_install': False, 'test_result_base': None}
[3.698s] Level 5:colcon.colcon_core.verb:set package 'arduinobot_py_examples' build argument 'cmake_args' from command line to 'None'
[3.698s] Level 5:colcon.colcon_core.verb:set package 'arduinobot_py_examples' build argument 'cmake_target' from command line to 'None'
[3.698s] Level 5:colcon.colcon_core.verb:set package 'arduinobot_py_examples' build argument 'cmake_target_skip_unavailable' from command line to 'False'
[3.698s] Level 5:colcon.colcon_core.verb:set package 'arduinobot_py_examples' build argument 'cmake_clean_cache' from command line to 'False'
[3.698s] Level 5:colcon.colcon_core.verb:set package 'arduinobot_py_examples' build argument 'cmake_clean_first' from command line to 'False'
[3.698s] Level 5:colcon.colcon_core.verb:set package 'arduinobot_py_examples' build argument 'cmake_force_configure' from command line to 'False'
[3.698s] Level 5:colcon.colcon_core.verb:set package 'arduinobot_py_examples' build argument 'ament_cmake_args' from command line to 'None'
[3.698s] Level 5:colcon.colcon_core.verb:set package 'arduinobot_py_examples' build argument 'catkin_cmake_args' from command line to 'None'
[3.698s] Level 5:colcon.colcon_core.verb:set package 'arduinobot_py_examples' build argument 'catkin_skip_building_tests' from command line to 'False'
[3.698s] DEBUG:colcon.colcon_core.verb:Building package 'arduinobot_py_examples' with the following arguments: {'ament_cmake_args': None, 'build_base': '/home/roboticist/arduinobot_ws/build/arduinobot_py_examples', 'catkin_cmake_args': None, 'catkin_skip_building_tests': False, 'cmake_args': None, 'cmake_clean_cache': False, 'cmake_clean_first': False, 'cmake_force_configure': False, 'cmake_target': None, 'cmake_target_skip_unavailable': False, 'install_base': '/home/roboticist/arduinobot_ws/install/arduinobot_py_examples', 'merge_install': False, 'path': '/home/roboticist/arduinobot_ws/src/arduinobot_py_examples', 'symlink_install': False, 'test_result_base': None}
[3.729s] INFO:colcon.colcon_core.executor:Executing jobs using 'parallel' executor
[3.756s] DEBUG:colcon.colcon_parallel_executor.executor.parallel:run_until_complete
[3.757s] INFO:colcon.colcon_ros.task.ament_cmake.build:Building ROS package in '/home/roboticist/arduinobot_ws/src/arduinobot_cpp_examples' with build type 'ament_cmake'
[3.757s] INFO:colcon.colcon_cmake.task.cmake.build:Building CMake package in '/home/roboticist/arduinobot_ws/src/arduinobot_cpp_examples'
[3.814s] INFO:colcon.colcon_core.plugin_system:Skipping extension 'colcon_core.shell.bat': Not used on non-Windows systems
[3.815s] INFO:colcon.colcon_core.shell:Skip shell extension 'powershell' for command environment: Not usable outside of PowerShell
[3.815s] DEBUG:colcon.colcon_core.shell:Skip shell extension 'dsv' for command environment
[3.906s] INFO:colcon.colcon_ros.task.ament_cmake.build:Building ROS package in '/home/roboticist/arduinobot_ws/src/arduinobot_description' with build type 'ament_cmake'
[3.906s] INFO:colcon.colcon_cmake.task.cmake.build:Building CMake package in '/home/roboticist/arduinobot_ws/src/arduinobot_description'
[3.969s] INFO:colcon.colcon_core.shell:Skip shell extension 'powershell' for command environment: Not usable outside of PowerShell
[3.969s] DEBUG:colcon.colcon_core.shell:Skip shell extension 'dsv' for command environment
[4.077s] DEBUG:colcon.colcon_core.event_handler.log_command:Invoking command in '/home/roboticist/arduinobot_ws/build/arduinobot_cpp_examples': CMAKE_PREFIX_PATH=/opt/ros/humble /usr/bin/cmake --build /home/roboticist/arduinobot_ws/build/arduinobot_cpp_examples -- -j2 -l2
[4.126s] DEBUG:colcon.colcon_core.event_handler.log_command:Invoking command in '/home/roboticist/arduinobot_ws/build/arduinobot_description': CMAKE_PREFIX_PATH=/opt/ros/humble /usr/bin/cmake --build /home/roboticist/arduinobot_ws/build/arduinobot_description -- -j2 -l2
[4.608s] DEBUG:colcon.colcon_core.event_handler.log_command:Invoked command in '/home/roboticist/arduinobot_ws/build/arduinobot_description' returned '0': CMAKE_PREFIX_PATH=/opt/ros/humble /usr/bin/cmake --build /home/roboticist/arduinobot_ws/build/arduinobot_description -- -j2 -l2
[4.911s] DEBUG:colcon.colcon_core.event_handler.log_command:Invoking command in '/home/roboticist/arduinobot_ws/build/arduinobot_description': CMAKE_PREFIX_PATH=/opt/ros/humble /usr/bin/cmake --install /home/roboticist/arduinobot_ws/build/arduinobot_description
[5.059s] Level 1:colcon.colcon_core.environment:create_environment_scripts_only(arduinobot_description)
[5.060s] DEBUG:colcon.colcon_core.event_handler.log_command:Invoked command in '/home/roboticist/arduinobot_ws/build/arduinobot_description' returned '0': CMAKE_PREFIX_PATH=/opt/ros/humble /usr/bin/cmake --install /home/roboticist/arduinobot_ws/build/arduinobot_description
[5.178s] Level 1:colcon.colcon_core.environment:checking '/home/roboticist/arduinobot_ws/install/arduinobot_description' for CMake module files
[5.179s] Level 1:colcon.colcon_core.environment:checking '/home/roboticist/arduinobot_ws/install/arduinobot_description' for CMake config files
[5.186s] Level 1:colcon.colcon_core.shell:create_environment_hook('arduinobot_description', 'cmake_prefix_path')
[5.228s] INFO:colcon.colcon_core.shell:Creating environment hook '/home/roboticist/arduinobot_ws/install/arduinobot_description/share/arduinobot_description/hook/cmake_prefix_path.ps1'
[5.231s] INFO:colcon.colcon_core.shell:Creating environment descriptor '/home/roboticist/arduinobot_ws/install/arduinobot_description/share/arduinobot_description/hook/cmake_prefix_path.dsv'
[5.232s] INFO:colcon.colcon_core.shell:Creating environment hook '/home/roboticist/arduinobot_ws/install/arduinobot_description/share/arduinobot_description/hook/cmake_prefix_path.sh'
[5.234s] Level 1:colcon.colcon_core.environment:checking '/home/roboticist/arduinobot_ws/install/arduinobot_description/bin'
[5.244s] Level 1:colcon.colcon_core.environment:checking '/home/roboticist/arduinobot_ws/install/arduinobot_description/lib/pkgconfig/arduinobot_description.pc'
[5.245s] Level 1:colcon.colcon_core.environment:checking '/home/roboticist/arduinobot_ws/install/arduinobot_description/lib/python3.10/site-packages'
[5.246s] Level 1:colcon.colcon_core.environment:checking '/home/roboticist/arduinobot_ws/install/arduinobot_description/bin'
[5.320s] INFO:colcon.colcon_core.shell:Creating package script '/home/roboticist/arduinobot_ws/install/arduinobot_description/share/arduinobot_description/package.ps1'
[5.322s] INFO:colcon.colcon_core.shell:Creating package descriptor '/home/roboticist/arduinobot_ws/install/arduinobot_description/share/arduinobot_description/package.dsv'
[5.324s] INFO:colcon.colcon_core.shell:Creating package script '/home/roboticist/arduinobot_ws/install/arduinobot_description/share/arduinobot_description/package.sh'
[5.328s] INFO:colcon.colcon_core.shell:Creating package script '/home/roboticist/arduinobot_ws/install/arduinobot_description/share/arduinobot_description/package.bash'
[5.341s] INFO:colcon.colcon_core.shell:Creating package script '/home/roboticist/arduinobot_ws/install/arduinobot_description/share/arduinobot_description/package.zsh'
[5.344s] Level 1:colcon.colcon_core.environment:create_file_with_runtime_dependencies(/home/roboticist/arduinobot_ws/install/arduinobot_description/share/colcon-core/packages/arduinobot_description)
[5.357s] DEBUG:colcon.colcon_core.event_handler.log_command:Invoked command in '/home/roboticist/arduinobot_ws/build/arduinobot_cpp_examples' returned '0': CMAKE_PREFIX_PATH=/opt/ros/humble /usr/bin/cmake --build /home/roboticist/arduinobot_ws/build/arduinobot_cpp_examples -- -j2 -l2
[5.579s] Level 1:colcon.colcon_core.environment:create_environment_scripts_only(arduinobot_description)
[5.613s] Level 1:colcon.colcon_core.environment:checking '/home/roboticist/arduinobot_ws/install/arduinobot_description' for CMake module files
[5.619s] Level 1:colcon.colcon_core.environment:checking '/home/roboticist/arduinobot_ws/install/arduinobot_description' for CMake config files
[5.619s] Level 1:colcon.colcon_core.shell:create_environment_hook('arduinobot_description', 'cmake_prefix_path')
[5.677s] INFO:colcon.colcon_core.shell:Creating environment hook '/home/roboticist/arduinobot_ws/install/arduinobot_description/share/arduinobot_description/hook/cmake_prefix_path.ps1'
[5.678s] INFO:colcon.colcon_core.shell:Creating environment descriptor '/home/roboticist/arduinobot_ws/install/arduinobot_description/share/arduinobot_description/hook/cmake_prefix_path.dsv'
[5.679s] INFO:colcon.colcon_core.shell:Creating environment hook '/home/roboticist/arduinobot_ws/install/arduinobot_description/share/arduinobot_description/hook/cmake_prefix_path.sh'
[5.683s] Level 1:colcon.colcon_core.environment:checking '/home/roboticist/arduinobot_ws/install/arduinobot_description/bin'
[5.683s] Level 1:colcon.colcon_core.environment:checking '/home/roboticist/arduinobot_ws/install/arduinobot_description/lib/pkgconfig/arduinobot_description.pc'
[5.684s] Level 1:colcon.colcon_core.environment:checking '/home/roboticist/arduinobot_ws/install/arduinobot_description/lib/python3.10/site-packages'
[5.685s] Level 1:colcon.colcon_core.environment:checking '/home/roboticist/arduinobot_ws/install/arduinobot_description/bin'
[5.744s] INFO:colcon.colcon_core.shell:Creating package script '/home/roboticist/arduinobot_ws/install/arduinobot_description/share/arduinobot_description/package.ps1'
[5.746s] INFO:colcon.colcon_core.shell:Creating package descriptor '/home/roboticist/arduinobot_ws/install/arduinobot_description/share/arduinobot_description/package.dsv'
[5.749s] INFO:colcon.colcon_core.shell:Creating package script '/home/roboticist/arduinobot_ws/install/arduinobot_description/share/arduinobot_description/package.sh'
[5.751s] INFO:colcon.colcon_core.shell:Creating package script '/home/roboticist/arduinobot_ws/install/arduinobot_description/share/arduinobot_description/package.bash'
[5.754s] INFO:colcon.colcon_core.shell:Creating package script '/home/roboticist/arduinobot_ws/install/arduinobot_description/share/arduinobot_description/package.zsh'
[5.757s] Level 1:colcon.colcon_core.environment:create_file_with_runtime_dependencies(/home/roboticist/arduinobot_ws/install/arduinobot_description/share/colcon-core/packages/arduinobot_description)
[5.761s] INFO:colcon.colcon_ros.task.ament_python.build:Building ROS package in '/home/roboticist/arduinobot_ws/src/arduinobot_py_examples' with build type 'ament_python'
[5.762s] Level 1:colcon.colcon_core.shell:create_environment_hook('arduinobot_py_examples', 'ament_prefix_path')
[5.792s] INFO:colcon.colcon_core.shell:Creating environment hook '/home/roboticist/arduinobot_ws/install/arduinobot_py_examples/share/arduinobot_py_examples/hook/ament_prefix_path.ps1'
[5.793s] INFO:colcon.colcon_core.shell:Creating environment descriptor '/home/roboticist/arduinobot_ws/install/arduinobot_py_examples/share/arduinobot_py_examples/hook/ament_prefix_path.dsv'
[5.794s] INFO:colcon.colcon_core.shell:Creating environment hook '/home/roboticist/arduinobot_ws/install/arduinobot_py_examples/share/arduinobot_py_examples/hook/ament_prefix_path.sh'
[5.838s] INFO:colcon.colcon_core.shell:Skip shell extension 'powershell' for command environment: Not usable outside of PowerShell
[5.838s] DEBUG:colcon.colcon_core.shell:Skip shell extension 'dsv' for command environment
[5.908s] DEBUG:colcon.colcon_core.event_handler.log_command:Invoking command in '/home/roboticist/arduinobot_ws/build/arduinobot_cpp_examples': CMAKE_PREFIX_PATH=/opt/ros/humble /usr/bin/cmake --install /home/roboticist/arduinobot_ws/build/arduinobot_cpp_examples
[6.638s] INFO:colcon.colcon_core.task.python.build:Building Python package in '/home/roboticist/arduinobot_ws/src/arduinobot_py_examples'
[6.690s] INFO:colcon.colcon_core.shell:Skip shell extension 'powershell' for command environment: Not usable outside of PowerShell
[6.690s] DEBUG:colcon.colcon_core.shell:Skip shell extension 'dsv' for command environment
[6.786s] Level 1:colcon.colcon_core.environment:create_environment_scripts_only(arduinobot_cpp_examples)
[6.788s] DEBUG:colcon.colcon_core.event_handler.log_command:Invoked command in '/home/roboticist/arduinobot_ws/build/arduinobot_cpp_examples' returned '0': CMAKE_PREFIX_PATH=/opt/ros/humble /usr/bin/cmake --install /home/roboticist/arduinobot_ws/build/arduinobot_cpp_examples
[6.821s] Level 1:colcon.colcon_core.environment:checking '/home/roboticist/arduinobot_ws/install/arduinobot_cpp_examples' for CMake module files
[6.822s] Level 1:colcon.colcon_core.environment:checking '/home/roboticist/arduinobot_ws/install/arduinobot_cpp_examples' for CMake config files
[6.823s] Level 1:colcon.colcon_core.shell:create_environment_hook('arduinobot_cpp_examples', 'cmake_prefix_path')
[6.852s] INFO:colcon.colcon_core.shell:Creating environment hook '/home/roboticist/arduinobot_ws/install/arduinobot_cpp_examples/share/arduinobot_cpp_examples/hook/cmake_prefix_path.ps1'
[6.854s] INFO:colcon.colcon_core.shell:Creating environment descriptor '/home/roboticist/arduinobot_ws/install/arduinobot_cpp_examples/share/arduinobot_cpp_examples/hook/cmake_prefix_path.dsv'
[6.855s] INFO:colcon.colcon_core.shell:Creating environment hook '/home/roboticist/arduinobot_ws/install/arduinobot_cpp_examples/share/arduinobot_cpp_examples/hook/cmake_prefix_path.sh'
[6.857s] Level 1:colcon.colcon_core.environment:checking '/home/roboticist/arduinobot_ws/install/arduinobot_cpp_examples/lib'
[6.857s] Level 1:colcon.colcon_core.environment:checking '/home/roboticist/arduinobot_ws/install/arduinobot_cpp_examples/bin'
[6.857s] Level 1:colcon.colcon_core.environment:checking '/home/roboticist/arduinobot_ws/install/arduinobot_cpp_examples/lib/pkgconfig/arduinobot_cpp_examples.pc'
[6.858s] Level 1:colcon.colcon_core.environment:checking '/home/roboticist/arduinobot_ws/install/arduinobot_cpp_examples/lib/python3.10/site-packages'
[6.858s] Level 1:colcon.colcon_core.environment:checking '/home/roboticist/arduinobot_ws/install/arduinobot_cpp_examples/bin'
[6.886s] INFO:colcon.colcon_core.shell:Creating package script '/home/roboticist/arduinobot_ws/install/arduinobot_cpp_examples/share/arduinobot_cpp_examples/package.ps1'
[6.889s] INFO:colcon.colcon_core.shell:Creating package descriptor '/home/roboticist/arduinobot_ws/install/arduinobot_cpp_examples/share/arduinobot_cpp_examples/package.dsv'
[6.891s] INFO:colcon.colcon_core.shell:Creating package script '/home/roboticist/arduinobot_ws/install/arduinobot_cpp_examples/share/arduinobot_cpp_examples/package.sh'
[6.893s] INFO:colcon.colcon_core.shell:Creating package script '/home/roboticist/arduinobot_ws/install/arduinobot_cpp_examples/share/arduinobot_cpp_examples/package.bash'
[6.894s] INFO:colcon.colcon_core.shell:Creating package script '/home/roboticist/arduinobot_ws/install/arduinobot_cpp_examples/share/arduinobot_cpp_examples/package.zsh'
[6.895s] Level 1:colcon.colcon_core.environment:create_file_with_runtime_dependencies(/home/roboticist/arduinobot_ws/install/arduinobot_cpp_examples/share/colcon-core/packages/arduinobot_cpp_examples)
[7.282s] Level 1:colcon.colcon_core.environment:create_environment_scripts_only(arduinobot_cpp_examples)
[7.377s] Level 1:colcon.colcon_core.environment:checking '/home/roboticist/arduinobot_ws/install/arduinobot_cpp_examples' for CMake module files
[7.377s] Level 1:colcon.colcon_core.environment:checking '/home/roboticist/arduinobot_ws/install/arduinobot_cpp_examples' for CMake config files
[7.378s] Level 1:colcon.colcon_core.shell:create_environment_hook('arduinobot_cpp_examples', 'cmake_prefix_path')
[7.434s] INFO:colcon.colcon_core.shell:Creating environment hook '/home/roboticist/arduinobot_ws/install/arduinobot_cpp_examples/share/arduinobot_cpp_examples/hook/cmake_prefix_path.ps1'
[7.435s] INFO:colcon.colcon_core.shell:Creating environment descriptor '/home/roboticist/arduinobot_ws/install/arduinobot_cpp_examples/share/arduinobot_cpp_examples/hook/cmake_prefix_path.dsv'
[7.441s] INFO:colcon.colcon_core.shell:Creating environment hook '/home/roboticist/arduinobot_ws/install/arduinobot_cpp_examples/share/arduinobot_cpp_examples/hook/cmake_prefix_path.sh'
[7.450s] Level 1:colcon.colcon_core.environment:checking '/home/roboticist/arduinobot_ws/install/arduinobot_cpp_examples/lib'
[7.451s] Level 1:colcon.colcon_core.environment:checking '/home/roboticist/arduinobot_ws/install/arduinobot_cpp_examples/bin'
[7.453s] Level 1:colcon.colcon_core.environment:checking '/home/roboticist/arduinobot_ws/install/arduinobot_cpp_examples/lib/pkgconfig/arduinobot_cpp_examples.pc'
[7.455s] Level 1:colcon.colcon_core.environment:checking '/home/roboticist/arduinobot_ws/install/arduinobot_cpp_examples/lib/python3.10/site-packages'
[7.457s] Level 1:colcon.colcon_core.environment:checking '/home/roboticist/arduinobot_ws/install/arduinobot_cpp_examples/bin'
[7.518s] INFO:colcon.colcon_core.shell:Creating package script '/home/roboticist/arduinobot_ws/install/arduinobot_cpp_examples/share/arduinobot_cpp_examples/package.ps1'
[7.521s] INFO:colcon.colcon_core.shell:Creating package descriptor '/home/roboticist/arduinobot_ws/install/arduinobot_cpp_examples/share/arduinobot_cpp_examples/package.dsv'
[7.526s] INFO:colcon.colcon_core.shell:Creating package script '/home/roboticist/arduinobot_ws/install/arduinobot_cpp_examples/share/arduinobot_cpp_examples/package.sh'
[7.529s] INFO:colcon.colcon_core.shell:Creating package script '/home/roboticist/arduinobot_ws/install/arduinobot_cpp_examples/share/arduinobot_cpp_examples/package.bash'
[7.531s] INFO:colcon.colcon_core.shell:Creating package script '/home/roboticist/arduinobot_ws/install/arduinobot_cpp_examples/share/arduinobot_cpp_examples/package.zsh'
[7.533s] Level 1:colcon.colcon_core.environment:create_file_with_runtime_dependencies(/home/roboticist/arduinobot_ws/install/arduinobot_cpp_examples/share/colcon-core/packages/arduinobot_cpp_examples)
[8.708s] DEBUG:colcon.colcon_core.event_handler.log_command:Invoking command in '/home/roboticist/arduinobot_ws/src/arduinobot_py_examples': PYTHONPATH=/home/roboticist/arduinobot_ws/build/arduinobot_py_examples/prefix_override:/home/roboticist/arduinobot_ws/install/arduinobot_py_examples/lib/python3.10/site-packages:${PYTHONPATH} /usr/bin/python3 setup.py egg_info --egg-base ../../build/arduinobot_py_examples build --build-base /home/roboticist/arduinobot_ws/build/arduinobot_py_examples/build install --record /home/roboticist/arduinobot_ws/build/arduinobot_py_examples/install.log --single-version-externally-managed
[9.355s] DEBUG:colcon.colcon_core.event_handler.log_command:Invoked command in '/home/roboticist/arduinobot_ws/src/arduinobot_py_examples' returned '0': PYTHONPATH=/home/roboticist/arduinobot_ws/build/arduinobot_py_examples/prefix_override:/home/roboticist/arduinobot_ws/install/arduinobot_py_examples/lib/python3.10/site-packages:${PYTHONPATH} /usr/bin/python3 setup.py egg_info --egg-base ../../build/arduinobot_py_examples build --build-base /home/roboticist/arduinobot_ws/build/arduinobot_py_examples/build install --record /home/roboticist/arduinobot_ws/build/arduinobot_py_examples/install.log --single-version-externally-managed
[9.393s] Level 1:colcon.colcon_core.environment:checking '/home/roboticist/arduinobot_ws/install/arduinobot_py_examples' for CMake module files
[9.395s] Level 1:colcon.colcon_core.environment:checking '/home/roboticist/arduinobot_ws/install/arduinobot_py_examples' for CMake config files
[9.404s] Level 1:colcon.colcon_core.environment:checking '/home/roboticist/arduinobot_ws/install/arduinobot_py_examples/lib'
[9.404s] Level 1:colcon.colcon_core.environment:checking '/home/roboticist/arduinobot_ws/install/arduinobot_py_examples/bin'
[9.405s] Level 1:colcon.colcon_core.environment:checking '/home/roboticist/arduinobot_ws/install/arduinobot_py_examples/lib/pkgconfig/arduinobot_py_examples.pc'
[9.406s] Level 1:colcon.colcon_core.environment:checking '/home/roboticist/arduinobot_ws/install/arduinobot_py_examples/lib/python3.10/site-packages'
[9.406s] Level 1:colcon.colcon_core.shell:create_environment_hook('arduinobot_py_examples', 'pythonpath')
[9.451s] INFO:colcon.colcon_core.shell:Creating environment hook '/home/roboticist/arduinobot_ws/install/arduinobot_py_examples/share/arduinobot_py_examples/hook/pythonpath.ps1'
[9.454s] INFO:colcon.colcon_core.shell:Creating environment descriptor '/home/roboticist/arduinobot_ws/install/arduinobot_py_examples/share/arduinobot_py_examples/hook/pythonpath.dsv'
[9.455s] INFO:colcon.colcon_core.shell:Creating environment hook '/home/roboticist/arduinobot_ws/install/arduinobot_py_examples/share/arduinobot_py_examples/hook/pythonpath.sh'
[9.456s] Level 1:colcon.colcon_core.environment:checking '/home/roboticist/arduinobot_ws/install/arduinobot_py_examples/bin'
[9.457s] Level 1:colcon.colcon_core.environment:create_environment_scripts_only(arduinobot_py_examples)
[9.503s] INFO:colcon.colcon_core.shell:Creating package script '/home/roboticist/arduinobot_ws/install/arduinobot_py_examples/share/arduinobot_py_examples/package.ps1'
[9.505s] INFO:colcon.colcon_core.shell:Creating package descriptor '/home/roboticist/arduinobot_ws/install/arduinobot_py_examples/share/arduinobot_py_examples/package.dsv'
[9.506s] INFO:colcon.colcon_core.shell:Creating package script '/home/roboticist/arduinobot_ws/install/arduinobot_py_examples/share/arduinobot_py_examples/package.sh'
[9.508s] INFO:colcon.colcon_core.shell:Creating package script '/home/roboticist/arduinobot_ws/install/arduinobot_py_examples/share/arduinobot_py_examples/package.bash'
[9.509s] INFO:colcon.colcon_core.shell:Creating package script '/home/roboticist/arduinobot_ws/install/arduinobot_py_examples/share/arduinobot_py_examples/package.zsh'
[9.510s] Level 1:colcon.colcon_core.environment:create_file_with_runtime_dependencies(/home/roboticist/arduinobot_ws/install/arduinobot_py_examples/share/colcon-core/packages/arduinobot_py_examples)
[9.512s] DEBUG:colcon.colcon_parallel_executor.executor.parallel:closing loop
[9.513s] DEBUG:colcon.colcon_parallel_executor.executor.parallel:loop closed
[9.513s] DEBUG:colcon.colcon_parallel_executor.executor.parallel:run_until_complete finished with '0'
[9.514s] DEBUG:colcon.colcon_core.event_reactor:joining thread
[9.588s] INFO:colcon.colcon_core.plugin_system:Skipping extension 'colcon_notification.desktop_notification.terminal_notifier': Not used on non-Darwin systems
[9.588s] INFO:colcon.colcon_core.plugin_system:Skipping extension 'colcon_notification.desktop_notification.win32': Not used on non-Windows systems
[9.588s] INFO:colcon.colcon_notification.desktop_notification:Sending desktop notification using 'notify2'
[11.062s] DEBUG:colcon.colcon_core.event_reactor:joined thread
[11.125s] INFO:colcon.colcon_core.shell:Creating prefix script '/home/roboticist/arduinobot_ws/install/local_setup.ps1'
[11.140s] INFO:colcon.colcon_core.shell:Creating prefix util module '/home/roboticist/arduinobot_ws/install/_local_setup_util_ps1.py'
[11.147s] INFO:colcon.colcon_core.shell:Creating prefix chain script '/home/roboticist/arduinobot_ws/install/setup.ps1'
[11.241s] INFO:colcon.colcon_core.shell:Creating prefix script '/home/roboticist/arduinobot_ws/install/local_setup.sh'
[11.244s] INFO:colcon.colcon_core.shell:Creating prefix util module '/home/roboticist/arduinobot_ws/install/_local_setup_util_sh.py'
[11.246s] INFO:colcon.colcon_core.shell:Creating prefix chain script '/home/roboticist/arduinobot_ws/install/setup.sh'
[11.353s] INFO:colcon.colcon_core.shell:Creating prefix script '/home/roboticist/arduinobot_ws/install/local_setup.bash'
[11.357s] INFO:colcon.colcon_core.shell:Creating prefix chain script '/home/roboticist/arduinobot_ws/install/setup.bash'
[11.461s] INFO:colcon.colcon_core.shell:Creating prefix script '/home/roboticist/arduinobot_ws/install/local_setup.zsh'
[11.463s] INFO:colcon.colcon_core.shell:Creating prefix chain script '/home/roboticist/arduinobot_ws/install/setup.zsh'
