[0.327s] Invoking command in '/home/roboticist/arduinobot_ws/build/arduinobot_cpp_examples': CMAKE_PREFIX_PATH=${CMAKE_PREFIX_PATH}:/home/roboticist/arduinobot_ws/install/arduinobot_py_examples:/opt/ros/humble /usr/bin/cmake --build /home/roboticist/arduinobot_ws/build/arduinobot_cpp_examples -- -j2 -l2
[0.593s] [ 33%] Built target simple_publisher
[0.597s] [ 66%] Built target simple_subscriber
[0.679s] [100%] Built target simple_parameter
[0.876s] Invoked command in '/home/roboticist/arduinobot_ws/build/arduinobot_cpp_examples' returned '0': CMAKE_PREFIX_PATH=${CMAKE_PREFIX_PATH}:/home/roboticist/arduinobot_ws/install/arduinobot_py_examples:/opt/ros/humble /usr/bin/cmake --build /home/roboticist/arduinobot_ws/build/arduinobot_cpp_examples -- -j2 -l2
[1.461s] Invoking command in '/home/roboticist/arduinobot_ws/build/arduinobot_cpp_examples': CMAKE_PREFIX_PATH=${CMAKE_PREFIX_PATH}:/home/roboticist/arduinobot_ws/install/arduinobot_py_examples:/opt/ros/humble /usr/bin/cmake --install /home/roboticist/arduinobot_ws/build/arduinobot_cpp_examples
[1.484s] -- Install configuration: ""
[1.484s] -- Execute custom install script
[1.484s] -- Up-to-date symlink: /home/roboticist/arduinobot_ws/install/arduinobot_cpp_examples/lib/arduinobot_cpp_examples/simple_publisher
[1.484s] -- Up-to-date symlink: /home/roboticist/arduinobot_ws/install/arduinobot_cpp_examples/lib/arduinobot_cpp_examples/simple_subscriber
[1.484s] -- Up-to-date symlink: /home/roboticist/arduinobot_ws/install/arduinobot_cpp_examples/lib/arduinobot_cpp_examples/simple_parameter
[1.484s] -- Up-to-date symlink: /home/roboticist/arduinobot_ws/install/arduinobot_cpp_examples/share/ament_index/resource_index/package_run_dependencies/arduinobot_cpp_examples
[1.484s] -- Up-to-date symlink: /home/roboticist/arduinobot_ws/install/arduinobot_cpp_examples/share/ament_index/resource_index/parent_prefix_path/arduinobot_cpp_examples
[1.485s] -- Up-to-date symlink: /home/roboticist/arduinobot_ws/install/arduinobot_cpp_examples/share/arduinobot_cpp_examples/environment/ament_prefix_path.sh
[1.485s] -- Up-to-date symlink: /home/roboticist/arduinobot_ws/install/arduinobot_cpp_examples/share/arduinobot_cpp_examples/environment/ament_prefix_path.dsv
[1.485s] -- Up-to-date symlink: /home/roboticist/arduinobot_ws/install/arduinobot_cpp_examples/share/arduinobot_cpp_examples/environment/path.sh
[1.485s] -- Up-to-date symlink: /home/roboticist/arduinobot_ws/install/arduinobot_cpp_examples/share/arduinobot_cpp_examples/environment/path.dsv
[1.485s] -- Up-to-date symlink: /home/roboticist/arduinobot_ws/install/arduinobot_cpp_examples/share/arduinobot_cpp_examples/local_setup.bash
[1.485s] -- Up-to-date symlink: /home/roboticist/arduinobot_ws/install/arduinobot_cpp_examples/share/arduinobot_cpp_examples/local_setup.sh
[1.488s] -- Up-to-date symlink: /home/roboticist/arduinobot_ws/install/arduinobot_cpp_examples/share/arduinobot_cpp_examples/local_setup.zsh
[1.489s] -- Up-to-date symlink: /home/roboticist/arduinobot_ws/install/arduinobot_cpp_examples/share/arduinobot_cpp_examples/local_setup.dsv
[1.490s] -- Symlinking: /home/roboticist/arduinobot_ws/install/arduinobot_cpp_examples/share/arduinobot_cpp_examples/package.dsv
[1.507s] -- Up-to-date symlink: /home/roboticist/arduinobot_ws/install/arduinobot_cpp_examples/share/ament_index/resource_index/packages/arduinobot_cpp_examples
[1.509s] -- Up-to-date symlink: /home/roboticist/arduinobot_ws/install/arduinobot_cpp_examples/share/arduinobot_cpp_examples/cmake/arduinobot_cpp_examplesConfig.cmake
[1.509s] -- Up-to-date symlink: /home/roboticist/arduinobot_ws/install/arduinobot_cpp_examples/share/arduinobot_cpp_examples/cmake/arduinobot_cpp_examplesConfig-version.cmake
[1.514s] -- Up-to-date symlink: /home/roboticist/arduinobot_ws/install/arduinobot_cpp_examples/share/arduinobot_cpp_examples/package.xml
[2.043s] Invoked command in '/home/roboticist/arduinobot_ws/build/arduinobot_cpp_examples' returned '0': CMAKE_PREFIX_PATH=${CMAKE_PREFIX_PATH}:/home/roboticist/arduinobot_ws/install/arduinobot_py_examples:/opt/ros/humble /usr/bin/cmake --install /home/roboticist/arduinobot_ws/build/arduinobot_cpp_examples
