[1.117s] Invoking command in '/home/roboticist/arduinobot_ws/build/arduinobot_description': CMAKE_PREFIX_PATH=/opt/ros/humble /usr/bin/cmake --build /home/roboticist/arduinobot_ws/build/arduinobot_description -- -j2 -l2
[2.488s] Invoked command in '/home/roboticist/arduinobot_ws/build/arduinobot_description' returned '0': CMAKE_PREFIX_PATH=/opt/ros/humble /usr/bin/cmake --build /home/roboticist/arduinobot_ws/build/arduinobot_description -- -j2 -l2
[4.667s] Invoking command in '/home/roboticist/arduinobot_ws/build/arduinobot_description': CMAKE_PREFIX_PATH=/opt/ros/humble /usr/bin/cmake --install /home/roboticist/arduinobot_ws/build/arduinobot_description
[4.966s] -- Install configuration: ""
[4.967s] -- Up-to-date: /home/roboticist/arduinobot_ws/install/arduinobot_description/share/arduinobot_description/meshes
[4.968s] -- Up-to-date: /home/roboticist/arduinobot_ws/install/arduinobot_description/share/arduinobot_description/meshes/link.STL
[4.978s] -- Up-to-date: /home/roboticist/arduinobot_ws/install/arduinobot_description/share/arduinobot_description/meshes/forward_drive_arm.STL
[4.982s] -- Up-to-date: /home/roboticist/arduinobot_ws/install/arduinobot_description/share/arduinobot_description/meshes/plate.STL
[4.983s] -- Up-to-date: /home/roboticist/arduinobot_ws/install/arduinobot_description/share/arduinobot_description/meshes/right_finger.STL
[5.008s] -- Up-to-date: /home/roboticist/arduinobot_ws/install/arduinobot_description/share/arduinobot_description/meshes/triangular_link.STL
[5.017s] -- Up-to-date: /home/roboticist/arduinobot_ws/install/arduinobot_description/share/arduinobot_description/meshes/round_plate.STL
[5.026s] -- Up-to-date: /home/roboticist/arduinobot_ws/install/arduinobot_description/share/arduinobot_description/meshes/basement.STL
[5.027s] -- Up-to-date: /home/roboticist/arduinobot_ws/install/arduinobot_description/share/arduinobot_description/meshes/left_finger.STL
[5.028s] -- Up-to-date: /home/roboticist/arduinobot_ws/install/arduinobot_description/share/arduinobot_description/meshes/vertical_drive_arm.STL
[5.029s] -- Up-to-date: /home/roboticist/arduinobot_ws/install/arduinobot_description/share/arduinobot_description/meshes/horizontal_arm.STL
[5.034s] -- Up-to-date: /home/roboticist/arduinobot_ws/install/arduinobot_description/share/arduinobot_description/meshes/servo_plate.STL
[5.036s] -- Up-to-date: /home/roboticist/arduinobot_ws/install/arduinobot_description/share/arduinobot_description/meshes/claw_support.STL
[5.037s] -- Up-to-date: /home/roboticist/arduinobot_ws/install/arduinobot_description/share/arduinobot_description/meshes/base_plate.STL
[5.050s] -- Up-to-date: /home/roboticist/arduinobot_ws/install/arduinobot_description/share/arduinobot_description/urdf
[5.051s] -- Up-to-date: /home/roboticist/arduinobot_ws/install/arduinobot_description/share/arduinobot_description/urdf/arduinobot.urdf.xacro
[5.052s] -- Up-to-date: /home/roboticist/arduinobot_ws/install/arduinobot_description/share/ament_index/resource_index/package_run_dependencies/arduinobot_description
[5.075s] -- Up-to-date: /home/roboticist/arduinobot_ws/install/arduinobot_description/share/ament_index/resource_index/parent_prefix_path/arduinobot_description
[5.078s] -- Up-to-date: /home/roboticist/arduinobot_ws/install/arduinobot_description/share/arduinobot_description/environment/ament_prefix_path.sh
[5.079s] -- Up-to-date: /home/roboticist/arduinobot_ws/install/arduinobot_description/share/arduinobot_description/environment/ament_prefix_path.dsv
[5.080s] -- Up-to-date: /home/roboticist/arduinobot_ws/install/arduinobot_description/share/arduinobot_description/environment/path.sh
[5.091s] -- Up-to-date: /home/roboticist/arduinobot_ws/install/arduinobot_description/share/arduinobot_description/environment/path.dsv
[5.092s] -- Up-to-date: /home/roboticist/arduinobot_ws/install/arduinobot_description/share/arduinobot_description/local_setup.bash
[5.094s] -- Up-to-date: /home/roboticist/arduinobot_ws/install/arduinobot_description/share/arduinobot_description/local_setup.sh
[5.103s] -- Up-to-date: /home/roboticist/arduinobot_ws/install/arduinobot_description/share/arduinobot_description/local_setup.zsh
[5.105s] -- Up-to-date: /home/roboticist/arduinobot_ws/install/arduinobot_description/share/arduinobot_description/local_setup.dsv
[5.138s] -- Installing: /home/roboticist/arduinobot_ws/install/arduinobot_description/share/arduinobot_description/package.dsv
[5.146s] -- Up-to-date: /home/roboticist/arduinobot_ws/install/arduinobot_description/share/ament_index/resource_index/packages/arduinobot_description
[5.149s] -- Up-to-date: /home/roboticist/arduinobot_ws/install/arduinobot_description/share/arduinobot_description/cmake/arduinobot_descriptionConfig.cmake
[5.149s] -- Up-to-date: /home/roboticist/arduinobot_ws/install/arduinobot_description/share/arduinobot_description/cmake/arduinobot_descriptionConfig-version.cmake
[5.163s] -- Up-to-date: /home/roboticist/arduinobot_ws/install/arduinobot_description/share/arduinobot_description/package.xml
[5.164s] Invoked command in '/home/roboticist/arduinobot_ws/build/arduinobot_description' returned '0': CMAKE_PREFIX_PATH=/opt/ros/humble /usr/bin/cmake --install /home/roboticist/arduinobot_ws/build/arduinobot_description
