[0.607s] Invoking command in '/home/roboticist/arduinobot_ws/build/arduinobot_cpp_examples': CMAKE_PREFIX_PATH=/opt/ros/humble /usr/bin/cmake --build /home/roboticist/arduinobot_ws/build/arduinobot_cpp_examples -- -j2 -l2
[0.893s] -- Found ament_cmake: 1.3.5 (/opt/ros/humble/share/ament_cmake/cmake)
[2.037s] -- Found rclcpp: 16.0.6 (/opt/ros/humble/share/rclcpp/cmake)
[2.531s] -- Found rosidl_generator_c: 3.1.5 (/opt/ros/humble/share/rosidl_generator_c/cmake)
[2.571s] -- Found rosidl_adapter: 3.1.5 (/opt/ros/humble/share/rosidl_adapter/cmake)
[2.630s] -- Found rosidl_generator_cpp: 3.1.5 (/opt/ros/humble/share/rosidl_generator_cpp/cmake)
[2.755s] -- Using all available rosidl_typesupport_c: rosidl_typesupport_fastrtps_c;rosidl_typesupport_introspection_c
[2.928s] -- Using all available rosidl_typesupport_cpp: rosidl_typesupport_fastrtps_cpp;rosidl_typesupport_introspection_cpp
[3.629s] -- Found rmw_implementation_cmake: 6.1.1 (/opt/ros/humble/share/rmw_implementation_cmake/cmake)
[3.646s] -- Found rmw_fastrtps_cpp: 6.2.4 (/opt/ros/humble/share/rmw_fastrtps_cpp/cmake)
[4.747s] -- Using RMW implementation 'rmw_fastrtps_cpp' as default
[7.284s] -- Found ament_lint_auto: 0.12.8 (/opt/ros/humble/share/ament_lint_auto/cmake)
[7.694s] -- Added test 'cppcheck' to perform static code analysis on C / C++ code
[7.695s] -- Configured cppcheck include dirs: 
[7.695s] -- Configured cppcheck exclude dirs and/or files: 
[7.700s] -- Added test 'lint_cmake' to check CMake code style
[7.708s] -- Added test 'uncrustify' to check C / C++ code style
[7.709s] -- Configured uncrustify additional arguments: 
[7.709s] -- Added test 'xmllint' to check XML markup files
[7.719s] -- Configuring done
[7.808s] -- Generating done
[7.818s] -- Build files have been written to: /home/roboticist/arduinobot_ws/build/arduinobot_cpp_examples
[7.970s] [35m[1mConsolidate compiler generated dependencies of target simple_publisher[0m
[8.101s] [100%] Built target simple_publisher
[8.171s] Invoked command in '/home/roboticist/arduinobot_ws/build/arduinobot_cpp_examples' returned '0': CMAKE_PREFIX_PATH=/opt/ros/humble /usr/bin/cmake --build /home/roboticist/arduinobot_ws/build/arduinobot_cpp_examples -- -j2 -l2
[8.536s] Invoking command in '/home/roboticist/arduinobot_ws/build/arduinobot_cpp_examples': CMAKE_PREFIX_PATH=/opt/ros/humble /usr/bin/cmake --install /home/roboticist/arduinobot_ws/build/arduinobot_cpp_examples
[8.568s] -- Install configuration: ""
[8.569s] -- Installing: /home/roboticist/arduinobot_ws/install/arduinobot_cpp_examples/lib/arduinobot_cpp_examples/simple_publisher
[8.577s] -- Set runtime path of "/home/roboticist/arduinobot_ws/install/arduinobot_cpp_examples/lib/arduinobot_cpp_examples/simple_publisher" to ""
[8.578s] -- Up-to-date: /home/roboticist/arduinobot_ws/install/arduinobot_cpp_examples/share/ament_index/resource_index/package_run_dependencies/arduinobot_cpp_examples
[8.579s] -- Up-to-date: /home/roboticist/arduinobot_ws/install/arduinobot_cpp_examples/share/ament_index/resource_index/parent_prefix_path/arduinobot_cpp_examples
[8.580s] -- Up-to-date: /home/roboticist/arduinobot_ws/install/arduinobot_cpp_examples/share/arduinobot_cpp_examples/environment/ament_prefix_path.sh
[8.581s] -- Installing: /home/roboticist/arduinobot_ws/install/arduinobot_cpp_examples/share/arduinobot_cpp_examples/environment/ament_prefix_path.dsv
[8.583s] -- Up-to-date: /home/roboticist/arduinobot_ws/install/arduinobot_cpp_examples/share/arduinobot_cpp_examples/environment/path.sh
[8.583s] -- Installing: /home/roboticist/arduinobot_ws/install/arduinobot_cpp_examples/share/arduinobot_cpp_examples/environment/path.dsv
[8.584s] -- Up-to-date: /home/roboticist/arduinobot_ws/install/arduinobot_cpp_examples/share/arduinobot_cpp_examples/local_setup.bash
[8.585s] -- Up-to-date: /home/roboticist/arduinobot_ws/install/arduinobot_cpp_examples/share/arduinobot_cpp_examples/local_setup.sh
[8.585s] -- Up-to-date: /home/roboticist/arduinobot_ws/install/arduinobot_cpp_examples/share/arduinobot_cpp_examples/local_setup.zsh
[8.586s] -- Installing: /home/roboticist/arduinobot_ws/install/arduinobot_cpp_examples/share/arduinobot_cpp_examples/local_setup.dsv
[8.587s] -- Installing: /home/roboticist/arduinobot_ws/install/arduinobot_cpp_examples/share/arduinobot_cpp_examples/package.dsv
[8.588s] -- Up-to-date: /home/roboticist/arduinobot_ws/install/arduinobot_cpp_examples/share/ament_index/resource_index/packages/arduinobot_cpp_examples
[8.589s] -- Up-to-date: /home/roboticist/arduinobot_ws/install/arduinobot_cpp_examples/share/arduinobot_cpp_examples/cmake/arduinobot_cpp_examplesConfig.cmake
[8.589s] -- Up-to-date: /home/roboticist/arduinobot_ws/install/arduinobot_cpp_examples/share/arduinobot_cpp_examples/cmake/arduinobot_cpp_examplesConfig-version.cmake
[8.590s] -- Up-to-date: /home/roboticist/arduinobot_ws/install/arduinobot_cpp_examples/share/arduinobot_cpp_examples/package.xml
[8.599s] Invoked command in '/home/roboticist/arduinobot_ws/build/arduinobot_cpp_examples' returned '0': CMAKE_PREFIX_PATH=/opt/ros/humble /usr/bin/cmake --install /home/roboticist/arduinobot_ws/build/arduinobot_cpp_examples
