[4.269s] DEBUG:colcon:Command line arguments: ['/usr/bin/colcon', 'build']
[4.269s] DEBUG:colcon:Parsed command line arguments: Namespace(log_base=None, log_level=None, verb_name='build', build_base='build', install_base='install', merge_install=False, symlink_install=False, test_result_base=None, continue_on_error=False, executor='parallel', parallel_workers=2, event_handlers=None, ignore_user_meta=False, metas=['./colcon.meta'], base_paths=['.'], packages_ignore=None, packages_ignore_regex=None, paths=None, packages_up_to=None, packages_up_to_regex=None, packages_above=None, packages_above_and_dependencies=None, packages_above_depth=None, packages_select_by_dep=None, packages_skip_by_dep=None, packages_skip_up_to=None, packages_select_build_failed=False, packages_skip_build_finished=False, packages_select_test_failures=False, packages_skip_test_passed=False, packages_select=None, packages_skip=None, packages_select_regex=None, packages_skip_regex=None, packages_start=None, packages_end=None, allow_overriding=[], cmake_args=None, cmake_target=None, cmake_target_skip_unavailable=False, cmake_clean_cache=False, cmake_clean_first=False, cmake_force_configure=False, ament_cmake_args=None, catkin_cmake_args=None, catkin_skip_building_tests=False, verb_parser=<colcon_defaults.argument_parser.defaults.DefaultArgumentsDecorator object at 0x7f3a976c96c0>, verb_extension=<colcon_core.verb.build.BuildVerb object at 0x7f3a976cbdf0>, main=<bound method BuildVerb.main of <colcon_core.verb.build.BuildVerb object at 0x7f3a976cbdf0>>)
[4.549s] Level 1:colcon.colcon_core.package_discovery:discover_packages(colcon_meta) check parameters
[4.549s] Level 1:colcon.colcon_core.package_discovery:discover_packages(recursive) check parameters
[4.549s] Level 1:colcon.colcon_core.package_discovery:discover_packages(ignore) check parameters
[4.549s] Level 1:colcon.colcon_core.package_discovery:discover_packages(path) check parameters
[4.549s] Level 1:colcon.colcon_core.package_discovery:discover_packages(colcon_meta) discover
[4.549s] Level 1:colcon.colcon_core.package_discovery:discover_packages(recursive) discover
[4.550s] INFO:colcon.colcon_core.package_discovery:Crawling recursively for packages in '/home/roboticist/arduinobot_ws'
[4.550s] Level 1:colcon.colcon_core.package_identification:_identify(.) by extensions ['ignore', 'ignore_ament_install']
[4.550s] Level 1:colcon.colcon_core.package_identification:_identify(.) by extension 'ignore'
[4.550s] Level 1:colcon.colcon_core.package_identification:_identify(.) by extension 'ignore_ament_install'
[4.551s] Level 1:colcon.colcon_core.package_identification:_identify(.) by extensions ['colcon_pkg']
[4.551s] Level 1:colcon.colcon_core.package_identification:_identify(.) by extension 'colcon_pkg'
[4.551s] Level 1:colcon.colcon_core.package_identification:_identify(.) by extensions ['colcon_meta']
[4.551s] Level 1:colcon.colcon_core.package_identification:_identify(.) by extension 'colcon_meta'
[4.551s] Level 1:colcon.colcon_core.package_identification:_identify(.) by extensions ['ros']
[4.551s] Level 1:colcon.colcon_core.package_identification:_identify(.) by extension 'ros'
[4.607s] Level 1:colcon.colcon_core.package_identification:_identify(.) by extensions ['cmake', 'python']
[4.608s] Level 1:colcon.colcon_core.package_identification:_identify(.) by extension 'cmake'
[4.608s] Level 1:colcon.colcon_core.package_identification:_identify(.) by extension 'python'
[4.608s] Level 1:colcon.colcon_core.package_identification:_identify(.) by extensions ['python_setup_py']
[4.608s] Level 1:colcon.colcon_core.package_identification:_identify(.) by extension 'python_setup_py'
[4.611s] Level 1:colcon.colcon_core.package_identification:_identify(build) by extensions ['ignore', 'ignore_ament_install']
[4.611s] Level 1:colcon.colcon_core.package_identification:_identify(build) by extension 'ignore'
[4.612s] Level 1:colcon.colcon_core.package_identification:_identify(build) ignored
[4.613s] Level 1:colcon.colcon_core.package_identification:_identify(install) by extensions ['ignore', 'ignore_ament_install']
[4.613s] Level 1:colcon.colcon_core.package_identification:_identify(install) by extension 'ignore'
[4.614s] Level 1:colcon.colcon_core.package_identification:_identify(install) ignored
[4.614s] Level 1:colcon.colcon_core.package_identification:_identify(log) by extensions ['ignore', 'ignore_ament_install']
[4.614s] Level 1:colcon.colcon_core.package_identification:_identify(log) by extension 'ignore'
[4.615s] Level 1:colcon.colcon_core.package_identification:_identify(log) ignored
[4.615s] Level 1:colcon.colcon_core.package_identification:_identify(src) by extensions ['ignore', 'ignore_ament_install']
[4.615s] Level 1:colcon.colcon_core.package_identification:_identify(src) by extension 'ignore'
[4.615s] Level 1:colcon.colcon_core.package_identification:_identify(src) by extension 'ignore_ament_install'
[4.615s] Level 1:colcon.colcon_core.package_identification:_identify(src) by extensions ['colcon_pkg']
[4.615s] Level 1:colcon.colcon_core.package_identification:_identify(src) by extension 'colcon_pkg'
[4.616s] Level 1:colcon.colcon_core.package_identification:_identify(src) by extensions ['colcon_meta']
[4.616s] Level 1:colcon.colcon_core.package_identification:_identify(src) by extension 'colcon_meta'
[4.616s] Level 1:colcon.colcon_core.package_identification:_identify(src) by extensions ['ros']
[4.616s] Level 1:colcon.colcon_core.package_identification:_identify(src) by extension 'ros'
[4.616s] Level 1:colcon.colcon_core.package_identification:_identify(src) by extensions ['cmake', 'python']
[4.617s] Level 1:colcon.colcon_core.package_identification:_identify(src) by extension 'cmake'
[4.617s] Level 1:colcon.colcon_core.package_identification:_identify(src) by extension 'python'
[4.617s] Level 1:colcon.colcon_core.package_identification:_identify(src) by extensions ['python_setup_py']
[4.617s] Level 1:colcon.colcon_core.package_identification:_identify(src) by extension 'python_setup_py'
[4.617s] Level 1:colcon.colcon_core.package_identification:_identify(src/arduinobot_cpp_examples) by extensions ['ignore', 'ignore_ament_install']
[4.618s] Level 1:colcon.colcon_core.package_identification:_identify(src/arduinobot_cpp_examples) by extension 'ignore'
[4.618s] Level 1:colcon.colcon_core.package_identification:_identify(src/arduinobot_cpp_examples) by extension 'ignore_ament_install'
[4.618s] Level 1:colcon.colcon_core.package_identification:_identify(src/arduinobot_cpp_examples) by extensions ['colcon_pkg']
[4.618s] Level 1:colcon.colcon_core.package_identification:_identify(src/arduinobot_cpp_examples) by extension 'colcon_pkg'
[4.618s] Level 1:colcon.colcon_core.package_identification:_identify(src/arduinobot_cpp_examples) by extensions ['colcon_meta']
[4.618s] Level 1:colcon.colcon_core.package_identification:_identify(src/arduinobot_cpp_examples) by extension 'colcon_meta'
[4.619s] Level 1:colcon.colcon_core.package_identification:_identify(src/arduinobot_cpp_examples) by extensions ['ros']
[4.619s] Level 1:colcon.colcon_core.package_identification:_identify(src/arduinobot_cpp_examples) by extension 'ros'
[4.638s] DEBUG:colcon.colcon_core.package_identification:Package 'src/arduinobot_cpp_examples' with type 'ros.ament_cmake' and name 'arduinobot_cpp_examples'
[4.639s] Level 1:colcon.colcon_core.package_identification:_identify(src/arduinobot_py_examples) by extensions ['ignore', 'ignore_ament_install']
[4.639s] Level 1:colcon.colcon_core.package_identification:_identify(src/arduinobot_py_examples) by extension 'ignore'
[4.640s] Level 1:colcon.colcon_core.package_identification:_identify(src/arduinobot_py_examples) by extension 'ignore_ament_install'
[4.640s] Level 1:colcon.colcon_core.package_identification:_identify(src/arduinobot_py_examples) by extensions ['colcon_pkg']
[4.640s] Level 1:colcon.colcon_core.package_identification:_identify(src/arduinobot_py_examples) by extension 'colcon_pkg'
[4.640s] Level 1:colcon.colcon_core.package_identification:_identify(src/arduinobot_py_examples) by extensions ['colcon_meta']
[4.640s] Level 1:colcon.colcon_core.package_identification:_identify(src/arduinobot_py_examples) by extension 'colcon_meta'
[4.640s] Level 1:colcon.colcon_core.package_identification:_identify(src/arduinobot_py_examples) by extensions ['ros']
[4.641s] Level 1:colcon.colcon_core.package_identification:_identify(src/arduinobot_py_examples) by extension 'ros'
[4.642s] DEBUG:colcon.colcon_core.package_identification:Package 'src/arduinobot_py_examples' with type 'ros.ament_python' and name 'arduinobot_py_examples'
[4.642s] Level 1:colcon.colcon_core.package_discovery:discover_packages(recursive) using defaults
[4.643s] Level 1:colcon.colcon_core.package_discovery:discover_packages(ignore) discover
[4.643s] Level 1:colcon.colcon_core.package_discovery:discover_packages(ignore) using defaults
[4.643s] Level 1:colcon.colcon_core.package_discovery:discover_packages(path) discover
[4.643s] Level 1:colcon.colcon_core.package_discovery:discover_packages(path) using defaults
[5.101s] Level 1:colcon.colcon_core.package_discovery:discover_packages(prefix_path) check parameters
[5.101s] Level 1:colcon.colcon_core.package_discovery:discover_packages(prefix_path) discover
[5.214s] DEBUG:colcon.colcon_installed_package_information.package_discovery:Found 350 installed packages in /opt/ros/humble
[5.221s] Level 1:colcon.colcon_core.package_discovery:discover_packages(prefix_path) using defaults
[5.962s] Level 5:colcon.colcon_core.verb:set package 'arduinobot_cpp_examples' build argument 'cmake_args' from command line to 'None'
[5.962s] Level 5:colcon.colcon_core.verb:set package 'arduinobot_cpp_examples' build argument 'cmake_target' from command line to 'None'
[5.963s] Level 5:colcon.colcon_core.verb:set package 'arduinobot_cpp_examples' build argument 'cmake_target_skip_unavailable' from command line to 'False'
[5.963s] Level 5:colcon.colcon_core.verb:set package 'arduinobot_cpp_examples' build argument 'cmake_clean_cache' from command line to 'False'
[5.963s] Level 5:colcon.colcon_core.verb:set package 'arduinobot_cpp_examples' build argument 'cmake_clean_first' from command line to 'False'
[5.963s] Level 5:colcon.colcon_core.verb:set package 'arduinobot_cpp_examples' build argument 'cmake_force_configure' from command line to 'False'
[5.963s] Level 5:colcon.colcon_core.verb:set package 'arduinobot_cpp_examples' build argument 'ament_cmake_args' from command line to 'None'
[5.963s] Level 5:colcon.colcon_core.verb:set package 'arduinobot_cpp_examples' build argument 'catkin_cmake_args' from command line to 'None'
[5.963s] Level 5:colcon.colcon_core.verb:set package 'arduinobot_cpp_examples' build argument 'catkin_skip_building_tests' from command line to 'False'
[5.963s] DEBUG:colcon.colcon_core.verb:Building package 'arduinobot_cpp_examples' with the following arguments: {'ament_cmake_args': None, 'build_base': '/home/roboticist/arduinobot_ws/build/arduinobot_cpp_examples', 'catkin_cmake_args': None, 'catkin_skip_building_tests': False, 'cmake_args': None, 'cmake_clean_cache': False, 'cmake_clean_first': False, 'cmake_force_configure': False, 'cmake_target': None, 'cmake_target_skip_unavailable': False, 'install_base': '/home/roboticist/arduinobot_ws/install/arduinobot_cpp_examples', 'merge_install': False, 'path': '/home/roboticist/arduinobot_ws/src/arduinobot_cpp_examples', 'symlink_install': False, 'test_result_base': None}
[6.009s] Level 5:colcon.colcon_core.verb:set package 'arduinobot_py_examples' build argument 'cmake_args' from command line to 'None'
[6.010s] Level 5:colcon.colcon_core.verb:set package 'arduinobot_py_examples' build argument 'cmake_target' from command line to 'None'
[6.010s] Level 5:colcon.colcon_core.verb:set package 'arduinobot_py_examples' build argument 'cmake_target_skip_unavailable' from command line to 'False'
[6.010s] Level 5:colcon.colcon_core.verb:set package 'arduinobot_py_examples' build argument 'cmake_clean_cache' from command line to 'False'
[6.010s] Level 5:colcon.colcon_core.verb:set package 'arduinobot_py_examples' build argument 'cmake_clean_first' from command line to 'False'
[6.010s] Level 5:colcon.colcon_core.verb:set package 'arduinobot_py_examples' build argument 'cmake_force_configure' from command line to 'False'
[6.017s] Level 5:colcon.colcon_core.verb:set package 'arduinobot_py_examples' build argument 'ament_cmake_args' from command line to 'None'
[6.017s] Level 5:colcon.colcon_core.verb:set package 'arduinobot_py_examples' build argument 'catkin_cmake_args' from command line to 'None'
[6.017s] Level 5:colcon.colcon_core.verb:set package 'arduinobot_py_examples' build argument 'catkin_skip_building_tests' from command line to 'False'
[6.017s] DEBUG:colcon.colcon_core.verb:Building package 'arduinobot_py_examples' with the following arguments: {'ament_cmake_args': None, 'build_base': '/home/roboticist/arduinobot_ws/build/arduinobot_py_examples', 'catkin_cmake_args': None, 'catkin_skip_building_tests': False, 'cmake_args': None, 'cmake_clean_cache': False, 'cmake_clean_first': False, 'cmake_force_configure': False, 'cmake_target': None, 'cmake_target_skip_unavailable': False, 'install_base': '/home/roboticist/arduinobot_ws/install/arduinobot_py_examples', 'merge_install': False, 'path': '/home/roboticist/arduinobot_ws/src/arduinobot_py_examples', 'symlink_install': False, 'test_result_base': None}
[6.060s] INFO:colcon.colcon_core.executor:Executing jobs using 'parallel' executor
[6.114s] DEBUG:colcon.colcon_parallel_executor.executor.parallel:run_until_complete
[6.115s] INFO:colcon.colcon_ros.task.ament_cmake.build:Building ROS package in '/home/roboticist/arduinobot_ws/src/arduinobot_cpp_examples' with build type 'ament_cmake'
[6.115s] INFO:colcon.colcon_cmake.task.cmake.build:Building CMake package in '/home/roboticist/arduinobot_ws/src/arduinobot_cpp_examples'
[6.198s] INFO:colcon.colcon_core.plugin_system:Skipping extension 'colcon_core.shell.bat': Not used on non-Windows systems
[6.199s] INFO:colcon.colcon_core.shell:Skip shell extension 'powershell' for command environment: Not usable outside of PowerShell
[6.199s] DEBUG:colcon.colcon_core.shell:Skip shell extension 'dsv' for command environment
[6.388s] INFO:colcon.colcon_ros.task.ament_python.build:Building ROS package in '/home/roboticist/arduinobot_ws/src/arduinobot_py_examples' with build type 'ament_python'
[6.388s] Level 1:colcon.colcon_core.shell:create_environment_hook('arduinobot_py_examples', 'ament_prefix_path')
[6.456s] INFO:colcon.colcon_core.shell:Creating environment hook '/home/roboticist/arduinobot_ws/install/arduinobot_py_examples/share/arduinobot_py_examples/hook/ament_prefix_path.ps1'
[6.481s] INFO:colcon.colcon_core.shell:Creating environment descriptor '/home/roboticist/arduinobot_ws/install/arduinobot_py_examples/share/arduinobot_py_examples/hook/ament_prefix_path.dsv'
[6.485s] INFO:colcon.colcon_core.shell:Creating environment hook '/home/roboticist/arduinobot_ws/install/arduinobot_py_examples/share/arduinobot_py_examples/hook/ament_prefix_path.sh'
[6.549s] INFO:colcon.colcon_core.shell:Skip shell extension 'powershell' for command environment: Not usable outside of PowerShell
[6.550s] DEBUG:colcon.colcon_core.shell:Skip shell extension 'dsv' for command environment
[6.747s] DEBUG:colcon.colcon_core.event_handler.log_command:Invoking command in '/home/roboticist/arduinobot_ws/build/arduinobot_cpp_examples': CMAKE_PREFIX_PATH=/opt/ros/humble /usr/bin/cmake /home/roboticist/arduinobot_ws/src/arduinobot_cpp_examples -DCMAKE_INSTALL_PREFIX=/home/roboticist/arduinobot_ws/install/arduinobot_cpp_examples
[8.410s] INFO:colcon.colcon_core.task.python.build:Building Python package in '/home/roboticist/arduinobot_ws/src/arduinobot_py_examples'
[8.489s] INFO:colcon.colcon_core.shell:Skip shell extension 'powershell' for command environment: Not usable outside of PowerShell
[8.489s] DEBUG:colcon.colcon_core.shell:Skip shell extension 'dsv' for command environment
[12.295s] DEBUG:colcon.colcon_core.event_handler.log_command:Invoking command in '/home/roboticist/arduinobot_ws/src/arduinobot_py_examples': PYTHONPATH=/home/roboticist/arduinobot_ws/build/arduinobot_py_examples/prefix_override:/home/roboticist/arduinobot_ws/install/arduinobot_py_examples/lib/python3.10/site-packages:${PYTHONPATH} /usr/bin/python3 setup.py egg_info --egg-base ../../build/arduinobot_py_examples build --build-base /home/roboticist/arduinobot_ws/build/arduinobot_py_examples/build install --record /home/roboticist/arduinobot_ws/build/arduinobot_py_examples/install.log --single-version-externally-managed
[13.722s] DEBUG:colcon.colcon_core.event_handler.log_command:Invoked command in '/home/roboticist/arduinobot_ws/src/arduinobot_py_examples' returned '0': PYTHONPATH=/home/roboticist/arduinobot_ws/build/arduinobot_py_examples/prefix_override:/home/roboticist/arduinobot_ws/install/arduinobot_py_examples/lib/python3.10/site-packages:${PYTHONPATH} /usr/bin/python3 setup.py egg_info --egg-base ../../build/arduinobot_py_examples build --build-base /home/roboticist/arduinobot_ws/build/arduinobot_py_examples/build install --record /home/roboticist/arduinobot_ws/build/arduinobot_py_examples/install.log --single-version-externally-managed
[13.872s] Level 1:colcon.colcon_core.environment:checking '/home/roboticist/arduinobot_ws/install/arduinobot_py_examples' for CMake module files
[13.875s] Level 1:colcon.colcon_core.environment:checking '/home/roboticist/arduinobot_ws/install/arduinobot_py_examples' for CMake config files
[13.878s] Level 1:colcon.colcon_core.environment:checking '/home/roboticist/arduinobot_ws/install/arduinobot_py_examples/lib'
[13.879s] Level 1:colcon.colcon_core.environment:checking '/home/roboticist/arduinobot_ws/install/arduinobot_py_examples/bin'
[13.879s] Level 1:colcon.colcon_core.environment:checking '/home/roboticist/arduinobot_ws/install/arduinobot_py_examples/lib/pkgconfig/arduinobot_py_examples.pc'
[13.880s] Level 1:colcon.colcon_core.environment:checking '/home/roboticist/arduinobot_ws/install/arduinobot_py_examples/lib/python3.10/site-packages'
[13.880s] Level 1:colcon.colcon_core.shell:create_environment_hook('arduinobot_py_examples', 'pythonpath')
[13.983s] INFO:colcon.colcon_core.shell:Creating environment hook '/home/roboticist/arduinobot_ws/install/arduinobot_py_examples/share/arduinobot_py_examples/hook/pythonpath.ps1'
[13.985s] INFO:colcon.colcon_core.shell:Creating environment descriptor '/home/roboticist/arduinobot_ws/install/arduinobot_py_examples/share/arduinobot_py_examples/hook/pythonpath.dsv'
[13.987s] INFO:colcon.colcon_core.shell:Creating environment hook '/home/roboticist/arduinobot_ws/install/arduinobot_py_examples/share/arduinobot_py_examples/hook/pythonpath.sh'
[13.991s] Level 1:colcon.colcon_core.environment:checking '/home/roboticist/arduinobot_ws/install/arduinobot_py_examples/bin'
[13.992s] Level 1:colcon.colcon_core.environment:create_environment_scripts_only(arduinobot_py_examples)
[14.117s] INFO:colcon.colcon_core.shell:Creating package script '/home/roboticist/arduinobot_ws/install/arduinobot_py_examples/share/arduinobot_py_examples/package.ps1'
[14.122s] INFO:colcon.colcon_core.shell:Creating package descriptor '/home/roboticist/arduinobot_ws/install/arduinobot_py_examples/share/arduinobot_py_examples/package.dsv'
[14.125s] INFO:colcon.colcon_core.shell:Creating package script '/home/roboticist/arduinobot_ws/install/arduinobot_py_examples/share/arduinobot_py_examples/package.sh'
[14.131s] INFO:colcon.colcon_core.shell:Creating package script '/home/roboticist/arduinobot_ws/install/arduinobot_py_examples/share/arduinobot_py_examples/package.bash'
[14.138s] INFO:colcon.colcon_core.shell:Creating package script '/home/roboticist/arduinobot_ws/install/arduinobot_py_examples/share/arduinobot_py_examples/package.zsh'
[14.143s] Level 1:colcon.colcon_core.environment:create_file_with_runtime_dependencies(/home/roboticist/arduinobot_ws/install/arduinobot_py_examples/share/colcon-core/packages/arduinobot_py_examples)
[14.531s] DEBUG:colcon.colcon_core.event_handler.log_command:Invoked command in '/home/roboticist/arduinobot_ws/build/arduinobot_cpp_examples' returned '0': CMAKE_PREFIX_PATH=/opt/ros/humble /usr/bin/cmake /home/roboticist/arduinobot_ws/src/arduinobot_cpp_examples -DCMAKE_INSTALL_PREFIX=/home/roboticist/arduinobot_ws/install/arduinobot_cpp_examples
[14.539s] DEBUG:colcon.colcon_core.event_handler.log_command:Invoking command in '/home/roboticist/arduinobot_ws/build/arduinobot_cpp_examples': CMAKE_PREFIX_PATH=/opt/ros/humble /usr/bin/cmake --build /home/roboticist/arduinobot_ws/build/arduinobot_cpp_examples -- -j2 -l2
[14.698s] DEBUG:colcon.colcon_core.event_handler.log_command:Invoked command in '/home/roboticist/arduinobot_ws/build/arduinobot_cpp_examples' returned '0': CMAKE_PREFIX_PATH=/opt/ros/humble /usr/bin/cmake --build /home/roboticist/arduinobot_ws/build/arduinobot_cpp_examples -- -j2 -l2
[14.891s] DEBUG:colcon.colcon_core.event_handler.log_command:Invoking command in '/home/roboticist/arduinobot_ws/build/arduinobot_cpp_examples': CMAKE_PREFIX_PATH=/opt/ros/humble /usr/bin/cmake --install /home/roboticist/arduinobot_ws/build/arduinobot_cpp_examples
[14.962s] Level 1:colcon.colcon_core.environment:create_environment_scripts_only(arduinobot_cpp_examples)
[14.966s] DEBUG:colcon.colcon_core.event_handler.log_command:Invoked command in '/home/roboticist/arduinobot_ws/build/arduinobot_cpp_examples' returned '0': CMAKE_PREFIX_PATH=/opt/ros/humble /usr/bin/cmake --install /home/roboticist/arduinobot_ws/build/arduinobot_cpp_examples
[15.030s] Level 1:colcon.colcon_core.environment:checking '/home/roboticist/arduinobot_ws/install/arduinobot_cpp_examples' for CMake module files
[15.038s] Level 1:colcon.colcon_core.environment:checking '/home/roboticist/arduinobot_ws/install/arduinobot_cpp_examples' for CMake config files
[15.039s] Level 1:colcon.colcon_core.shell:create_environment_hook('arduinobot_cpp_examples', 'cmake_prefix_path')
[15.091s] INFO:colcon.colcon_core.shell:Creating environment hook '/home/roboticist/arduinobot_ws/install/arduinobot_cpp_examples/share/arduinobot_cpp_examples/hook/cmake_prefix_path.ps1'
[15.092s] INFO:colcon.colcon_core.shell:Creating environment descriptor '/home/roboticist/arduinobot_ws/install/arduinobot_cpp_examples/share/arduinobot_cpp_examples/hook/cmake_prefix_path.dsv'
[15.093s] INFO:colcon.colcon_core.shell:Creating environment hook '/home/roboticist/arduinobot_ws/install/arduinobot_cpp_examples/share/arduinobot_cpp_examples/hook/cmake_prefix_path.sh'
[15.095s] Level 1:colcon.colcon_core.environment:checking '/home/roboticist/arduinobot_ws/install/arduinobot_cpp_examples/bin'
[15.095s] Level 1:colcon.colcon_core.environment:checking '/home/roboticist/arduinobot_ws/install/arduinobot_cpp_examples/lib/pkgconfig/arduinobot_cpp_examples.pc'
[15.096s] Level 1:colcon.colcon_core.environment:checking '/home/roboticist/arduinobot_ws/install/arduinobot_cpp_examples/lib/python3.10/site-packages'
[15.097s] Level 1:colcon.colcon_core.environment:checking '/home/roboticist/arduinobot_ws/install/arduinobot_cpp_examples/bin'
[15.200s] INFO:colcon.colcon_core.shell:Creating package script '/home/roboticist/arduinobot_ws/install/arduinobot_cpp_examples/share/arduinobot_cpp_examples/package.ps1'
[15.210s] INFO:colcon.colcon_core.shell:Creating package descriptor '/home/roboticist/arduinobot_ws/install/arduinobot_cpp_examples/share/arduinobot_cpp_examples/package.dsv'
[15.213s] INFO:colcon.colcon_core.shell:Creating package script '/home/roboticist/arduinobot_ws/install/arduinobot_cpp_examples/share/arduinobot_cpp_examples/package.sh'
[15.216s] INFO:colcon.colcon_core.shell:Creating package script '/home/roboticist/arduinobot_ws/install/arduinobot_cpp_examples/share/arduinobot_cpp_examples/package.bash'
[15.217s] INFO:colcon.colcon_core.shell:Creating package script '/home/roboticist/arduinobot_ws/install/arduinobot_cpp_examples/share/arduinobot_cpp_examples/package.zsh'
[15.219s] Level 1:colcon.colcon_core.environment:create_file_with_runtime_dependencies(/home/roboticist/arduinobot_ws/install/arduinobot_cpp_examples/share/colcon-core/packages/arduinobot_cpp_examples)
[15.481s] Level 1:colcon.colcon_core.environment:create_environment_scripts_only(arduinobot_cpp_examples)
[15.540s] Level 1:colcon.colcon_core.environment:checking '/home/roboticist/arduinobot_ws/install/arduinobot_cpp_examples' for CMake module files
[15.541s] Level 1:colcon.colcon_core.environment:checking '/home/roboticist/arduinobot_ws/install/arduinobot_cpp_examples' for CMake config files
[15.542s] Level 1:colcon.colcon_core.shell:create_environment_hook('arduinobot_cpp_examples', 'cmake_prefix_path')
[15.589s] INFO:colcon.colcon_core.shell:Creating environment hook '/home/roboticist/arduinobot_ws/install/arduinobot_cpp_examples/share/arduinobot_cpp_examples/hook/cmake_prefix_path.ps1'
[15.591s] INFO:colcon.colcon_core.shell:Creating environment descriptor '/home/roboticist/arduinobot_ws/install/arduinobot_cpp_examples/share/arduinobot_cpp_examples/hook/cmake_prefix_path.dsv'
[15.594s] INFO:colcon.colcon_core.shell:Creating environment hook '/home/roboticist/arduinobot_ws/install/arduinobot_cpp_examples/share/arduinobot_cpp_examples/hook/cmake_prefix_path.sh'
[15.597s] Level 1:colcon.colcon_core.environment:checking '/home/roboticist/arduinobot_ws/install/arduinobot_cpp_examples/bin'
[15.598s] Level 1:colcon.colcon_core.environment:checking '/home/roboticist/arduinobot_ws/install/arduinobot_cpp_examples/lib/pkgconfig/arduinobot_cpp_examples.pc'
[15.598s] Level 1:colcon.colcon_core.environment:checking '/home/roboticist/arduinobot_ws/install/arduinobot_cpp_examples/lib/python3.10/site-packages'
[15.600s] Level 1:colcon.colcon_core.environment:checking '/home/roboticist/arduinobot_ws/install/arduinobot_cpp_examples/bin'
[15.648s] INFO:colcon.colcon_core.shell:Creating package script '/home/roboticist/arduinobot_ws/install/arduinobot_cpp_examples/share/arduinobot_cpp_examples/package.ps1'
[15.650s] INFO:colcon.colcon_core.shell:Creating package descriptor '/home/roboticist/arduinobot_ws/install/arduinobot_cpp_examples/share/arduinobot_cpp_examples/package.dsv'
[15.652s] INFO:colcon.colcon_core.shell:Creating package script '/home/roboticist/arduinobot_ws/install/arduinobot_cpp_examples/share/arduinobot_cpp_examples/package.sh'
[15.654s] INFO:colcon.colcon_core.shell:Creating package script '/home/roboticist/arduinobot_ws/install/arduinobot_cpp_examples/share/arduinobot_cpp_examples/package.bash'
[15.656s] INFO:colcon.colcon_core.shell:Creating package script '/home/roboticist/arduinobot_ws/install/arduinobot_cpp_examples/share/arduinobot_cpp_examples/package.zsh'
[15.657s] Level 1:colcon.colcon_core.environment:create_file_with_runtime_dependencies(/home/roboticist/arduinobot_ws/install/arduinobot_cpp_examples/share/colcon-core/packages/arduinobot_cpp_examples)
[15.658s] DEBUG:colcon.colcon_parallel_executor.executor.parallel:closing loop
[15.661s] DEBUG:colcon.colcon_parallel_executor.executor.parallel:loop closed
[15.661s] DEBUG:colcon.colcon_parallel_executor.executor.parallel:run_until_complete finished with '0'
[15.662s] DEBUG:colcon.colcon_core.event_reactor:joining thread
[15.791s] INFO:colcon.colcon_core.plugin_system:Skipping extension 'colcon_notification.desktop_notification.terminal_notifier': Not used on non-Darwin systems
[15.792s] INFO:colcon.colcon_core.plugin_system:Skipping extension 'colcon_notification.desktop_notification.win32': Not used on non-Windows systems
[15.792s] INFO:colcon.colcon_notification.desktop_notification:Sending desktop notification using 'notify2'
[16.521s] DEBUG:colcon.colcon_core.event_reactor:joined thread
[16.602s] INFO:colcon.colcon_core.shell:Creating prefix script '/home/roboticist/arduinobot_ws/install/local_setup.ps1'
[16.613s] INFO:colcon.colcon_core.shell:Creating prefix util module '/home/roboticist/arduinobot_ws/install/_local_setup_util_ps1.py'
[16.618s] INFO:colcon.colcon_core.shell:Creating prefix chain script '/home/roboticist/arduinobot_ws/install/setup.ps1'
[16.694s] INFO:colcon.colcon_core.shell:Creating prefix script '/home/roboticist/arduinobot_ws/install/local_setup.sh'
[16.696s] INFO:colcon.colcon_core.shell:Creating prefix util module '/home/roboticist/arduinobot_ws/install/_local_setup_util_sh.py'
[16.698s] INFO:colcon.colcon_core.shell:Creating prefix chain script '/home/roboticist/arduinobot_ws/install/setup.sh'
[16.752s] INFO:colcon.colcon_core.shell:Creating prefix script '/home/roboticist/arduinobot_ws/install/local_setup.bash'
[16.754s] INFO:colcon.colcon_core.shell:Creating prefix chain script '/home/roboticist/arduinobot_ws/install/setup.bash'
[16.803s] INFO:colcon.colcon_core.shell:Creating prefix script '/home/roboticist/arduinobot_ws/install/local_setup.zsh'
[16.805s] INFO:colcon.colcon_core.shell:Creating prefix chain script '/home/roboticist/arduinobot_ws/install/setup.zsh'
