[1.106s] Invoking command in '/home/roboticist/arduinobot_ws/build/arduinobot_description': CMAKE_PREFIX_PATH=/opt/ros/humble /usr/bin/cmake --build /home/roboticist/arduinobot_ws/build/arduinobot_description -- -j2 -l2
[2.598s] Invoked command in '/home/roboticist/arduinobot_ws/build/arduinobot_description' returned '0': CMAKE_PREFIX_PATH=/opt/ros/humble /usr/bin/cmake --build /home/roboticist/arduinobot_ws/build/arduinobot_description -- -j2 -l2
[4.217s] Invoking command in '/home/roboticist/arduinobot_ws/build/arduinobot_description': CMAKE_PREFIX_PATH=/opt/ros/humble /usr/bin/cmake --install /home/roboticist/arduinobot_ws/build/arduinobot_description
[4.547s] -- Install configuration: ""
[4.555s] -- Up-to-date: /home/roboticist/arduinobot_ws/install/arduinobot_description/share/arduinobot_description/meshes
[4.563s] -- Up-to-date: /home/roboticist/arduinobot_ws/install/arduinobot_description/share/arduinobot_description/meshes/link.STL
[4.570s] -- Up-to-date: /home/roboticist/arduinobot_ws/install/arduinobot_description/share/arduinobot_description/meshes/forward_drive_arm.STL
[4.577s] -- Up-to-date: /home/roboticist/arduinobot_ws/install/arduinobot_description/share/arduinobot_description/meshes/plate.STL
[4.583s] -- Up-to-date: /home/roboticist/arduinobot_ws/install/arduinobot_description/share/arduinobot_description/meshes/right_finger.STL
[4.585s] -- Up-to-date: /home/roboticist/arduinobot_ws/install/arduinobot_description/share/arduinobot_description/meshes/triangular_link.STL
[4.591s] -- Up-to-date: /home/roboticist/arduinobot_ws/install/arduinobot_description/share/arduinobot_description/meshes/round_plate.STL
[4.594s] -- Up-to-date: /home/roboticist/arduinobot_ws/install/arduinobot_description/share/arduinobot_description/meshes/basement.STL
[4.600s] -- Up-to-date: /home/roboticist/arduinobot_ws/install/arduinobot_description/share/arduinobot_description/meshes/left_finger.STL
[4.606s] -- Up-to-date: /home/roboticist/arduinobot_ws/install/arduinobot_description/share/arduinobot_description/meshes/vertical_drive_arm.STL
[4.615s] -- Up-to-date: /home/roboticist/arduinobot_ws/install/arduinobot_description/share/arduinobot_description/meshes/horizontal_arm.STL
[4.622s] -- Up-to-date: /home/roboticist/arduinobot_ws/install/arduinobot_description/share/arduinobot_description/meshes/servo_plate.STL
[4.643s] -- Up-to-date: /home/roboticist/arduinobot_ws/install/arduinobot_description/share/arduinobot_description/meshes/claw_support.STL
[4.644s] -- Up-to-date: /home/roboticist/arduinobot_ws/install/arduinobot_description/share/arduinobot_description/meshes/base_plate.STL
[4.644s] -- Up-to-date: /home/roboticist/arduinobot_ws/install/arduinobot_description/share/arduinobot_description/urdf
[4.645s] -- Up-to-date: /home/roboticist/arduinobot_ws/install/arduinobot_description/share/arduinobot_description/urdf/arduinobot.urdf.xacro
[4.652s] -- Up-to-date: /home/roboticist/arduinobot_ws/install/arduinobot_description/share/ament_index/resource_index/package_run_dependencies/arduinobot_description
[4.665s] -- Up-to-date: /home/roboticist/arduinobot_ws/install/arduinobot_description/share/ament_index/resource_index/parent_prefix_path/arduinobot_description
[4.665s] -- Up-to-date: /home/roboticist/arduinobot_ws/install/arduinobot_description/share/arduinobot_description/environment/ament_prefix_path.sh
[4.672s] -- Up-to-date: /home/roboticist/arduinobot_ws/install/arduinobot_description/share/arduinobot_description/environment/ament_prefix_path.dsv
[4.679s] -- Up-to-date: /home/roboticist/arduinobot_ws/install/arduinobot_description/share/arduinobot_description/environment/path.sh
[4.689s] -- Up-to-date: /home/roboticist/arduinobot_ws/install/arduinobot_description/share/arduinobot_description/environment/path.dsv
[4.690s] -- Up-to-date: /home/roboticist/arduinobot_ws/install/arduinobot_description/share/arduinobot_description/local_setup.bash
[4.701s] -- Up-to-date: /home/roboticist/arduinobot_ws/install/arduinobot_description/share/arduinobot_description/local_setup.sh
[4.702s] -- Up-to-date: /home/roboticist/arduinobot_ws/install/arduinobot_description/share/arduinobot_description/local_setup.zsh
[4.710s] -- Up-to-date: /home/roboticist/arduinobot_ws/install/arduinobot_description/share/arduinobot_description/local_setup.dsv
[4.718s] -- Installing: /home/roboticist/arduinobot_ws/install/arduinobot_description/share/arduinobot_description/package.dsv
[4.720s] -- Up-to-date: /home/roboticist/arduinobot_ws/install/arduinobot_description/share/ament_index/resource_index/packages/arduinobot_description
[4.728s] -- Up-to-date: /home/roboticist/arduinobot_ws/install/arduinobot_description/share/arduinobot_description/cmake/arduinobot_descriptionConfig.cmake
[4.739s] -- Up-to-date: /home/roboticist/arduinobot_ws/install/arduinobot_description/share/arduinobot_description/cmake/arduinobot_descriptionConfig-version.cmake
[4.756s] -- Up-to-date: /home/roboticist/arduinobot_ws/install/arduinobot_description/share/arduinobot_description/package.xml
[4.781s] Invoked command in '/home/roboticist/arduinobot_ws/build/arduinobot_description' returned '0': CMAKE_PREFIX_PATH=/opt/ros/humble /usr/bin/cmake --install /home/roboticist/arduinobot_ws/build/arduinobot_description
