[0.493s] Invoking command in '/home/roboticist/arduinobot_ws/build/arduinobot_description': CMAKE_PREFIX_PATH=${CMAKE_PREFIX_PATH}:/home/roboticist/arduinobot_ws/install/arduinobot_py_examples:/opt/ros/humble /usr/bin/cmake /home/roboticist/arduinobot_ws/src/arduinobot_description -DAMENT_CMAKE_SYMLINK_INSTALL=1 -DCMAKE_INSTALL_PREFIX=/home/roboticist/arduinobot_ws/install/arduinobot_description
[0.685s] -- Found ament_cmake: 1.3.5 (/opt/ros/humble/share/ament_cmake/cmake)
[1.786s] -- Override CMake install command with custom implementation using symlinks instead of copying resources
[2.011s] -- Found ament_lint_auto: 0.12.8 (/opt/ros/humble/share/ament_lint_auto/cmake)
[2.699s] -- Added test 'flake8' to check Python code syntax and style conventions
[2.702s] -- Added test 'lint_cmake' to check CMake code style
[2.705s] -- Added test 'pep257' to check Python code against some of the docstring style conventions in PEP 257
[2.740s] -- Added test 'xmllint' to check XML markup files
[2.771s] -- Configuring done
[2.924s] -- Generating done
[2.973s] -- Build files have been written to: /home/roboticist/arduinobot_ws/build/arduinobot_description
[2.996s] Invoked command in '/home/roboticist/arduinobot_ws/build/arduinobot_description' returned '0': CMAKE_PREFIX_PATH=${CMAKE_PREFIX_PATH}:/home/roboticist/arduinobot_ws/install/arduinobot_py_examples:/opt/ros/humble /usr/bin/cmake /home/roboticist/arduinobot_ws/src/arduinobot_description -DAMENT_CMAKE_SYMLINK_INSTALL=1 -DCMAKE_INSTALL_PREFIX=/home/roboticist/arduinobot_ws/install/arduinobot_description
[3.008s] Invoking command in '/home/roboticist/arduinobot_ws/build/arduinobot_description': CMAKE_PREFIX_PATH=${CMAKE_PREFIX_PATH}:/home/roboticist/arduinobot_ws/install/arduinobot_py_examples:/opt/ros/humble /usr/bin/cmake --build /home/roboticist/arduinobot_ws/build/arduinobot_description -- -j2 -l2
[3.466s] Invoked command in '/home/roboticist/arduinobot_ws/build/arduinobot_description' returned '0': CMAKE_PREFIX_PATH=${CMAKE_PREFIX_PATH}:/home/roboticist/arduinobot_ws/install/arduinobot_py_examples:/opt/ros/humble /usr/bin/cmake --build /home/roboticist/arduinobot_ws/build/arduinobot_description -- -j2 -l2
[3.765s] Invoking command in '/home/roboticist/arduinobot_ws/build/arduinobot_description': CMAKE_PREFIX_PATH=${CMAKE_PREFIX_PATH}:/home/roboticist/arduinobot_ws/install/arduinobot_py_examples:/opt/ros/humble /usr/bin/cmake --install /home/roboticist/arduinobot_ws/build/arduinobot_description
[3.885s] -- Install configuration: ""
[3.889s] -- Execute custom install script
[3.896s] -- Symlinking: /home/roboticist/arduinobot_ws/install/arduinobot_description/share/arduinobot_description/meshes/base_plate.STL
[4.018s] -- Symlinking: /home/roboticist/arduinobot_ws/install/arduinobot_description/share/arduinobot_description/meshes/basement.STL
[4.149s] -- Symlinking: /home/roboticist/arduinobot_ws/install/arduinobot_description/share/arduinobot_description/meshes/claw_support.STL
[4.279s] -- Symlinking: /home/roboticist/arduinobot_ws/install/arduinobot_description/share/arduinobot_description/meshes/forward_drive_arm.STL
[4.385s] -- Symlinking: /home/roboticist/arduinobot_ws/install/arduinobot_description/share/arduinobot_description/meshes/horizontal_arm.STL
[4.460s] -- Symlinking: /home/roboticist/arduinobot_ws/install/arduinobot_description/share/arduinobot_description/meshes/left_finger.STL
[4.544s] -- Symlinking: /home/roboticist/arduinobot_ws/install/arduinobot_description/share/arduinobot_description/meshes/link.STL
[4.590s] -- Symlinking: /home/roboticist/arduinobot_ws/install/arduinobot_description/share/arduinobot_description/meshes/plate.STL
[4.641s] -- Symlinking: /home/roboticist/arduinobot_ws/install/arduinobot_description/share/arduinobot_description/meshes/right_finger.STL
[4.725s] -- Symlinking: /home/roboticist/arduinobot_ws/install/arduinobot_description/share/arduinobot_description/meshes/round_plate.STL
[4.782s] -- Symlinking: /home/roboticist/arduinobot_ws/install/arduinobot_description/share/arduinobot_description/meshes/servo_plate.STL
[4.829s] -- Symlinking: /home/roboticist/arduinobot_ws/install/arduinobot_description/share/arduinobot_description/meshes/triangular_link.STL
[4.883s] -- Symlinking: /home/roboticist/arduinobot_ws/install/arduinobot_description/share/arduinobot_description/meshes/vertical_drive_arm.STL
[4.951s] -- Symlinking: /home/roboticist/arduinobot_ws/install/arduinobot_description/share/arduinobot_description/urdf/arduinobot.urdf.xacro
[5.055s] -- Symlinking: /home/roboticist/arduinobot_ws/install/arduinobot_description/share/arduinobot_description/launch/display.launch.py
[5.141s] -- Symlinking: /home/roboticist/arduinobot_ws/install/arduinobot_description/share/arduinobot_description/launch/gazebo.launch.py
[5.187s] -- Symlinking: /home/roboticist/arduinobot_ws/install/arduinobot_description/share/arduinobot_description/rviz/display.rviz
[5.267s] -- Symlinking: /home/roboticist/arduinobot_ws/install/arduinobot_description/share/ament_index/resource_index/package_run_dependencies/arduinobot_description
[5.339s] -- Symlinking: /home/roboticist/arduinobot_ws/install/arduinobot_description/share/ament_index/resource_index/parent_prefix_path/arduinobot_description
[5.428s] -- Symlinking: /home/roboticist/arduinobot_ws/install/arduinobot_description/share/arduinobot_description/environment/ament_prefix_path.sh
[5.510s] -- Symlinking: /home/roboticist/arduinobot_ws/install/arduinobot_description/share/arduinobot_description/environment/ament_prefix_path.dsv
[5.583s] -- Symlinking: /home/roboticist/arduinobot_ws/install/arduinobot_description/share/arduinobot_description/environment/path.sh
[5.660s] -- Symlinking: /home/roboticist/arduinobot_ws/install/arduinobot_description/share/arduinobot_description/environment/path.dsv
[5.768s] -- Symlinking: /home/roboticist/arduinobot_ws/install/arduinobot_description/share/arduinobot_description/local_setup.bash
[5.854s] -- Symlinking: /home/roboticist/arduinobot_ws/install/arduinobot_description/share/arduinobot_description/local_setup.sh
[5.945s] -- Symlinking: /home/roboticist/arduinobot_ws/install/arduinobot_description/share/arduinobot_description/local_setup.zsh
[6.071s] -- Symlinking: /home/roboticist/arduinobot_ws/install/arduinobot_description/share/arduinobot_description/local_setup.dsv
[6.108s] -- Symlinking: /home/roboticist/arduinobot_ws/install/arduinobot_description/share/arduinobot_description/package.dsv
[6.185s] -- Symlinking: /home/roboticist/arduinobot_ws/install/arduinobot_description/share/ament_index/resource_index/packages/arduinobot_description
[6.279s] -- Symlinking: /home/roboticist/arduinobot_ws/install/arduinobot_description/share/arduinobot_description/cmake/arduinobot_descriptionConfig.cmake
[6.375s] -- Symlinking: /home/roboticist/arduinobot_ws/install/arduinobot_description/share/arduinobot_description/cmake/arduinobot_descriptionConfig-version.cmake
[6.495s] -- Symlinking: /home/roboticist/arduinobot_ws/install/arduinobot_description/share/arduinobot_description/package.xml
[6.611s] Invoked command in '/home/roboticist/arduinobot_ws/build/arduinobot_description' returned '0': CMAKE_PREFIX_PATH=${CMAKE_PREFIX_PATH}:/home/roboticist/arduinobot_ws/install/arduinobot_py_examples:/opt/ros/humble /usr/bin/cmake --install /home/roboticist/arduinobot_ws/build/arduinobot_description
