[1.007s] Invoking command in '/home/roboticist/arduinobot_ws/build/arduinobot_description': CMAKE_PREFIX_PATH=/opt/ros/humble /usr/bin/cmake --build /home/roboticist/arduinobot_ws/build/arduinobot_description -- -j2 -l2
[2.289s] Invoked command in '/home/roboticist/arduinobot_ws/build/arduinobot_description' returned '0': CMAKE_PREFIX_PATH=/opt/ros/humble /usr/bin/cmake --build /home/roboticist/arduinobot_ws/build/arduinobot_description -- -j2 -l2
[3.559s] Invoking command in '/home/roboticist/arduinobot_ws/build/arduinobot_description': CMAKE_PREFIX_PATH=/opt/ros/humble /usr/bin/cmake --install /home/roboticist/arduinobot_ws/build/arduinobot_description
[3.767s] -- Install configuration: ""
[3.777s] -- Up-to-date: /home/roboticist/arduinobot_ws/install/arduinobot_description/share/arduinobot_description/meshes
[3.778s] -- Up-to-date: /home/roboticist/arduinobot_ws/install/arduinobot_description/share/arduinobot_description/meshes/link.STL
[3.778s] -- Up-to-date: /home/roboticist/arduinobot_ws/install/arduinobot_description/share/arduinobot_description/meshes/forward_drive_arm.STL
[3.779s] -- Up-to-date: /home/roboticist/arduinobot_ws/install/arduinobot_description/share/arduinobot_description/meshes/plate.STL
[3.780s] -- Up-to-date: /home/roboticist/arduinobot_ws/install/arduinobot_description/share/arduinobot_description/meshes/right_finger.STL
[3.785s] -- Up-to-date: /home/roboticist/arduinobot_ws/install/arduinobot_description/share/arduinobot_description/meshes/triangular_link.STL
[3.786s] -- Up-to-date: /home/roboticist/arduinobot_ws/install/arduinobot_description/share/arduinobot_description/meshes/round_plate.STL
[3.792s] -- Up-to-date: /home/roboticist/arduinobot_ws/install/arduinobot_description/share/arduinobot_description/meshes/basement.STL
[3.792s] -- Up-to-date: /home/roboticist/arduinobot_ws/install/arduinobot_description/share/arduinobot_description/meshes/left_finger.STL
[3.793s] -- Up-to-date: /home/roboticist/arduinobot_ws/install/arduinobot_description/share/arduinobot_description/meshes/vertical_drive_arm.STL
[3.794s] -- Up-to-date: /home/roboticist/arduinobot_ws/install/arduinobot_description/share/arduinobot_description/meshes/horizontal_arm.STL
[3.795s] -- Up-to-date: /home/roboticist/arduinobot_ws/install/arduinobot_description/share/arduinobot_description/meshes/servo_plate.STL
[3.795s] -- Up-to-date: /home/roboticist/arduinobot_ws/install/arduinobot_description/share/arduinobot_description/meshes/claw_support.STL
[3.802s] -- Up-to-date: /home/roboticist/arduinobot_ws/install/arduinobot_description/share/arduinobot_description/meshes/base_plate.STL
[3.803s] -- Up-to-date: /home/roboticist/arduinobot_ws/install/arduinobot_description/share/arduinobot_description/urdf
[3.805s] -- Up-to-date: /home/roboticist/arduinobot_ws/install/arduinobot_description/share/arduinobot_description/urdf/arduinobot.urdf.xacro
[3.812s] -- Up-to-date: /home/roboticist/arduinobot_ws/install/arduinobot_description/share/ament_index/resource_index/package_run_dependencies/arduinobot_description
[3.813s] -- Up-to-date: /home/roboticist/arduinobot_ws/install/arduinobot_description/share/ament_index/resource_index/parent_prefix_path/arduinobot_description
[3.813s] -- Up-to-date: /home/roboticist/arduinobot_ws/install/arduinobot_description/share/arduinobot_description/environment/ament_prefix_path.sh
[3.814s] -- Up-to-date: /home/roboticist/arduinobot_ws/install/arduinobot_description/share/arduinobot_description/environment/ament_prefix_path.dsv
[3.814s] -- Up-to-date: /home/roboticist/arduinobot_ws/install/arduinobot_description/share/arduinobot_description/environment/path.sh
[3.815s] -- Up-to-date: /home/roboticist/arduinobot_ws/install/arduinobot_description/share/arduinobot_description/environment/path.dsv
[3.815s] -- Up-to-date: /home/roboticist/arduinobot_ws/install/arduinobot_description/share/arduinobot_description/local_setup.bash
[3.815s] -- Up-to-date: /home/roboticist/arduinobot_ws/install/arduinobot_description/share/arduinobot_description/local_setup.sh
[3.816s] -- Up-to-date: /home/roboticist/arduinobot_ws/install/arduinobot_description/share/arduinobot_description/local_setup.zsh
[3.816s] -- Up-to-date: /home/roboticist/arduinobot_ws/install/arduinobot_description/share/arduinobot_description/local_setup.dsv
[3.828s] -- Installing: /home/roboticist/arduinobot_ws/install/arduinobot_description/share/arduinobot_description/package.dsv
[3.829s] -- Up-to-date: /home/roboticist/arduinobot_ws/install/arduinobot_description/share/ament_index/resource_index/packages/arduinobot_description
[3.830s] -- Up-to-date: /home/roboticist/arduinobot_ws/install/arduinobot_description/share/arduinobot_description/cmake/arduinobot_descriptionConfig.cmake
[3.844s] -- Up-to-date: /home/roboticist/arduinobot_ws/install/arduinobot_description/share/arduinobot_description/cmake/arduinobot_descriptionConfig-version.cmake
[3.845s] -- Up-to-date: /home/roboticist/arduinobot_ws/install/arduinobot_description/share/arduinobot_description/package.xml
[3.853s] Invoked command in '/home/roboticist/arduinobot_ws/build/arduinobot_description' returned '0': CMAKE_PREFIX_PATH=/opt/ros/humble /usr/bin/cmake --install /home/roboticist/arduinobot_ws/build/arduinobot_description
