[0.359s] Invoking command in '/home/roboticist/arduinobot_ws/build/arduinobot_description': CMAKE_PREFIX_PATH=/opt/ros/humble /usr/bin/cmake --build /home/roboticist/arduinobot_ws/build/arduinobot_description -- -j2 -l2
[0.663s] -- Found ament_cmake: 1.3.5 (/opt/ros/humble/share/ament_cmake/cmake)
[1.784s] -- Found ament_lint_auto: 0.12.8 (/opt/ros/humble/share/ament_lint_auto/cmake)
[2.202s] -- Added test 'flake8' to check Python code syntax and style conventions
[2.213s] -- Added test 'lint_cmake' to check CMake code style
[2.223s] -- Added test 'pep257' to check Python code against some of the docstring style conventions in PEP 257
[2.243s] -- Added test 'xmllint' to check XML markup files
[2.259s] -- Configuring done
[2.352s] -- Generating done
[2.353s] -- Build files have been written to: /home/roboticist/arduinobot_ws/build/arduinobot_description
[2.824s] Invoked command in '/home/roboticist/arduinobot_ws/build/arduinobot_description' returned '0': CMAKE_PREFIX_PATH=/opt/ros/humble /usr/bin/cmake --build /home/roboticist/arduinobot_ws/build/arduinobot_description -- -j2 -l2
[3.071s] Invoking command in '/home/roboticist/arduinobot_ws/build/arduinobot_description': CMAKE_PREFIX_PATH=/opt/ros/humble /usr/bin/cmake --install /home/roboticist/arduinobot_ws/build/arduinobot_description
[3.165s] -- Install configuration: ""
[3.172s] -- Up-to-date: /home/roboticist/arduinobot_ws/install/arduinobot_description/share/arduinobot_description/meshes
[3.174s] -- Up-to-date: /home/roboticist/arduinobot_ws/install/arduinobot_description/share/arduinobot_description/meshes/link.STL
[3.179s] -- Up-to-date: /home/roboticist/arduinobot_ws/install/arduinobot_description/share/arduinobot_description/meshes/forward_drive_arm.STL
[3.180s] -- Up-to-date: /home/roboticist/arduinobot_ws/install/arduinobot_description/share/arduinobot_description/meshes/plate.STL
[3.181s] -- Up-to-date: /home/roboticist/arduinobot_ws/install/arduinobot_description/share/arduinobot_description/meshes/right_finger.STL
[3.182s] -- Up-to-date: /home/roboticist/arduinobot_ws/install/arduinobot_description/share/arduinobot_description/meshes/triangular_link.STL
[3.184s] -- Up-to-date: /home/roboticist/arduinobot_ws/install/arduinobot_description/share/arduinobot_description/meshes/round_plate.STL
[3.185s] -- Up-to-date: /home/roboticist/arduinobot_ws/install/arduinobot_description/share/arduinobot_description/meshes/basement.STL
[3.194s] -- Up-to-date: /home/roboticist/arduinobot_ws/install/arduinobot_description/share/arduinobot_description/meshes/left_finger.STL
[3.195s] -- Up-to-date: /home/roboticist/arduinobot_ws/install/arduinobot_description/share/arduinobot_description/meshes/vertical_drive_arm.STL
[3.196s] -- Up-to-date: /home/roboticist/arduinobot_ws/install/arduinobot_description/share/arduinobot_description/meshes/horizontal_arm.STL
[3.197s] -- Up-to-date: /home/roboticist/arduinobot_ws/install/arduinobot_description/share/arduinobot_description/meshes/servo_plate.STL
[3.198s] -- Up-to-date: /home/roboticist/arduinobot_ws/install/arduinobot_description/share/arduinobot_description/meshes/claw_support.STL
[3.198s] -- Up-to-date: /home/roboticist/arduinobot_ws/install/arduinobot_description/share/arduinobot_description/meshes/base_plate.STL
[3.200s] -- Up-to-date: /home/roboticist/arduinobot_ws/install/arduinobot_description/share/arduinobot_description/urdf
[3.202s] -- Up-to-date: /home/roboticist/arduinobot_ws/install/arduinobot_description/share/arduinobot_description/urdf/arduinobot.urdf.xacro
[3.204s] -- Installing: /home/roboticist/arduinobot_ws/install/arduinobot_description/share/arduinobot_description/launch
[3.207s] -- Installing: /home/roboticist/arduinobot_ws/install/arduinobot_description/share/arduinobot_description/launch/display.launch.py
[3.209s] -- Installing: /home/roboticist/arduinobot_ws/install/arduinobot_description/share/arduinobot_description/rviz
[3.213s] -- Installing: /home/roboticist/arduinobot_ws/install/arduinobot_description/share/arduinobot_description/rviz/display.rviz
[3.216s] -- Installing: /home/roboticist/arduinobot_ws/install/arduinobot_description/share/ament_index/resource_index/package_run_dependencies/arduinobot_description
[3.218s] -- Up-to-date: /home/roboticist/arduinobot_ws/install/arduinobot_description/share/ament_index/resource_index/parent_prefix_path/arduinobot_description
[3.219s] -- Up-to-date: /home/roboticist/arduinobot_ws/install/arduinobot_description/share/arduinobot_description/environment/ament_prefix_path.sh
[3.220s] -- Installing: /home/roboticist/arduinobot_ws/install/arduinobot_description/share/arduinobot_description/environment/ament_prefix_path.dsv
[3.222s] -- Up-to-date: /home/roboticist/arduinobot_ws/install/arduinobot_description/share/arduinobot_description/environment/path.sh
[3.223s] -- Installing: /home/roboticist/arduinobot_ws/install/arduinobot_description/share/arduinobot_description/environment/path.dsv
[3.226s] -- Up-to-date: /home/roboticist/arduinobot_ws/install/arduinobot_description/share/arduinobot_description/local_setup.bash
[3.227s] -- Up-to-date: /home/roboticist/arduinobot_ws/install/arduinobot_description/share/arduinobot_description/local_setup.sh
[3.228s] -- Up-to-date: /home/roboticist/arduinobot_ws/install/arduinobot_description/share/arduinobot_description/local_setup.zsh
[3.229s] -- Installing: /home/roboticist/arduinobot_ws/install/arduinobot_description/share/arduinobot_description/local_setup.dsv
[3.231s] -- Installing: /home/roboticist/arduinobot_ws/install/arduinobot_description/share/arduinobot_description/package.dsv
[3.233s] -- Up-to-date: /home/roboticist/arduinobot_ws/install/arduinobot_description/share/ament_index/resource_index/packages/arduinobot_description
[3.234s] -- Up-to-date: /home/roboticist/arduinobot_ws/install/arduinobot_description/share/arduinobot_description/cmake/arduinobot_descriptionConfig.cmake
[3.235s] -- Up-to-date: /home/roboticist/arduinobot_ws/install/arduinobot_description/share/arduinobot_description/cmake/arduinobot_descriptionConfig-version.cmake
[3.236s] -- Installing: /home/roboticist/arduinobot_ws/install/arduinobot_description/share/arduinobot_description/package.xml
[3.248s] Invoked command in '/home/roboticist/arduinobot_ws/build/arduinobot_description' returned '0': CMAKE_PREFIX_PATH=/opt/ros/humble /usr/bin/cmake --install /home/roboticist/arduinobot_ws/build/arduinobot_description
