[0.360s] Invoking command in '/home/roboticist/arduinobot_ws/build/arduinobot_cpp_examples': CMAKE_PREFIX_PATH=/opt/ros/humble /usr/bin/cmake --build /home/roboticist/arduinobot_ws/build/arduinobot_cpp_examples -- -j2 -l2
[1.163s] [100%] Built target simple_publisher
[1.792s] Invoked command in '/home/roboticist/arduinobot_ws/build/arduinobot_cpp_examples' returned '0': CMAKE_PREFIX_PATH=/opt/ros/humble /usr/bin/cmake --build /home/roboticist/arduinobot_ws/build/arduinobot_cpp_examples -- -j2 -l2
[2.285s] Invoking command in '/home/roboticist/arduinobot_ws/build/arduinobot_cpp_examples': CMAKE_PREFIX_PATH=/opt/ros/humble /usr/bin/cmake --install /home/roboticist/arduinobot_ws/build/arduinobot_cpp_examples
[2.352s] -- Install configuration: ""
[2.352s] -- Up-to-date: /home/roboticist/arduinobot_ws/install/arduinobot_cpp_examples/lib/arduinobot_cpp_examples/simple_publisher
[2.355s] -- Up-to-date: /home/roboticist/arduinobot_ws/install/arduinobot_cpp_examples/share/ament_index/resource_index/package_run_dependencies/arduinobot_cpp_examples
[2.355s] -- Up-to-date: /home/roboticist/arduinobot_ws/install/arduinobot_cpp_examples/share/ament_index/resource_index/parent_prefix_path/arduinobot_cpp_examples
[2.356s] -- Up-to-date: /home/roboticist/arduinobot_ws/install/arduinobot_cpp_examples/share/arduinobot_cpp_examples/environment/ament_prefix_path.sh
[2.356s] -- Up-to-date: /home/roboticist/arduinobot_ws/install/arduinobot_cpp_examples/share/arduinobot_cpp_examples/environment/ament_prefix_path.dsv
[2.356s] -- Up-to-date: /home/roboticist/arduinobot_ws/install/arduinobot_cpp_examples/share/arduinobot_cpp_examples/environment/path.sh
[2.356s] -- Up-to-date: /home/roboticist/arduinobot_ws/install/arduinobot_cpp_examples/share/arduinobot_cpp_examples/environment/path.dsv
[2.356s] -- Up-to-date: /home/roboticist/arduinobot_ws/install/arduinobot_cpp_examples/share/arduinobot_cpp_examples/local_setup.bash
[2.356s] -- Up-to-date: /home/roboticist/arduinobot_ws/install/arduinobot_cpp_examples/share/arduinobot_cpp_examples/local_setup.sh
[2.356s] -- Up-to-date: /home/roboticist/arduinobot_ws/install/arduinobot_cpp_examples/share/arduinobot_cpp_examples/local_setup.zsh
[2.356s] -- Up-to-date: /home/roboticist/arduinobot_ws/install/arduinobot_cpp_examples/share/arduinobot_cpp_examples/local_setup.dsv
[2.356s] -- Installing: /home/roboticist/arduinobot_ws/install/arduinobot_cpp_examples/share/arduinobot_cpp_examples/package.dsv
[2.367s] -- Up-to-date: /home/roboticist/arduinobot_ws/install/arduinobot_cpp_examples/share/ament_index/resource_index/packages/arduinobot_cpp_examples
[2.367s] -- Up-to-date: /home/roboticist/arduinobot_ws/install/arduinobot_cpp_examples/share/arduinobot_cpp_examples/cmake/arduinobot_cpp_examplesConfig.cmake
[2.368s] -- Up-to-date: /home/roboticist/arduinobot_ws/install/arduinobot_cpp_examples/share/arduinobot_cpp_examples/cmake/arduinobot_cpp_examplesConfig-version.cmake
[2.368s] -- Up-to-date: /home/roboticist/arduinobot_ws/install/arduinobot_cpp_examples/share/arduinobot_cpp_examples/package.xml
[2.376s] Invoked command in '/home/roboticist/arduinobot_ws/build/arduinobot_cpp_examples' returned '0': CMAKE_PREFIX_PATH=/opt/ros/humble /usr/bin/cmake --install /home/roboticist/arduinobot_ws/build/arduinobot_cpp_examples
