[4.877s] DEBUG:colcon:Command line arguments: ['/usr/bin/colcon', 'build']
[4.877s] DEBUG:colcon:Parsed command line arguments: Namespace(log_base=None, log_level=None, verb_name='build', build_base='build', install_base='install', merge_install=False, symlink_install=False, test_result_base=None, continue_on_error=False, executor='parallel', parallel_workers=2, event_handlers=None, ignore_user_meta=False, metas=['./colcon.meta'], base_paths=['.'], packages_ignore=None, packages_ignore_regex=None, paths=None, packages_up_to=None, packages_up_to_regex=None, packages_above=None, packages_above_and_dependencies=None, packages_above_depth=None, packages_select_by_dep=None, packages_skip_by_dep=None, packages_skip_up_to=None, packages_select_build_failed=False, packages_skip_build_finished=False, packages_select_test_failures=False, packages_skip_test_passed=False, packages_select=None, packages_skip=None, packages_select_regex=None, packages_skip_regex=None, packages_start=None, packages_end=None, allow_overriding=[], cmake_args=None, cmake_target=None, cmake_target_skip_unavailable=False, cmake_clean_cache=False, cmake_clean_first=False, cmake_force_configure=False, ament_cmake_args=None, catkin_cmake_args=None, catkin_skip_building_tests=False, verb_parser=<colcon_defaults.argument_parser.defaults.DefaultArgumentsDecorator object at 0x7ffa33b38640>, verb_extension=<colcon_core.verb.build.BuildVerb object at 0x7ffa33b39de0>, main=<bound method BuildVerb.main of <colcon_core.verb.build.BuildVerb object at 0x7ffa33b39de0>>)
[5.250s] Level 1:colcon.colcon_core.package_discovery:discover_packages(colcon_meta) check parameters
[5.250s] Level 1:colcon.colcon_core.package_discovery:discover_packages(recursive) check parameters
[5.250s] Level 1:colcon.colcon_core.package_discovery:discover_packages(ignore) check parameters
[5.250s] Level 1:colcon.colcon_core.package_discovery:discover_packages(path) check parameters
[5.251s] Level 1:colcon.colcon_core.package_discovery:discover_packages(colcon_meta) discover
[5.251s] Level 1:colcon.colcon_core.package_discovery:discover_packages(recursive) discover
[5.251s] INFO:colcon.colcon_core.package_discovery:Crawling recursively for packages in '/home/roboticist/arduinobot_ws'
[5.251s] Level 1:colcon.colcon_core.package_identification:_identify(.) by extensions ['ignore', 'ignore_ament_install']
[5.251s] Level 1:colcon.colcon_core.package_identification:_identify(.) by extension 'ignore'
[5.251s] Level 1:colcon.colcon_core.package_identification:_identify(.) by extension 'ignore_ament_install'
[5.252s] Level 1:colcon.colcon_core.package_identification:_identify(.) by extensions ['colcon_pkg']
[5.252s] Level 1:colcon.colcon_core.package_identification:_identify(.) by extension 'colcon_pkg'
[5.252s] Level 1:colcon.colcon_core.package_identification:_identify(.) by extensions ['colcon_meta']
[5.252s] Level 1:colcon.colcon_core.package_identification:_identify(.) by extension 'colcon_meta'
[5.252s] Level 1:colcon.colcon_core.package_identification:_identify(.) by extensions ['ros']
[5.252s] Level 1:colcon.colcon_core.package_identification:_identify(.) by extension 'ros'
[5.312s] Level 1:colcon.colcon_core.package_identification:_identify(.) by extensions ['cmake', 'python']
[5.312s] Level 1:colcon.colcon_core.package_identification:_identify(.) by extension 'cmake'
[5.312s] Level 1:colcon.colcon_core.package_identification:_identify(.) by extension 'python'
[5.312s] Level 1:colcon.colcon_core.package_identification:_identify(.) by extensions ['python_setup_py']
[5.312s] Level 1:colcon.colcon_core.package_identification:_identify(.) by extension 'python_setup_py'
[5.313s] Level 1:colcon.colcon_core.package_identification:_identify(build) by extensions ['ignore', 'ignore_ament_install']
[5.313s] Level 1:colcon.colcon_core.package_identification:_identify(build) by extension 'ignore'
[5.313s] Level 1:colcon.colcon_core.package_identification:_identify(build) ignored
[5.313s] Level 1:colcon.colcon_core.package_identification:_identify(install) by extensions ['ignore', 'ignore_ament_install']
[5.313s] Level 1:colcon.colcon_core.package_identification:_identify(install) by extension 'ignore'
[5.314s] Level 1:colcon.colcon_core.package_identification:_identify(install) ignored
[5.314s] Level 1:colcon.colcon_core.package_identification:_identify(log) by extensions ['ignore', 'ignore_ament_install']
[5.314s] Level 1:colcon.colcon_core.package_identification:_identify(log) by extension 'ignore'
[5.315s] Level 1:colcon.colcon_core.package_identification:_identify(log) ignored
[5.315s] Level 1:colcon.colcon_core.package_identification:_identify(src) by extensions ['ignore', 'ignore_ament_install']
[5.315s] Level 1:colcon.colcon_core.package_identification:_identify(src) by extension 'ignore'
[5.315s] Level 1:colcon.colcon_core.package_identification:_identify(src) by extension 'ignore_ament_install'
[5.315s] Level 1:colcon.colcon_core.package_identification:_identify(src) by extensions ['colcon_pkg']
[5.315s] Level 1:colcon.colcon_core.package_identification:_identify(src) by extension 'colcon_pkg'
[5.317s] Level 1:colcon.colcon_core.package_identification:_identify(src) by extensions ['colcon_meta']
[5.317s] Level 1:colcon.colcon_core.package_identification:_identify(src) by extension 'colcon_meta'
[5.317s] Level 1:colcon.colcon_core.package_identification:_identify(src) by extensions ['ros']
[5.318s] Level 1:colcon.colcon_core.package_identification:_identify(src) by extension 'ros'
[5.318s] Level 1:colcon.colcon_core.package_identification:_identify(src) by extensions ['cmake', 'python']
[5.318s] Level 1:colcon.colcon_core.package_identification:_identify(src) by extension 'cmake'
[5.318s] Level 1:colcon.colcon_core.package_identification:_identify(src) by extension 'python'
[5.319s] Level 1:colcon.colcon_core.package_identification:_identify(src) by extensions ['python_setup_py']
[5.319s] Level 1:colcon.colcon_core.package_identification:_identify(src) by extension 'python_setup_py'
[5.319s] Level 1:colcon.colcon_core.package_discovery:discover_packages(recursive) using defaults
[5.320s] Level 1:colcon.colcon_core.package_discovery:discover_packages(ignore) discover
[5.320s] Level 1:colcon.colcon_core.package_discovery:discover_packages(ignore) using defaults
[5.320s] Level 1:colcon.colcon_core.package_discovery:discover_packages(path) discover
[5.320s] Level 1:colcon.colcon_core.package_discovery:discover_packages(path) using defaults
[5.718s] Level 1:colcon.colcon_core.package_discovery:discover_packages(prefix_path) check parameters
[5.718s] Level 1:colcon.colcon_core.package_discovery:discover_packages(prefix_path) discover
[5.843s] DEBUG:colcon.colcon_installed_package_information.package_discovery:Found 350 installed packages in /opt/ros/humble
[5.847s] Level 1:colcon.colcon_core.package_discovery:discover_packages(prefix_path) using defaults
[6.205s] INFO:colcon.colcon_core.executor:Executing jobs using 'parallel' executor
[6.252s] DEBUG:colcon.colcon_parallel_executor.executor.parallel:run_until_complete
[6.252s] DEBUG:colcon.colcon_parallel_executor.executor.parallel:closing loop
[6.253s] DEBUG:colcon.colcon_parallel_executor.executor.parallel:loop closed
[6.253s] DEBUG:colcon.colcon_parallel_executor.executor.parallel:run_until_complete finished with '0'
[6.253s] DEBUG:colcon.colcon_core.event_reactor:joining thread
[6.353s] INFO:colcon.colcon_core.plugin_system:Skipping extension 'colcon_notification.desktop_notification.terminal_notifier': Not used on non-Darwin systems
[6.354s] INFO:colcon.colcon_core.plugin_system:Skipping extension 'colcon_notification.desktop_notification.win32': Not used on non-Windows systems
[6.354s] INFO:colcon.colcon_notification.desktop_notification:Sending desktop notification using 'notify2'
[6.870s] DEBUG:colcon.colcon_core.event_reactor:joined thread
[6.969s] INFO:colcon.colcon_core.plugin_system:Skipping extension 'colcon_core.shell.bat': Not used on non-Windows systems
[6.970s] INFO:colcon.colcon_core.shell:Creating prefix script '/home/roboticist/arduinobot_ws/install/local_setup.ps1'
[6.978s] INFO:colcon.colcon_core.shell:Creating prefix util module '/home/roboticist/arduinobot_ws/install/_local_setup_util_ps1.py'
[6.990s] INFO:colcon.colcon_core.shell:Creating prefix chain script '/home/roboticist/arduinobot_ws/install/setup.ps1'
[7.040s] INFO:colcon.colcon_core.shell:Creating prefix script '/home/roboticist/arduinobot_ws/install/local_setup.sh'
[7.046s] INFO:colcon.colcon_core.shell:Creating prefix util module '/home/roboticist/arduinobot_ws/install/_local_setup_util_sh.py'
[7.047s] INFO:colcon.colcon_core.shell:Creating prefix chain script '/home/roboticist/arduinobot_ws/install/setup.sh'
[7.117s] INFO:colcon.colcon_core.shell:Creating prefix script '/home/roboticist/arduinobot_ws/install/local_setup.bash'
[7.121s] INFO:colcon.colcon_core.shell:Creating prefix chain script '/home/roboticist/arduinobot_ws/install/setup.bash'
[7.172s] INFO:colcon.colcon_core.shell:Creating prefix script '/home/roboticist/arduinobot_ws/install/local_setup.zsh'
[7.177s] INFO:colcon.colcon_core.shell:Creating prefix chain script '/home/roboticist/arduinobot_ws/install/setup.zsh'
