[1.909s] DEBUG:colcon:Command line arguments: ['/usr/bin/colcon', 'build']
[1.909s] DEBUG:colcon:Parsed command line arguments: Namespace(log_base=None, log_level=None, verb_name='build', build_base='build', install_base='install', merge_install=False, symlink_install=False, test_result_base=None, continue_on_error=False, executor='parallel', parallel_workers=2, event_handlers=None, ignore_user_meta=False, metas=['./colcon.meta'], base_paths=['.'], packages_ignore=None, packages_ignore_regex=None, paths=None, packages_up_to=None, packages_up_to_regex=None, packages_above=None, packages_above_and_dependencies=None, packages_above_depth=None, packages_select_by_dep=None, packages_skip_by_dep=None, packages_skip_up_to=None, packages_select_build_failed=False, packages_skip_build_finished=False, packages_select_test_failures=False, packages_skip_test_passed=False, packages_select=None, packages_skip=None, packages_select_regex=None, packages_skip_regex=None, packages_start=None, packages_end=None, allow_overriding=[], cmake_args=None, cmake_target=None, cmake_target_skip_unavailable=False, cmake_clean_cache=False, cmake_clean_first=False, cmake_force_configure=False, ament_cmake_args=None, catkin_cmake_args=None, catkin_skip_building_tests=False, verb_parser=<colcon_defaults.argument_parser.defaults.DefaultArgumentsDecorator object at 0x7efdbc228730>, verb_extension=<colcon_core.verb.build.BuildVerb object at 0x7efdbc22c910>, main=<bound method BuildVerb.main of <colcon_core.verb.build.BuildVerb object at 0x7efdbc22c910>>)
[1.998s] Level 1:colcon.colcon_core.package_discovery:discover_packages(colcon_meta) check parameters
[1.999s] Level 1:colcon.colcon_core.package_discovery:discover_packages(recursive) check parameters
[1.999s] Level 1:colcon.colcon_core.package_discovery:discover_packages(ignore) check parameters
[1.999s] Level 1:colcon.colcon_core.package_discovery:discover_packages(path) check parameters
[2.000s] Level 1:colcon.colcon_core.package_discovery:discover_packages(colcon_meta) discover
[2.000s] Level 1:colcon.colcon_core.package_discovery:discover_packages(recursive) discover
[2.000s] INFO:colcon.colcon_core.package_discovery:Crawling recursively for packages in '/home/roboticist/arduinobot_ws'
[2.000s] Level 1:colcon.colcon_core.package_identification:_identify(.) by extensions ['ignore', 'ignore_ament_install']
[2.001s] Level 1:colcon.colcon_core.package_identification:_identify(.) by extension 'ignore'
[2.001s] Level 1:colcon.colcon_core.package_identification:_identify(.) by extension 'ignore_ament_install'
[2.001s] Level 1:colcon.colcon_core.package_identification:_identify(.) by extensions ['colcon_pkg']
[2.001s] Level 1:colcon.colcon_core.package_identification:_identify(.) by extension 'colcon_pkg'
[2.001s] Level 1:colcon.colcon_core.package_identification:_identify(.) by extensions ['colcon_meta']
[2.002s] Level 1:colcon.colcon_core.package_identification:_identify(.) by extension 'colcon_meta'
[2.002s] Level 1:colcon.colcon_core.package_identification:_identify(.) by extensions ['ros']
[2.002s] Level 1:colcon.colcon_core.package_identification:_identify(.) by extension 'ros'
[2.044s] Level 1:colcon.colcon_core.package_identification:_identify(.) by extensions ['cmake', 'python']
[2.044s] Level 1:colcon.colcon_core.package_identification:_identify(.) by extension 'cmake'
[2.044s] Level 1:colcon.colcon_core.package_identification:_identify(.) by extension 'python'
[2.045s] Level 1:colcon.colcon_core.package_identification:_identify(.) by extensions ['python_setup_py']
[2.045s] Level 1:colcon.colcon_core.package_identification:_identify(.) by extension 'python_setup_py'
[2.046s] Level 1:colcon.colcon_core.package_identification:_identify(build) by extensions ['ignore', 'ignore_ament_install']
[2.048s] Level 1:colcon.colcon_core.package_identification:_identify(build) by extension 'ignore'
[2.049s] Level 1:colcon.colcon_core.package_identification:_identify(build) ignored
[2.050s] Level 1:colcon.colcon_core.package_identification:_identify(install) by extensions ['ignore', 'ignore_ament_install']
[2.050s] Level 1:colcon.colcon_core.package_identification:_identify(install) by extension 'ignore'
[2.050s] Level 1:colcon.colcon_core.package_identification:_identify(install) ignored
[2.051s] Level 1:colcon.colcon_core.package_identification:_identify(log) by extensions ['ignore', 'ignore_ament_install']
[2.051s] Level 1:colcon.colcon_core.package_identification:_identify(log) by extension 'ignore'
[2.052s] Level 1:colcon.colcon_core.package_identification:_identify(log) ignored
[2.052s] Level 1:colcon.colcon_core.package_identification:_identify(src) by extensions ['ignore', 'ignore_ament_install']
[2.052s] Level 1:colcon.colcon_core.package_identification:_identify(src) by extension 'ignore'
[2.053s] Level 1:colcon.colcon_core.package_identification:_identify(src) by extension 'ignore_ament_install'
[2.053s] Level 1:colcon.colcon_core.package_identification:_identify(src) by extensions ['colcon_pkg']
[2.053s] Level 1:colcon.colcon_core.package_identification:_identify(src) by extension 'colcon_pkg'
[2.054s] Level 1:colcon.colcon_core.package_identification:_identify(src) by extensions ['colcon_meta']
[2.054s] Level 1:colcon.colcon_core.package_identification:_identify(src) by extension 'colcon_meta'
[2.054s] Level 1:colcon.colcon_core.package_identification:_identify(src) by extensions ['ros']
[2.054s] Level 1:colcon.colcon_core.package_identification:_identify(src) by extension 'ros'
[2.055s] Level 1:colcon.colcon_core.package_identification:_identify(src) by extensions ['cmake', 'python']
[2.055s] Level 1:colcon.colcon_core.package_identification:_identify(src) by extension 'cmake'
[2.055s] Level 1:colcon.colcon_core.package_identification:_identify(src) by extension 'python'
[2.056s] Level 1:colcon.colcon_core.package_identification:_identify(src) by extensions ['python_setup_py']
[2.056s] Level 1:colcon.colcon_core.package_identification:_identify(src) by extension 'python_setup_py'
[2.057s] Level 1:colcon.colcon_core.package_identification:_identify(src/arduinobot_cpp_examples) by extensions ['ignore', 'ignore_ament_install']
[2.057s] Level 1:colcon.colcon_core.package_identification:_identify(src/arduinobot_cpp_examples) by extension 'ignore'
[2.057s] Level 1:colcon.colcon_core.package_identification:_identify(src/arduinobot_cpp_examples) by extension 'ignore_ament_install'
[2.058s] Level 1:colcon.colcon_core.package_identification:_identify(src/arduinobot_cpp_examples) by extensions ['colcon_pkg']
[2.058s] Level 1:colcon.colcon_core.package_identification:_identify(src/arduinobot_cpp_examples) by extension 'colcon_pkg'
[2.059s] Level 1:colcon.colcon_core.package_identification:_identify(src/arduinobot_cpp_examples) by extensions ['colcon_meta']
[2.060s] Level 1:colcon.colcon_core.package_identification:_identify(src/arduinobot_cpp_examples) by extension 'colcon_meta'
[2.060s] Level 1:colcon.colcon_core.package_identification:_identify(src/arduinobot_cpp_examples) by extensions ['ros']
[2.060s] Level 1:colcon.colcon_core.package_identification:_identify(src/arduinobot_cpp_examples) by extension 'ros'
[2.064s] DEBUG:colcon.colcon_core.package_identification:Package 'src/arduinobot_cpp_examples' with type 'ros.ament_cmake' and name 'arduinobot_cpp_examples'
[2.065s] Level 1:colcon.colcon_core.package_identification:_identify(src/arduinobot_description) by extensions ['ignore', 'ignore_ament_install']
[2.065s] Level 1:colcon.colcon_core.package_identification:_identify(src/arduinobot_description) by extension 'ignore'
[2.065s] Level 1:colcon.colcon_core.package_identification:_identify(src/arduinobot_description) by extension 'ignore_ament_install'
[2.066s] Level 1:colcon.colcon_core.package_identification:_identify(src/arduinobot_description) by extensions ['colcon_pkg']
[2.066s] Level 1:colcon.colcon_core.package_identification:_identify(src/arduinobot_description) by extension 'colcon_pkg'
[2.066s] Level 1:colcon.colcon_core.package_identification:_identify(src/arduinobot_description) by extensions ['colcon_meta']
[2.066s] Level 1:colcon.colcon_core.package_identification:_identify(src/arduinobot_description) by extension 'colcon_meta'
[2.066s] Level 1:colcon.colcon_core.package_identification:_identify(src/arduinobot_description) by extensions ['ros']
[2.067s] Level 1:colcon.colcon_core.package_identification:_identify(src/arduinobot_description) by extension 'ros'
[2.067s] DEBUG:colcon.colcon_core.package_identification:Package 'src/arduinobot_description' with type 'ros.ament_cmake' and name 'arduinobot_description'
[2.068s] Level 1:colcon.colcon_core.package_identification:_identify(src/arduinobot_py_examples) by extensions ['ignore', 'ignore_ament_install']
[2.068s] Level 1:colcon.colcon_core.package_identification:_identify(src/arduinobot_py_examples) by extension 'ignore'
[2.068s] Level 1:colcon.colcon_core.package_identification:_identify(src/arduinobot_py_examples) by extension 'ignore_ament_install'
[2.068s] Level 1:colcon.colcon_core.package_identification:_identify(src/arduinobot_py_examples) by extensions ['colcon_pkg']
[2.069s] Level 1:colcon.colcon_core.package_identification:_identify(src/arduinobot_py_examples) by extension 'colcon_pkg'
[2.069s] Level 1:colcon.colcon_core.package_identification:_identify(src/arduinobot_py_examples) by extensions ['colcon_meta']
[2.069s] Level 1:colcon.colcon_core.package_identification:_identify(src/arduinobot_py_examples) by extension 'colcon_meta'
[2.069s] Level 1:colcon.colcon_core.package_identification:_identify(src/arduinobot_py_examples) by extensions ['ros']
[2.069s] Level 1:colcon.colcon_core.package_identification:_identify(src/arduinobot_py_examples) by extension 'ros'
[2.070s] DEBUG:colcon.colcon_core.package_identification:Package 'src/arduinobot_py_examples' with type 'ros.ament_python' and name 'arduinobot_py_examples'
[2.070s] Level 1:colcon.colcon_core.package_discovery:discover_packages(recursive) using defaults
[2.071s] Level 1:colcon.colcon_core.package_discovery:discover_packages(ignore) discover
[2.071s] Level 1:colcon.colcon_core.package_discovery:discover_packages(ignore) using defaults
[2.071s] Level 1:colcon.colcon_core.package_discovery:discover_packages(path) discover
[2.071s] Level 1:colcon.colcon_core.package_discovery:discover_packages(path) using defaults
[2.259s] Level 1:colcon.colcon_core.package_discovery:discover_packages(prefix_path) check parameters
[2.259s] Level 1:colcon.colcon_core.package_discovery:discover_packages(prefix_path) discover
[2.306s] DEBUG:colcon.colcon_installed_package_information.package_discovery:Found 3 installed packages in /home/roboticist/arduinobot_ws/install
[2.328s] DEBUG:colcon.colcon_installed_package_information.package_discovery:Found 353 installed packages in /opt/ros/humble
[2.331s] Level 1:colcon.colcon_core.package_discovery:discover_packages(prefix_path) using defaults
[2.497s] Level 5:colcon.colcon_core.verb:set package 'arduinobot_cpp_examples' build argument 'cmake_args' from command line to 'None'
[2.498s] Level 5:colcon.colcon_core.verb:set package 'arduinobot_cpp_examples' build argument 'cmake_target' from command line to 'None'
[2.498s] Level 5:colcon.colcon_core.verb:set package 'arduinobot_cpp_examples' build argument 'cmake_target_skip_unavailable' from command line to 'False'
[2.498s] Level 5:colcon.colcon_core.verb:set package 'arduinobot_cpp_examples' build argument 'cmake_clean_cache' from command line to 'False'
[2.498s] Level 5:colcon.colcon_core.verb:set package 'arduinobot_cpp_examples' build argument 'cmake_clean_first' from command line to 'False'
[2.498s] Level 5:colcon.colcon_core.verb:set package 'arduinobot_cpp_examples' build argument 'cmake_force_configure' from command line to 'False'
[2.498s] Level 5:colcon.colcon_core.verb:set package 'arduinobot_cpp_examples' build argument 'ament_cmake_args' from command line to 'None'
[2.499s] Level 5:colcon.colcon_core.verb:set package 'arduinobot_cpp_examples' build argument 'catkin_cmake_args' from command line to 'None'
[2.499s] Level 5:colcon.colcon_core.verb:set package 'arduinobot_cpp_examples' build argument 'catkin_skip_building_tests' from command line to 'False'
[2.499s] DEBUG:colcon.colcon_core.verb:Building package 'arduinobot_cpp_examples' with the following arguments: {'ament_cmake_args': None, 'build_base': '/home/roboticist/arduinobot_ws/build/arduinobot_cpp_examples', 'catkin_cmake_args': None, 'catkin_skip_building_tests': False, 'cmake_args': None, 'cmake_clean_cache': False, 'cmake_clean_first': False, 'cmake_force_configure': False, 'cmake_target': None, 'cmake_target_skip_unavailable': False, 'install_base': '/home/roboticist/arduinobot_ws/install/arduinobot_cpp_examples', 'merge_install': False, 'path': '/home/roboticist/arduinobot_ws/src/arduinobot_cpp_examples', 'symlink_install': False, 'test_result_base': None}
[2.521s] Level 5:colcon.colcon_core.verb:set package 'arduinobot_description' build argument 'cmake_args' from command line to 'None'
[2.521s] Level 5:colcon.colcon_core.verb:set package 'arduinobot_description' build argument 'cmake_target' from command line to 'None'
[2.522s] Level 5:colcon.colcon_core.verb:set package 'arduinobot_description' build argument 'cmake_target_skip_unavailable' from command line to 'False'
[2.522s] Level 5:colcon.colcon_core.verb:set package 'arduinobot_description' build argument 'cmake_clean_cache' from command line to 'False'
[2.522s] Level 5:colcon.colcon_core.verb:set package 'arduinobot_description' build argument 'cmake_clean_first' from command line to 'False'
[2.522s] Level 5:colcon.colcon_core.verb:set package 'arduinobot_description' build argument 'cmake_force_configure' from command line to 'False'
[2.522s] Level 5:colcon.colcon_core.verb:set package 'arduinobot_description' build argument 'ament_cmake_args' from command line to 'None'
[2.522s] Level 5:colcon.colcon_core.verb:set package 'arduinobot_description' build argument 'catkin_cmake_args' from command line to 'None'
[2.522s] Level 5:colcon.colcon_core.verb:set package 'arduinobot_description' build argument 'catkin_skip_building_tests' from command line to 'False'
[2.522s] DEBUG:colcon.colcon_core.verb:Building package 'arduinobot_description' with the following arguments: {'ament_cmake_args': None, 'build_base': '/home/roboticist/arduinobot_ws/build/arduinobot_description', 'catkin_cmake_args': None, 'catkin_skip_building_tests': False, 'cmake_args': None, 'cmake_clean_cache': False, 'cmake_clean_first': False, 'cmake_force_configure': False, 'cmake_target': None, 'cmake_target_skip_unavailable': False, 'install_base': '/home/roboticist/arduinobot_ws/install/arduinobot_description', 'merge_install': False, 'path': '/home/roboticist/arduinobot_ws/src/arduinobot_description', 'symlink_install': False, 'test_result_base': None}
[2.550s] Level 5:colcon.colcon_core.verb:set package 'arduinobot_py_examples' build argument 'cmake_args' from command line to 'None'
[2.550s] Level 5:colcon.colcon_core.verb:set package 'arduinobot_py_examples' build argument 'cmake_target' from command line to 'None'
[2.550s] Level 5:colcon.colcon_core.verb:set package 'arduinobot_py_examples' build argument 'cmake_target_skip_unavailable' from command line to 'False'
[2.551s] Level 5:colcon.colcon_core.verb:set package 'arduinobot_py_examples' build argument 'cmake_clean_cache' from command line to 'False'
[2.551s] Level 5:colcon.colcon_core.verb:set package 'arduinobot_py_examples' build argument 'cmake_clean_first' from command line to 'False'
[2.551s] Level 5:colcon.colcon_core.verb:set package 'arduinobot_py_examples' build argument 'cmake_force_configure' from command line to 'False'
[2.551s] Level 5:colcon.colcon_core.verb:set package 'arduinobot_py_examples' build argument 'ament_cmake_args' from command line to 'None'
[2.551s] Level 5:colcon.colcon_core.verb:set package 'arduinobot_py_examples' build argument 'catkin_cmake_args' from command line to 'None'
[2.551s] Level 5:colcon.colcon_core.verb:set package 'arduinobot_py_examples' build argument 'catkin_skip_building_tests' from command line to 'False'
[2.552s] DEBUG:colcon.colcon_core.verb:Building package 'arduinobot_py_examples' with the following arguments: {'ament_cmake_args': None, 'build_base': '/home/roboticist/arduinobot_ws/build/arduinobot_py_examples', 'catkin_cmake_args': None, 'catkin_skip_building_tests': False, 'cmake_args': None, 'cmake_clean_cache': False, 'cmake_clean_first': False, 'cmake_force_configure': False, 'cmake_target': None, 'cmake_target_skip_unavailable': False, 'install_base': '/home/roboticist/arduinobot_ws/install/arduinobot_py_examples', 'merge_install': False, 'path': '/home/roboticist/arduinobot_ws/src/arduinobot_py_examples', 'symlink_install': False, 'test_result_base': None}
[2.573s] INFO:colcon.colcon_core.executor:Executing jobs using 'parallel' executor
[2.596s] DEBUG:colcon.colcon_parallel_executor.executor.parallel:run_until_complete
[2.597s] INFO:colcon.colcon_ros.task.ament_cmake.build:Building ROS package in '/home/roboticist/arduinobot_ws/src/arduinobot_cpp_examples' with build type 'ament_cmake'
[2.598s] INFO:colcon.colcon_cmake.task.cmake.build:Building CMake package in '/home/roboticist/arduinobot_ws/src/arduinobot_cpp_examples'
[2.623s] INFO:colcon.colcon_core.plugin_system:Skipping extension 'colcon_core.shell.bat': Not used on non-Windows systems
[2.624s] INFO:colcon.colcon_core.shell:Skip shell extension 'powershell' for command environment: Not usable outside of PowerShell
[2.624s] DEBUG:colcon.colcon_core.shell:Skip shell extension 'dsv' for command environment
[2.757s] INFO:colcon.colcon_ros.task.ament_cmake.build:Building ROS package in '/home/roboticist/arduinobot_ws/src/arduinobot_description' with build type 'ament_cmake'
[2.758s] INFO:colcon.colcon_cmake.task.cmake.build:Building CMake package in '/home/roboticist/arduinobot_ws/src/arduinobot_description'
[2.794s] INFO:colcon.colcon_core.shell:Skip shell extension 'powershell' for command environment: Not usable outside of PowerShell
[2.795s] DEBUG:colcon.colcon_core.shell:Skip shell extension 'dsv' for command environment
[2.925s] DEBUG:colcon.colcon_core.event_handler.log_command:Invoking command in '/home/roboticist/arduinobot_ws/build/arduinobot_cpp_examples': CMAKE_PREFIX_PATH=${CMAKE_PREFIX_PATH}:/home/roboticist/arduinobot_ws/install/arduinobot_py_examples:/opt/ros/humble /usr/bin/cmake --build /home/roboticist/arduinobot_ws/build/arduinobot_cpp_examples -- -j2 -l2
[2.983s] DEBUG:colcon.colcon_core.event_handler.log_command:Invoking command in '/home/roboticist/arduinobot_ws/build/arduinobot_description': CMAKE_PREFIX_PATH=${CMAKE_PREFIX_PATH}:/home/roboticist/arduinobot_ws/install/arduinobot_py_examples:/opt/ros/humble /usr/bin/cmake --build /home/roboticist/arduinobot_ws/build/arduinobot_description -- -j2 -l2
[3.065s] DEBUG:colcon.colcon_core.event_handler.log_command:Invoked command in '/home/roboticist/arduinobot_ws/build/arduinobot_description' returned '0': CMAKE_PREFIX_PATH=${CMAKE_PREFIX_PATH}:/home/roboticist/arduinobot_ws/install/arduinobot_py_examples:/opt/ros/humble /usr/bin/cmake --build /home/roboticist/arduinobot_ws/build/arduinobot_description -- -j2 -l2
[3.265s] DEBUG:colcon.colcon_core.event_handler.log_command:Invoking command in '/home/roboticist/arduinobot_ws/build/arduinobot_description': CMAKE_PREFIX_PATH=${CMAKE_PREFIX_PATH}:/home/roboticist/arduinobot_ws/install/arduinobot_py_examples:/opt/ros/humble /usr/bin/cmake --install /home/roboticist/arduinobot_ws/build/arduinobot_description
[3.337s] Level 1:colcon.colcon_core.environment:create_environment_scripts_only(arduinobot_description)
[3.341s] DEBUG:colcon.colcon_core.event_handler.log_command:Invoked command in '/home/roboticist/arduinobot_ws/build/arduinobot_description' returned '0': CMAKE_PREFIX_PATH=${CMAKE_PREFIX_PATH}:/home/roboticist/arduinobot_ws/install/arduinobot_py_examples:/opt/ros/humble /usr/bin/cmake --install /home/roboticist/arduinobot_ws/build/arduinobot_description
[3.378s] Level 1:colcon.colcon_core.environment:checking '/home/roboticist/arduinobot_ws/install/arduinobot_description' for CMake module files
[3.378s] Level 1:colcon.colcon_core.environment:checking '/home/roboticist/arduinobot_ws/install/arduinobot_description' for CMake config files
[3.379s] Level 1:colcon.colcon_core.shell:create_environment_hook('arduinobot_description', 'cmake_prefix_path')
[3.406s] INFO:colcon.colcon_core.shell:Creating environment hook '/home/roboticist/arduinobot_ws/install/arduinobot_description/share/arduinobot_description/hook/cmake_prefix_path.ps1'
[3.407s] INFO:colcon.colcon_core.shell:Creating environment descriptor '/home/roboticist/arduinobot_ws/install/arduinobot_description/share/arduinobot_description/hook/cmake_prefix_path.dsv'
[3.409s] INFO:colcon.colcon_core.shell:Creating environment hook '/home/roboticist/arduinobot_ws/install/arduinobot_description/share/arduinobot_description/hook/cmake_prefix_path.sh'
[3.411s] Level 1:colcon.colcon_core.environment:checking '/home/roboticist/arduinobot_ws/install/arduinobot_description/bin'
[3.411s] Level 1:colcon.colcon_core.environment:checking '/home/roboticist/arduinobot_ws/install/arduinobot_description/lib/pkgconfig/arduinobot_description.pc'
[3.412s] Level 1:colcon.colcon_core.environment:checking '/home/roboticist/arduinobot_ws/install/arduinobot_description/lib/python3.10/site-packages'
[3.412s] Level 1:colcon.colcon_core.environment:checking '/home/roboticist/arduinobot_ws/install/arduinobot_description/bin'
[3.437s] INFO:colcon.colcon_core.shell:Creating package script '/home/roboticist/arduinobot_ws/install/arduinobot_description/share/arduinobot_description/package.ps1'
[3.439s] INFO:colcon.colcon_core.shell:Creating package descriptor '/home/roboticist/arduinobot_ws/install/arduinobot_description/share/arduinobot_description/package.dsv'
[3.441s] INFO:colcon.colcon_core.shell:Creating package script '/home/roboticist/arduinobot_ws/install/arduinobot_description/share/arduinobot_description/package.sh'
[3.442s] INFO:colcon.colcon_core.shell:Creating package script '/home/roboticist/arduinobot_ws/install/arduinobot_description/share/arduinobot_description/package.bash'
[3.444s] INFO:colcon.colcon_core.shell:Creating package script '/home/roboticist/arduinobot_ws/install/arduinobot_description/share/arduinobot_description/package.zsh'
[3.446s] Level 1:colcon.colcon_core.environment:create_file_with_runtime_dependencies(/home/roboticist/arduinobot_ws/install/arduinobot_description/share/colcon-core/packages/arduinobot_description)
[3.476s] DEBUG:colcon.colcon_core.event_handler.log_command:Invoked command in '/home/roboticist/arduinobot_ws/build/arduinobot_cpp_examples' returned '0': CMAKE_PREFIX_PATH=${CMAKE_PREFIX_PATH}:/home/roboticist/arduinobot_ws/install/arduinobot_py_examples:/opt/ros/humble /usr/bin/cmake --build /home/roboticist/arduinobot_ws/build/arduinobot_cpp_examples -- -j2 -l2
[3.605s] Level 1:colcon.colcon_core.environment:create_environment_scripts_only(arduinobot_description)
[3.668s] Level 1:colcon.colcon_core.environment:checking '/home/roboticist/arduinobot_ws/install/arduinobot_description' for CMake module files
[3.669s] Level 1:colcon.colcon_core.environment:checking '/home/roboticist/arduinobot_ws/install/arduinobot_description' for CMake config files
[3.669s] Level 1:colcon.colcon_core.shell:create_environment_hook('arduinobot_description', 'cmake_prefix_path')
[3.707s] INFO:colcon.colcon_core.shell:Creating environment hook '/home/roboticist/arduinobot_ws/install/arduinobot_description/share/arduinobot_description/hook/cmake_prefix_path.ps1'
[3.708s] INFO:colcon.colcon_core.shell:Creating environment descriptor '/home/roboticist/arduinobot_ws/install/arduinobot_description/share/arduinobot_description/hook/cmake_prefix_path.dsv'
[3.709s] INFO:colcon.colcon_core.shell:Creating environment hook '/home/roboticist/arduinobot_ws/install/arduinobot_description/share/arduinobot_description/hook/cmake_prefix_path.sh'
[3.710s] Level 1:colcon.colcon_core.environment:checking '/home/roboticist/arduinobot_ws/install/arduinobot_description/bin'
[3.710s] Level 1:colcon.colcon_core.environment:checking '/home/roboticist/arduinobot_ws/install/arduinobot_description/lib/pkgconfig/arduinobot_description.pc'
[3.710s] Level 1:colcon.colcon_core.environment:checking '/home/roboticist/arduinobot_ws/install/arduinobot_description/lib/python3.10/site-packages'
[3.711s] Level 1:colcon.colcon_core.environment:checking '/home/roboticist/arduinobot_ws/install/arduinobot_description/bin'
[3.735s] INFO:colcon.colcon_core.shell:Creating package script '/home/roboticist/arduinobot_ws/install/arduinobot_description/share/arduinobot_description/package.ps1'
[3.736s] INFO:colcon.colcon_core.shell:Creating package descriptor '/home/roboticist/arduinobot_ws/install/arduinobot_description/share/arduinobot_description/package.dsv'
[3.737s] INFO:colcon.colcon_core.shell:Creating package script '/home/roboticist/arduinobot_ws/install/arduinobot_description/share/arduinobot_description/package.sh'
[3.738s] INFO:colcon.colcon_core.shell:Creating package script '/home/roboticist/arduinobot_ws/install/arduinobot_description/share/arduinobot_description/package.bash'
[3.738s] INFO:colcon.colcon_core.shell:Creating package script '/home/roboticist/arduinobot_ws/install/arduinobot_description/share/arduinobot_description/package.zsh'
[3.739s] Level 1:colcon.colcon_core.environment:create_file_with_runtime_dependencies(/home/roboticist/arduinobot_ws/install/arduinobot_description/share/colcon-core/packages/arduinobot_description)
[3.740s] INFO:colcon.colcon_ros.task.ament_python.build:Building ROS package in '/home/roboticist/arduinobot_ws/src/arduinobot_py_examples' with build type 'ament_python'
[3.740s] Level 1:colcon.colcon_core.shell:create_environment_hook('arduinobot_py_examples', 'ament_prefix_path')
[3.833s] INFO:colcon.colcon_core.shell:Creating environment hook '/home/roboticist/arduinobot_ws/install/arduinobot_py_examples/share/arduinobot_py_examples/hook/ament_prefix_path.ps1'
[3.835s] INFO:colcon.colcon_core.shell:Creating environment descriptor '/home/roboticist/arduinobot_ws/install/arduinobot_py_examples/share/arduinobot_py_examples/hook/ament_prefix_path.dsv'
[3.836s] INFO:colcon.colcon_core.shell:Creating environment hook '/home/roboticist/arduinobot_ws/install/arduinobot_py_examples/share/arduinobot_py_examples/hook/ament_prefix_path.sh'
[3.918s] INFO:colcon.colcon_core.shell:Skip shell extension 'powershell' for command environment: Not usable outside of PowerShell
[3.919s] DEBUG:colcon.colcon_core.shell:Skip shell extension 'dsv' for command environment
[4.059s] DEBUG:colcon.colcon_core.event_handler.log_command:Invoking command in '/home/roboticist/arduinobot_ws/build/arduinobot_cpp_examples': CMAKE_PREFIX_PATH=${CMAKE_PREFIX_PATH}:/home/roboticist/arduinobot_ws/install/arduinobot_py_examples:/opt/ros/humble /usr/bin/cmake --install /home/roboticist/arduinobot_ws/build/arduinobot_cpp_examples
[4.532s] INFO:colcon.colcon_core.task.python.build:Building Python package in '/home/roboticist/arduinobot_ws/src/arduinobot_py_examples'
[4.556s] INFO:colcon.colcon_core.shell:Skip shell extension 'powershell' for command environment: Not usable outside of PowerShell
[4.556s] DEBUG:colcon.colcon_core.shell:Skip shell extension 'dsv' for command environment
[4.641s] Level 1:colcon.colcon_core.environment:create_environment_scripts_only(arduinobot_cpp_examples)
[4.641s] DEBUG:colcon.colcon_core.event_handler.log_command:Invoked command in '/home/roboticist/arduinobot_ws/build/arduinobot_cpp_examples' returned '0': CMAKE_PREFIX_PATH=${CMAKE_PREFIX_PATH}:/home/roboticist/arduinobot_ws/install/arduinobot_py_examples:/opt/ros/humble /usr/bin/cmake --install /home/roboticist/arduinobot_ws/build/arduinobot_cpp_examples
[4.667s] Level 1:colcon.colcon_core.environment:checking '/home/roboticist/arduinobot_ws/install/arduinobot_cpp_examples' for CMake module files
[4.668s] Level 1:colcon.colcon_core.environment:checking '/home/roboticist/arduinobot_ws/install/arduinobot_cpp_examples' for CMake config files
[4.668s] Level 1:colcon.colcon_core.shell:create_environment_hook('arduinobot_cpp_examples', 'cmake_prefix_path')
[4.690s] INFO:colcon.colcon_core.shell:Creating environment hook '/home/roboticist/arduinobot_ws/install/arduinobot_cpp_examples/share/arduinobot_cpp_examples/hook/cmake_prefix_path.ps1'
[4.692s] INFO:colcon.colcon_core.shell:Creating environment descriptor '/home/roboticist/arduinobot_ws/install/arduinobot_cpp_examples/share/arduinobot_cpp_examples/hook/cmake_prefix_path.dsv'
[4.693s] INFO:colcon.colcon_core.shell:Creating environment hook '/home/roboticist/arduinobot_ws/install/arduinobot_cpp_examples/share/arduinobot_cpp_examples/hook/cmake_prefix_path.sh'
[4.694s] Level 1:colcon.colcon_core.environment:checking '/home/roboticist/arduinobot_ws/install/arduinobot_cpp_examples/lib'
[4.694s] Level 1:colcon.colcon_core.environment:checking '/home/roboticist/arduinobot_ws/install/arduinobot_cpp_examples/bin'
[4.695s] Level 1:colcon.colcon_core.environment:checking '/home/roboticist/arduinobot_ws/install/arduinobot_cpp_examples/lib/pkgconfig/arduinobot_cpp_examples.pc'
[4.695s] Level 1:colcon.colcon_core.environment:checking '/home/roboticist/arduinobot_ws/install/arduinobot_cpp_examples/lib/python3.10/site-packages'
[4.695s] Level 1:colcon.colcon_core.environment:checking '/home/roboticist/arduinobot_ws/install/arduinobot_cpp_examples/bin'
[4.724s] INFO:colcon.colcon_core.shell:Creating package script '/home/roboticist/arduinobot_ws/install/arduinobot_cpp_examples/share/arduinobot_cpp_examples/package.ps1'
[4.725s] INFO:colcon.colcon_core.shell:Creating package descriptor '/home/roboticist/arduinobot_ws/install/arduinobot_cpp_examples/share/arduinobot_cpp_examples/package.dsv'
[4.725s] INFO:colcon.colcon_core.shell:Creating package script '/home/roboticist/arduinobot_ws/install/arduinobot_cpp_examples/share/arduinobot_cpp_examples/package.sh'
[4.726s] INFO:colcon.colcon_core.shell:Creating package script '/home/roboticist/arduinobot_ws/install/arduinobot_cpp_examples/share/arduinobot_cpp_examples/package.bash'
[4.728s] INFO:colcon.colcon_core.shell:Creating package script '/home/roboticist/arduinobot_ws/install/arduinobot_cpp_examples/share/arduinobot_cpp_examples/package.zsh'
[4.729s] Level 1:colcon.colcon_core.environment:create_file_with_runtime_dependencies(/home/roboticist/arduinobot_ws/install/arduinobot_cpp_examples/share/colcon-core/packages/arduinobot_cpp_examples)
[5.206s] Level 1:colcon.colcon_core.environment:create_environment_scripts_only(arduinobot_cpp_examples)
[5.250s] Level 1:colcon.colcon_core.environment:checking '/home/roboticist/arduinobot_ws/install/arduinobot_cpp_examples' for CMake module files
[5.253s] Level 1:colcon.colcon_core.environment:checking '/home/roboticist/arduinobot_ws/install/arduinobot_cpp_examples' for CMake config files
[5.286s] Level 1:colcon.colcon_core.shell:create_environment_hook('arduinobot_cpp_examples', 'cmake_prefix_path')
[5.371s] INFO:colcon.colcon_core.shell:Creating environment hook '/home/roboticist/arduinobot_ws/install/arduinobot_cpp_examples/share/arduinobot_cpp_examples/hook/cmake_prefix_path.ps1'
[5.386s] INFO:colcon.colcon_core.shell:Creating environment descriptor '/home/roboticist/arduinobot_ws/install/arduinobot_cpp_examples/share/arduinobot_cpp_examples/hook/cmake_prefix_path.dsv'
[5.387s] INFO:colcon.colcon_core.shell:Creating environment hook '/home/roboticist/arduinobot_ws/install/arduinobot_cpp_examples/share/arduinobot_cpp_examples/hook/cmake_prefix_path.sh'
[5.390s] Level 1:colcon.colcon_core.environment:checking '/home/roboticist/arduinobot_ws/install/arduinobot_cpp_examples/lib'
[5.390s] Level 1:colcon.colcon_core.environment:checking '/home/roboticist/arduinobot_ws/install/arduinobot_cpp_examples/bin'
[5.390s] Level 1:colcon.colcon_core.environment:checking '/home/roboticist/arduinobot_ws/install/arduinobot_cpp_examples/lib/pkgconfig/arduinobot_cpp_examples.pc'
[5.390s] Level 1:colcon.colcon_core.environment:checking '/home/roboticist/arduinobot_ws/install/arduinobot_cpp_examples/lib/python3.10/site-packages'
[5.391s] Level 1:colcon.colcon_core.environment:checking '/home/roboticist/arduinobot_ws/install/arduinobot_cpp_examples/bin'
[5.439s] INFO:colcon.colcon_core.shell:Creating package script '/home/roboticist/arduinobot_ws/install/arduinobot_cpp_examples/share/arduinobot_cpp_examples/package.ps1'
[5.441s] INFO:colcon.colcon_core.shell:Creating package descriptor '/home/roboticist/arduinobot_ws/install/arduinobot_cpp_examples/share/arduinobot_cpp_examples/package.dsv'
[5.453s] INFO:colcon.colcon_core.shell:Creating package script '/home/roboticist/arduinobot_ws/install/arduinobot_cpp_examples/share/arduinobot_cpp_examples/package.sh'
[5.455s] INFO:colcon.colcon_core.shell:Creating package script '/home/roboticist/arduinobot_ws/install/arduinobot_cpp_examples/share/arduinobot_cpp_examples/package.bash'
[5.457s] INFO:colcon.colcon_core.shell:Creating package script '/home/roboticist/arduinobot_ws/install/arduinobot_cpp_examples/share/arduinobot_cpp_examples/package.zsh'
[5.459s] Level 1:colcon.colcon_core.environment:create_file_with_runtime_dependencies(/home/roboticist/arduinobot_ws/install/arduinobot_cpp_examples/share/colcon-core/packages/arduinobot_cpp_examples)
[5.766s] DEBUG:colcon.colcon_core.event_handler.log_command:Invoking command in '/home/roboticist/arduinobot_ws/src/arduinobot_py_examples': PYTHONPATH=/home/roboticist/arduinobot_ws/build/arduinobot_py_examples/prefix_override:/home/roboticist/arduinobot_ws/install/arduinobot_py_examples/lib/python3.10/site-packages:${PYTHONPATH} /usr/bin/python3 setup.py egg_info --egg-base ../../build/arduinobot_py_examples build --build-base /home/roboticist/arduinobot_ws/build/arduinobot_py_examples/build install --record /home/roboticist/arduinobot_ws/build/arduinobot_py_examples/install.log --single-version-externally-managed
[6.329s] DEBUG:colcon.colcon_core.event_handler.log_command:Invoked command in '/home/roboticist/arduinobot_ws/src/arduinobot_py_examples' returned '0': PYTHONPATH=/home/roboticist/arduinobot_ws/build/arduinobot_py_examples/prefix_override:/home/roboticist/arduinobot_ws/install/arduinobot_py_examples/lib/python3.10/site-packages:${PYTHONPATH} /usr/bin/python3 setup.py egg_info --egg-base ../../build/arduinobot_py_examples build --build-base /home/roboticist/arduinobot_ws/build/arduinobot_py_examples/build install --record /home/roboticist/arduinobot_ws/build/arduinobot_py_examples/install.log --single-version-externally-managed
[6.369s] Level 1:colcon.colcon_core.environment:checking '/home/roboticist/arduinobot_ws/install/arduinobot_py_examples' for CMake module files
[6.370s] Level 1:colcon.colcon_core.environment:checking '/home/roboticist/arduinobot_ws/install/arduinobot_py_examples' for CMake config files
[6.370s] Level 1:colcon.colcon_core.environment:checking '/home/roboticist/arduinobot_ws/install/arduinobot_py_examples/lib'
[6.371s] Level 1:colcon.colcon_core.environment:checking '/home/roboticist/arduinobot_ws/install/arduinobot_py_examples/bin'
[6.371s] Level 1:colcon.colcon_core.environment:checking '/home/roboticist/arduinobot_ws/install/arduinobot_py_examples/lib/pkgconfig/arduinobot_py_examples.pc'
[6.371s] Level 1:colcon.colcon_core.environment:checking '/home/roboticist/arduinobot_ws/install/arduinobot_py_examples/lib/python3.10/site-packages'
[6.371s] Level 1:colcon.colcon_core.shell:create_environment_hook('arduinobot_py_examples', 'pythonpath')
[6.417s] INFO:colcon.colcon_core.shell:Creating environment hook '/home/roboticist/arduinobot_ws/install/arduinobot_py_examples/share/arduinobot_py_examples/hook/pythonpath.ps1'
[6.418s] INFO:colcon.colcon_core.shell:Creating environment descriptor '/home/roboticist/arduinobot_ws/install/arduinobot_py_examples/share/arduinobot_py_examples/hook/pythonpath.dsv'
[6.419s] INFO:colcon.colcon_core.shell:Creating environment hook '/home/roboticist/arduinobot_ws/install/arduinobot_py_examples/share/arduinobot_py_examples/hook/pythonpath.sh'
[6.423s] Level 1:colcon.colcon_core.environment:checking '/home/roboticist/arduinobot_ws/install/arduinobot_py_examples/bin'
[6.423s] Level 1:colcon.colcon_core.environment:create_environment_scripts_only(arduinobot_py_examples)
[6.455s] INFO:colcon.colcon_core.shell:Creating package script '/home/roboticist/arduinobot_ws/install/arduinobot_py_examples/share/arduinobot_py_examples/package.ps1'
[6.457s] INFO:colcon.colcon_core.shell:Creating package descriptor '/home/roboticist/arduinobot_ws/install/arduinobot_py_examples/share/arduinobot_py_examples/package.dsv'
[6.458s] INFO:colcon.colcon_core.shell:Creating package script '/home/roboticist/arduinobot_ws/install/arduinobot_py_examples/share/arduinobot_py_examples/package.sh'
[6.464s] INFO:colcon.colcon_core.shell:Creating package script '/home/roboticist/arduinobot_ws/install/arduinobot_py_examples/share/arduinobot_py_examples/package.bash'
[6.466s] INFO:colcon.colcon_core.shell:Creating package script '/home/roboticist/arduinobot_ws/install/arduinobot_py_examples/share/arduinobot_py_examples/package.zsh'
[6.468s] Level 1:colcon.colcon_core.environment:create_file_with_runtime_dependencies(/home/roboticist/arduinobot_ws/install/arduinobot_py_examples/share/colcon-core/packages/arduinobot_py_examples)
[6.469s] DEBUG:colcon.colcon_parallel_executor.executor.parallel:closing loop
[6.470s] DEBUG:colcon.colcon_parallel_executor.executor.parallel:loop closed
[6.471s] DEBUG:colcon.colcon_parallel_executor.executor.parallel:run_until_complete finished with '0'
[6.471s] DEBUG:colcon.colcon_core.event_reactor:joining thread
[6.535s] INFO:colcon.colcon_core.plugin_system:Skipping extension 'colcon_notification.desktop_notification.terminal_notifier': Not used on non-Darwin systems
[6.536s] INFO:colcon.colcon_core.plugin_system:Skipping extension 'colcon_notification.desktop_notification.win32': Not used on non-Windows systems
[6.536s] INFO:colcon.colcon_notification.desktop_notification:Sending desktop notification using 'notify2'
[6.896s] DEBUG:colcon.colcon_core.event_reactor:joined thread
[6.931s] INFO:colcon.colcon_core.shell:Creating prefix script '/home/roboticist/arduinobot_ws/install/local_setup.ps1'
[6.961s] INFO:colcon.colcon_core.shell:Creating prefix util module '/home/roboticist/arduinobot_ws/install/_local_setup_util_ps1.py'
[6.968s] INFO:colcon.colcon_core.shell:Creating prefix chain script '/home/roboticist/arduinobot_ws/install/setup.ps1'
[7.008s] INFO:colcon.colcon_core.shell:Creating prefix script '/home/roboticist/arduinobot_ws/install/local_setup.sh'
[7.009s] INFO:colcon.colcon_core.shell:Creating prefix util module '/home/roboticist/arduinobot_ws/install/_local_setup_util_sh.py'
[7.010s] INFO:colcon.colcon_core.shell:Creating prefix chain script '/home/roboticist/arduinobot_ws/install/setup.sh'
[7.035s] INFO:colcon.colcon_core.shell:Creating prefix script '/home/roboticist/arduinobot_ws/install/local_setup.bash'
[7.036s] INFO:colcon.colcon_core.shell:Creating prefix chain script '/home/roboticist/arduinobot_ws/install/setup.bash'
[7.084s] INFO:colcon.colcon_core.shell:Creating prefix script '/home/roboticist/arduinobot_ws/install/local_setup.zsh'
[7.085s] INFO:colcon.colcon_core.shell:Creating prefix chain script '/home/roboticist/arduinobot_ws/install/setup.zsh'
