[5.903s] Invoking command in '/home/roboticist/arduinobot_ws/src/arduinobot_py_examples': PYTHONPATH=/home/roboticist/arduinobot_ws/build/arduinobot_py_examples/prefix_override:/home/roboticist/arduinobot_ws/install/arduinobot_py_examples/lib/python3.10/site-packages:${PYTHONPATH} /usr/bin/python3 setup.py egg_info --egg-base ../../build/arduinobot_py_examples build --build-base /home/roboticist/arduinobot_ws/build/arduinobot_py_examples/build install --record /home/roboticist/arduinobot_ws/build/arduinobot_py_examples/install.log --single-version-externally-managed
[6.993s] running egg_info
[6.995s] creating ../../build/arduinobot_py_examples/arduinobot_py_examples.egg-info
[6.996s] writing ../../build/arduinobot_py_examples/arduinobot_py_examples.egg-info/PKG-INFO
[6.998s] writing dependency_links to ../../build/arduinobot_py_examples/arduinobot_py_examples.egg-info/dependency_links.txt
[6.999s] writing entry points to ../../build/arduinobot_py_examples/arduinobot_py_examples.egg-info/entry_points.txt
[7.001s] writing requirements to ../../build/arduinobot_py_examples/arduinobot_py_examples.egg-info/requires.txt
[7.001s] writing top-level names to ../../build/arduinobot_py_examples/arduinobot_py_examples.egg-info/top_level.txt
[7.009s] writing manifest file '../../build/arduinobot_py_examples/arduinobot_py_examples.egg-info/SOURCES.txt'
[7.015s] reading manifest file '../../build/arduinobot_py_examples/arduinobot_py_examples.egg-info/SOURCES.txt'
[7.020s] writing manifest file '../../build/arduinobot_py_examples/arduinobot_py_examples.egg-info/SOURCES.txt'
[7.021s] running build
[7.022s] running build_py
[7.022s] creating /home/roboticist/arduinobot_ws/build/arduinobot_py_examples/build
[7.023s] creating /home/roboticist/arduinobot_ws/build/arduinobot_py_examples/build/lib
[7.023s] creating /home/roboticist/arduinobot_ws/build/arduinobot_py_examples/build/lib/arduinobot_py_examples
[7.024s] copying arduinobot_py_examples/__init__.py -> /home/roboticist/arduinobot_ws/build/arduinobot_py_examples/build/lib/arduinobot_py_examples
[7.026s] running install
[7.026s] /usr/lib/python3/dist-packages/setuptools/command/install.py:34: SetuptoolsDeprecationWarning: setup.py install is deprecated. Use build and pip and other standards-based tools.
[7.027s]   warnings.warn(
[7.028s] running install_lib
[7.031s] creating /home/roboticist/arduinobot_ws/install/arduinobot_py_examples/lib/python3.10/site-packages/arduinobot_py_examples
[7.031s] copying /home/roboticist/arduinobot_ws/build/arduinobot_py_examples/build/lib/arduinobot_py_examples/__init__.py -> /home/roboticist/arduinobot_ws/install/arduinobot_py_examples/lib/python3.10/site-packages/arduinobot_py_examples
[7.035s] byte-compiling /home/roboticist/arduinobot_ws/install/arduinobot_py_examples/lib/python3.10/site-packages/arduinobot_py_examples/__init__.py to __init__.cpython-310.pyc
[7.036s] running install_data
[7.038s] creating /home/roboticist/arduinobot_ws/install/arduinobot_py_examples/share/ament_index
[7.039s] creating /home/roboticist/arduinobot_ws/install/arduinobot_py_examples/share/ament_index/resource_index
[7.040s] creating /home/roboticist/arduinobot_ws/install/arduinobot_py_examples/share/ament_index/resource_index/packages
[7.040s] copying resource/arduinobot_py_examples -> /home/roboticist/arduinobot_ws/install/arduinobot_py_examples/share/ament_index/resource_index/packages
[7.040s] copying package.xml -> /home/roboticist/arduinobot_ws/install/arduinobot_py_examples/share/arduinobot_py_examples
[7.041s] running install_egg_info
[7.055s] Copying ../../build/arduinobot_py_examples/arduinobot_py_examples.egg-info to /home/roboticist/arduinobot_ws/install/arduinobot_py_examples/lib/python3.10/site-packages/arduinobot_py_examples-0.0.0-py3.10.egg-info
[7.061s] running install_scripts
[7.222s] writing list of installed files to '/home/roboticist/arduinobot_ws/build/arduinobot_py_examples/install.log'
[7.329s] Invoked command in '/home/roboticist/arduinobot_ws/src/arduinobot_py_examples' returned '0': PYTHONPATH=/home/roboticist/arduinobot_ws/build/arduinobot_py_examples/prefix_override:/home/roboticist/arduinobot_ws/install/arduinobot_py_examples/lib/python3.10/site-packages:${PYTHONPATH} /usr/bin/python3 setup.py egg_info --egg-base ../../build/arduinobot_py_examples build --build-base /home/roboticist/arduinobot_ws/build/arduinobot_py_examples/build install --record /home/roboticist/arduinobot_ws/build/arduinobot_py_examples/install.log --single-version-externally-managed
