[2.283s] Invoking command in '/home/roboticist/arduinobot_ws/src/arduinobot_py_examples': PYTHONPATH=/home/roboticist/arduinobot_ws/build/arduinobot_py_examples/prefix_override:/home/roboticist/arduinobot_ws/install/arduinobot_py_examples/lib/python3.10/site-packages:${PYTHONPATH} /usr/bin/python3 setup.py egg_info --egg-base ../../build/arduinobot_py_examples build --build-base /home/roboticist/arduinobot_ws/build/arduinobot_py_examples/build install --record /home/roboticist/arduinobot_ws/build/arduinobot_py_examples/install.log --single-version-externally-managed
[2.656s] running egg_info
[2.657s] writing ../../build/arduinobot_py_examples/arduinobot_py_examples.egg-info/PKG-INFO
[2.659s] writing dependency_links to ../../build/arduinobot_py_examples/arduinobot_py_examples.egg-info/dependency_links.txt
[2.660s] writing entry points to ../../build/arduinobot_py_examples/arduinobot_py_examples.egg-info/entry_points.txt
[2.662s] writing requirements to ../../build/arduinobot_py_examples/arduinobot_py_examples.egg-info/requires.txt
[2.663s] writing top-level names to ../../build/arduinobot_py_examples/arduinobot_py_examples.egg-info/top_level.txt
[2.667s] reading manifest file '../../build/arduinobot_py_examples/arduinobot_py_examples.egg-info/SOURCES.txt'
[2.669s] writing manifest file '../../build/arduinobot_py_examples/arduinobot_py_examples.egg-info/SOURCES.txt'
[2.670s] running build
[2.670s] running build_py
[2.671s] running install
[2.673s] /usr/lib/python3/dist-packages/setuptools/command/install.py:34: SetuptoolsDeprecationWarning: setup.py install is deprecated. Use build and pip and other standards-based tools.
[2.674s]   warnings.warn(
[2.675s] running install_lib
[2.679s] running install_data
[2.680s] running install_egg_info
[2.683s] removing '/home/roboticist/arduinobot_ws/install/arduinobot_py_examples/lib/python3.10/site-packages/arduinobot_py_examples-0.0.0-py3.10.egg-info' (and everything under it)
[2.691s] Copying ../../build/arduinobot_py_examples/arduinobot_py_examples.egg-info to /home/roboticist/arduinobot_ws/install/arduinobot_py_examples/lib/python3.10/site-packages/arduinobot_py_examples-0.0.0-py3.10.egg-info
[2.694s] running install_scripts
[2.722s] Installing simple_publisher script to /home/roboticist/arduinobot_ws/install/arduinobot_py_examples/lib/arduinobot_py_examples
[2.724s] Installing simple_subscriber script to /home/roboticist/arduinobot_ws/install/arduinobot_py_examples/lib/arduinobot_py_examples
[2.725s] writing list of installed files to '/home/roboticist/arduinobot_ws/build/arduinobot_py_examples/install.log'
[2.769s] Invoked command in '/home/roboticist/arduinobot_ws/src/arduinobot_py_examples' returned '0': PYTHONPATH=/home/roboticist/arduinobot_ws/build/arduinobot_py_examples/prefix_override:/home/roboticist/arduinobot_ws/install/arduinobot_py_examples/lib/python3.10/site-packages:${PYTHONPATH} /usr/bin/python3 setup.py egg_info --egg-base ../../build/arduinobot_py_examples build --build-base /home/roboticist/arduinobot_ws/build/arduinobot_py_examples/build install --record /home/roboticist/arduinobot_ws/build/arduinobot_py_examples/install.log --single-version-externally-managed
