[3.612s] DEBUG:colcon:Command line arguments: ['/usr/bin/colcon', 'build']
[3.612s] DEBUG:colcon:Parsed command line arguments: Namespace(log_base=None, log_level=None, verb_name='build', build_base='build', install_base='install', merge_install=False, symlink_install=False, test_result_base=None, continue_on_error=False, executor='parallel', parallel_workers=2, event_handlers=None, ignore_user_meta=False, metas=['./colcon.meta'], base_paths=['.'], packages_ignore=None, packages_ignore_regex=None, paths=None, packages_up_to=None, packages_up_to_regex=None, packages_above=None, packages_above_and_dependencies=None, packages_above_depth=None, packages_select_by_dep=None, packages_skip_by_dep=None, packages_skip_up_to=None, packages_select_build_failed=False, packages_skip_build_finished=False, packages_select_test_failures=False, packages_skip_test_passed=False, packages_select=None, packages_skip=None, packages_select_regex=None, packages_skip_regex=None, packages_start=None, packages_end=None, allow_overriding=[], cmake_args=None, cmake_target=None, cmake_target_skip_unavailable=False, cmake_clean_cache=False, cmake_clean_first=False, cmake_force_configure=False, ament_cmake_args=None, catkin_cmake_args=None, catkin_skip_building_tests=False, verb_parser=<colcon_defaults.argument_parser.defaults.DefaultArgumentsDecorator object at 0x7f017a9105e0>, verb_extension=<colcon_core.verb.build.BuildVerb object at 0x7f017a912ad0>, main=<bound method BuildVerb.main of <colcon_core.verb.build.BuildVerb object at 0x7f017a912ad0>>)
[3.786s] Level 1:colcon.colcon_core.package_discovery:discover_packages(colcon_meta) check parameters
[3.787s] Level 1:colcon.colcon_core.package_discovery:discover_packages(recursive) check parameters
[3.787s] Level 1:colcon.colcon_core.package_discovery:discover_packages(ignore) check parameters
[3.787s] Level 1:colcon.colcon_core.package_discovery:discover_packages(path) check parameters
[3.787s] Level 1:colcon.colcon_core.package_discovery:discover_packages(colcon_meta) discover
[3.787s] Level 1:colcon.colcon_core.package_discovery:discover_packages(recursive) discover
[3.787s] INFO:colcon.colcon_core.package_discovery:Crawling recursively for packages in '/home/roboticist/arduinobot_ws'
[3.787s] Level 1:colcon.colcon_core.package_identification:_identify(.) by extensions ['ignore', 'ignore_ament_install']
[3.788s] Level 1:colcon.colcon_core.package_identification:_identify(.) by extension 'ignore'
[3.788s] Level 1:colcon.colcon_core.package_identification:_identify(.) by extension 'ignore_ament_install'
[3.788s] Level 1:colcon.colcon_core.package_identification:_identify(.) by extensions ['colcon_pkg']
[3.788s] Level 1:colcon.colcon_core.package_identification:_identify(.) by extension 'colcon_pkg'
[3.788s] Level 1:colcon.colcon_core.package_identification:_identify(.) by extensions ['colcon_meta']
[3.789s] Level 1:colcon.colcon_core.package_identification:_identify(.) by extension 'colcon_meta'
[3.789s] Level 1:colcon.colcon_core.package_identification:_identify(.) by extensions ['ros']
[3.789s] Level 1:colcon.colcon_core.package_identification:_identify(.) by extension 'ros'
[3.831s] Level 1:colcon.colcon_core.package_identification:_identify(.) by extensions ['cmake', 'python']
[3.831s] Level 1:colcon.colcon_core.package_identification:_identify(.) by extension 'cmake'
[3.831s] Level 1:colcon.colcon_core.package_identification:_identify(.) by extension 'python'
[3.831s] Level 1:colcon.colcon_core.package_identification:_identify(.) by extensions ['python_setup_py']
[3.831s] Level 1:colcon.colcon_core.package_identification:_identify(.) by extension 'python_setup_py'
[3.832s] Level 1:colcon.colcon_core.package_identification:_identify(build) by extensions ['ignore', 'ignore_ament_install']
[3.832s] Level 1:colcon.colcon_core.package_identification:_identify(build) by extension 'ignore'
[3.832s] Level 1:colcon.colcon_core.package_identification:_identify(build) ignored
[3.833s] Level 1:colcon.colcon_core.package_identification:_identify(install) by extensions ['ignore', 'ignore_ament_install']
[3.833s] Level 1:colcon.colcon_core.package_identification:_identify(install) by extension 'ignore'
[3.833s] Level 1:colcon.colcon_core.package_identification:_identify(install) ignored
[3.834s] Level 1:colcon.colcon_core.package_identification:_identify(log) by extensions ['ignore', 'ignore_ament_install']
[3.834s] Level 1:colcon.colcon_core.package_identification:_identify(log) by extension 'ignore'
[3.834s] Level 1:colcon.colcon_core.package_identification:_identify(log) ignored
[3.835s] Level 1:colcon.colcon_core.package_identification:_identify(src) by extensions ['ignore', 'ignore_ament_install']
[3.835s] Level 1:colcon.colcon_core.package_identification:_identify(src) by extension 'ignore'
[3.835s] Level 1:colcon.colcon_core.package_identification:_identify(src) by extension 'ignore_ament_install'
[3.836s] Level 1:colcon.colcon_core.package_identification:_identify(src) by extensions ['colcon_pkg']
[3.836s] Level 1:colcon.colcon_core.package_identification:_identify(src) by extension 'colcon_pkg'
[3.836s] Level 1:colcon.colcon_core.package_identification:_identify(src) by extensions ['colcon_meta']
[3.836s] Level 1:colcon.colcon_core.package_identification:_identify(src) by extension 'colcon_meta'
[3.836s] Level 1:colcon.colcon_core.package_identification:_identify(src) by extensions ['ros']
[3.836s] Level 1:colcon.colcon_core.package_identification:_identify(src) by extension 'ros'
[3.837s] Level 1:colcon.colcon_core.package_identification:_identify(src) by extensions ['cmake', 'python']
[3.837s] Level 1:colcon.colcon_core.package_identification:_identify(src) by extension 'cmake'
[3.837s] Level 1:colcon.colcon_core.package_identification:_identify(src) by extension 'python'
[3.837s] Level 1:colcon.colcon_core.package_identification:_identify(src) by extensions ['python_setup_py']
[3.837s] Level 1:colcon.colcon_core.package_identification:_identify(src) by extension 'python_setup_py'
[3.838s] Level 1:colcon.colcon_core.package_identification:_identify(src/arduinobot_cpp_examples) by extensions ['ignore', 'ignore_ament_install']
[3.838s] Level 1:colcon.colcon_core.package_identification:_identify(src/arduinobot_cpp_examples) by extension 'ignore'
[3.839s] Level 1:colcon.colcon_core.package_identification:_identify(src/arduinobot_cpp_examples) by extension 'ignore_ament_install'
[3.839s] Level 1:colcon.colcon_core.package_identification:_identify(src/arduinobot_cpp_examples) by extensions ['colcon_pkg']
[3.839s] Level 1:colcon.colcon_core.package_identification:_identify(src/arduinobot_cpp_examples) by extension 'colcon_pkg'
[3.840s] Level 1:colcon.colcon_core.package_identification:_identify(src/arduinobot_cpp_examples) by extensions ['colcon_meta']
[3.840s] Level 1:colcon.colcon_core.package_identification:_identify(src/arduinobot_cpp_examples) by extension 'colcon_meta'
[3.840s] Level 1:colcon.colcon_core.package_identification:_identify(src/arduinobot_cpp_examples) by extensions ['ros']
[3.840s] Level 1:colcon.colcon_core.package_identification:_identify(src/arduinobot_cpp_examples) by extension 'ros'
[3.853s] DEBUG:colcon.colcon_core.package_identification:Package 'src/arduinobot_cpp_examples' with type 'ros.ament_cmake' and name 'arduinobot_cpp_examples'
[3.853s] Level 1:colcon.colcon_core.package_identification:_identify(src/arduinobot_py_examples) by extensions ['ignore', 'ignore_ament_install']
[3.854s] Level 1:colcon.colcon_core.package_identification:_identify(src/arduinobot_py_examples) by extension 'ignore'
[3.854s] Level 1:colcon.colcon_core.package_identification:_identify(src/arduinobot_py_examples) by extension 'ignore_ament_install'
[3.854s] Level 1:colcon.colcon_core.package_identification:_identify(src/arduinobot_py_examples) by extensions ['colcon_pkg']
[3.854s] Level 1:colcon.colcon_core.package_identification:_identify(src/arduinobot_py_examples) by extension 'colcon_pkg'
[3.855s] Level 1:colcon.colcon_core.package_identification:_identify(src/arduinobot_py_examples) by extensions ['colcon_meta']
[3.855s] Level 1:colcon.colcon_core.package_identification:_identify(src/arduinobot_py_examples) by extension 'colcon_meta'
[3.855s] Level 1:colcon.colcon_core.package_identification:_identify(src/arduinobot_py_examples) by extensions ['ros']
[3.856s] Level 1:colcon.colcon_core.package_identification:_identify(src/arduinobot_py_examples) by extension 'ros'
[3.858s] DEBUG:colcon.colcon_core.package_identification:Package 'src/arduinobot_py_examples' with type 'ros.ament_python' and name 'arduinobot_py_examples'
[3.859s] Level 1:colcon.colcon_core.package_discovery:discover_packages(recursive) using defaults
[3.859s] Level 1:colcon.colcon_core.package_discovery:discover_packages(ignore) discover
[3.859s] Level 1:colcon.colcon_core.package_discovery:discover_packages(ignore) using defaults
[3.859s] Level 1:colcon.colcon_core.package_discovery:discover_packages(path) discover
[3.859s] Level 1:colcon.colcon_core.package_discovery:discover_packages(path) using defaults
[4.405s] Level 1:colcon.colcon_core.package_discovery:discover_packages(prefix_path) check parameters
[4.405s] Level 1:colcon.colcon_core.package_discovery:discover_packages(prefix_path) discover
[4.551s] DEBUG:colcon.colcon_installed_package_information.package_discovery:Found 350 installed packages in /opt/ros/humble
[4.561s] Level 1:colcon.colcon_core.package_discovery:discover_packages(prefix_path) using defaults
[4.944s] Level 5:colcon.colcon_core.verb:set package 'arduinobot_cpp_examples' build argument 'cmake_args' from command line to 'None'
[4.944s] Level 5:colcon.colcon_core.verb:set package 'arduinobot_cpp_examples' build argument 'cmake_target' from command line to 'None'
[4.944s] Level 5:colcon.colcon_core.verb:set package 'arduinobot_cpp_examples' build argument 'cmake_target_skip_unavailable' from command line to 'False'
[4.944s] Level 5:colcon.colcon_core.verb:set package 'arduinobot_cpp_examples' build argument 'cmake_clean_cache' from command line to 'False'
[4.945s] Level 5:colcon.colcon_core.verb:set package 'arduinobot_cpp_examples' build argument 'cmake_clean_first' from command line to 'False'
[4.945s] Level 5:colcon.colcon_core.verb:set package 'arduinobot_cpp_examples' build argument 'cmake_force_configure' from command line to 'False'
[4.945s] Level 5:colcon.colcon_core.verb:set package 'arduinobot_cpp_examples' build argument 'ament_cmake_args' from command line to 'None'
[4.945s] Level 5:colcon.colcon_core.verb:set package 'arduinobot_cpp_examples' build argument 'catkin_cmake_args' from command line to 'None'
[4.945s] Level 5:colcon.colcon_core.verb:set package 'arduinobot_cpp_examples' build argument 'catkin_skip_building_tests' from command line to 'False'
[4.945s] DEBUG:colcon.colcon_core.verb:Building package 'arduinobot_cpp_examples' with the following arguments: {'ament_cmake_args': None, 'build_base': '/home/roboticist/arduinobot_ws/build/arduinobot_cpp_examples', 'catkin_cmake_args': None, 'catkin_skip_building_tests': False, 'cmake_args': None, 'cmake_clean_cache': False, 'cmake_clean_first': False, 'cmake_force_configure': False, 'cmake_target': None, 'cmake_target_skip_unavailable': False, 'install_base': '/home/roboticist/arduinobot_ws/install/arduinobot_cpp_examples', 'merge_install': False, 'path': '/home/roboticist/arduinobot_ws/src/arduinobot_cpp_examples', 'symlink_install': False, 'test_result_base': None}
[4.996s] Level 5:colcon.colcon_core.verb:set package 'arduinobot_py_examples' build argument 'cmake_args' from command line to 'None'
[4.997s] Level 5:colcon.colcon_core.verb:set package 'arduinobot_py_examples' build argument 'cmake_target' from command line to 'None'
[4.997s] Level 5:colcon.colcon_core.verb:set package 'arduinobot_py_examples' build argument 'cmake_target_skip_unavailable' from command line to 'False'
[4.997s] Level 5:colcon.colcon_core.verb:set package 'arduinobot_py_examples' build argument 'cmake_clean_cache' from command line to 'False'
[4.997s] Level 5:colcon.colcon_core.verb:set package 'arduinobot_py_examples' build argument 'cmake_clean_first' from command line to 'False'
[4.997s] Level 5:colcon.colcon_core.verb:set package 'arduinobot_py_examples' build argument 'cmake_force_configure' from command line to 'False'
[4.997s] Level 5:colcon.colcon_core.verb:set package 'arduinobot_py_examples' build argument 'ament_cmake_args' from command line to 'None'
[4.997s] Level 5:colcon.colcon_core.verb:set package 'arduinobot_py_examples' build argument 'catkin_cmake_args' from command line to 'None'
[4.998s] Level 5:colcon.colcon_core.verb:set package 'arduinobot_py_examples' build argument 'catkin_skip_building_tests' from command line to 'False'
[4.998s] DEBUG:colcon.colcon_core.verb:Building package 'arduinobot_py_examples' with the following arguments: {'ament_cmake_args': None, 'build_base': '/home/roboticist/arduinobot_ws/build/arduinobot_py_examples', 'catkin_cmake_args': None, 'catkin_skip_building_tests': False, 'cmake_args': None, 'cmake_clean_cache': False, 'cmake_clean_first': False, 'cmake_force_configure': False, 'cmake_target': None, 'cmake_target_skip_unavailable': False, 'install_base': '/home/roboticist/arduinobot_ws/install/arduinobot_py_examples', 'merge_install': False, 'path': '/home/roboticist/arduinobot_ws/src/arduinobot_py_examples', 'symlink_install': False, 'test_result_base': None}
[5.066s] INFO:colcon.colcon_core.executor:Executing jobs using 'parallel' executor
[5.132s] DEBUG:colcon.colcon_parallel_executor.executor.parallel:run_until_complete
[5.132s] INFO:colcon.colcon_ros.task.ament_cmake.build:Building ROS package in '/home/roboticist/arduinobot_ws/src/arduinobot_cpp_examples' with build type 'ament_cmake'
[5.133s] INFO:colcon.colcon_cmake.task.cmake.build:Building CMake package in '/home/roboticist/arduinobot_ws/src/arduinobot_cpp_examples'
[5.211s] INFO:colcon.colcon_core.plugin_system:Skipping extension 'colcon_core.shell.bat': Not used on non-Windows systems
[5.212s] INFO:colcon.colcon_core.shell:Skip shell extension 'powershell' for command environment: Not usable outside of PowerShell
[5.212s] DEBUG:colcon.colcon_core.shell:Skip shell extension 'dsv' for command environment
[5.395s] INFO:colcon.colcon_ros.task.ament_python.build:Building ROS package in '/home/roboticist/arduinobot_ws/src/arduinobot_py_examples' with build type 'ament_python'
[5.396s] Level 1:colcon.colcon_core.shell:create_environment_hook('arduinobot_py_examples', 'ament_prefix_path')
[5.483s] INFO:colcon.colcon_core.shell:Creating environment hook '/home/roboticist/arduinobot_ws/install/arduinobot_py_examples/share/arduinobot_py_examples/hook/ament_prefix_path.ps1'
[5.493s] INFO:colcon.colcon_core.shell:Creating environment descriptor '/home/roboticist/arduinobot_ws/install/arduinobot_py_examples/share/arduinobot_py_examples/hook/ament_prefix_path.dsv'
[5.497s] INFO:colcon.colcon_core.shell:Creating environment hook '/home/roboticist/arduinobot_ws/install/arduinobot_py_examples/share/arduinobot_py_examples/hook/ament_prefix_path.sh'
[5.608s] INFO:colcon.colcon_core.shell:Skip shell extension 'powershell' for command environment: Not usable outside of PowerShell
[5.608s] DEBUG:colcon.colcon_core.shell:Skip shell extension 'dsv' for command environment
[5.764s] DEBUG:colcon.colcon_core.event_handler.log_command:Invoking command in '/home/roboticist/arduinobot_ws/build/arduinobot_cpp_examples': CMAKE_PREFIX_PATH=/opt/ros/humble /usr/bin/cmake --build /home/roboticist/arduinobot_ws/build/arduinobot_cpp_examples -- -j2 -l2
[6.852s] INFO:colcon.colcon_core.task.python.build:Building Python package in '/home/roboticist/arduinobot_ws/src/arduinobot_py_examples'
[6.902s] INFO:colcon.colcon_core.shell:Skip shell extension 'powershell' for command environment: Not usable outside of PowerShell
[6.902s] DEBUG:colcon.colcon_core.shell:Skip shell extension 'dsv' for command environment
[7.074s] DEBUG:colcon.colcon_core.event_handler.log_command:Invoked command in '/home/roboticist/arduinobot_ws/build/arduinobot_cpp_examples' returned '0': CMAKE_PREFIX_PATH=/opt/ros/humble /usr/bin/cmake --build /home/roboticist/arduinobot_ws/build/arduinobot_cpp_examples -- -j2 -l2
[7.261s] DEBUG:colcon.colcon_core.event_handler.log_command:Invoking command in '/home/roboticist/arduinobot_ws/build/arduinobot_cpp_examples': CMAKE_PREFIX_PATH=/opt/ros/humble /usr/bin/cmake --install /home/roboticist/arduinobot_ws/build/arduinobot_cpp_examples
[7.315s] Level 1:colcon.colcon_core.environment:create_environment_scripts_only(arduinobot_cpp_examples)
[7.316s] DEBUG:colcon.colcon_core.event_handler.log_command:Invoked command in '/home/roboticist/arduinobot_ws/build/arduinobot_cpp_examples' returned '0': CMAKE_PREFIX_PATH=/opt/ros/humble /usr/bin/cmake --install /home/roboticist/arduinobot_ws/build/arduinobot_cpp_examples
[7.400s] Level 1:colcon.colcon_core.environment:checking '/home/roboticist/arduinobot_ws/install/arduinobot_cpp_examples' for CMake module files
[7.402s] Level 1:colcon.colcon_core.environment:checking '/home/roboticist/arduinobot_ws/install/arduinobot_cpp_examples' for CMake config files
[7.403s] Level 1:colcon.colcon_core.shell:create_environment_hook('arduinobot_cpp_examples', 'cmake_prefix_path')
[7.488s] INFO:colcon.colcon_core.shell:Creating environment hook '/home/roboticist/arduinobot_ws/install/arduinobot_cpp_examples/share/arduinobot_cpp_examples/hook/cmake_prefix_path.ps1'
[7.490s] INFO:colcon.colcon_core.shell:Creating environment descriptor '/home/roboticist/arduinobot_ws/install/arduinobot_cpp_examples/share/arduinobot_cpp_examples/hook/cmake_prefix_path.dsv'
[7.492s] INFO:colcon.colcon_core.shell:Creating environment hook '/home/roboticist/arduinobot_ws/install/arduinobot_cpp_examples/share/arduinobot_cpp_examples/hook/cmake_prefix_path.sh'
[7.494s] Level 1:colcon.colcon_core.environment:checking '/home/roboticist/arduinobot_ws/install/arduinobot_cpp_examples/bin'
[7.494s] Level 1:colcon.colcon_core.environment:checking '/home/roboticist/arduinobot_ws/install/arduinobot_cpp_examples/lib/pkgconfig/arduinobot_cpp_examples.pc'
[7.495s] Level 1:colcon.colcon_core.environment:checking '/home/roboticist/arduinobot_ws/install/arduinobot_cpp_examples/lib/python3.10/site-packages'
[7.495s] Level 1:colcon.colcon_core.environment:checking '/home/roboticist/arduinobot_ws/install/arduinobot_cpp_examples/bin'
[7.604s] INFO:colcon.colcon_core.shell:Creating package script '/home/roboticist/arduinobot_ws/install/arduinobot_cpp_examples/share/arduinobot_cpp_examples/package.ps1'
[7.617s] INFO:colcon.colcon_core.shell:Creating package descriptor '/home/roboticist/arduinobot_ws/install/arduinobot_cpp_examples/share/arduinobot_cpp_examples/package.dsv'
[7.624s] INFO:colcon.colcon_core.shell:Creating package script '/home/roboticist/arduinobot_ws/install/arduinobot_cpp_examples/share/arduinobot_cpp_examples/package.sh'
[7.629s] INFO:colcon.colcon_core.shell:Creating package script '/home/roboticist/arduinobot_ws/install/arduinobot_cpp_examples/share/arduinobot_cpp_examples/package.bash'
[7.635s] INFO:colcon.colcon_core.shell:Creating package script '/home/roboticist/arduinobot_ws/install/arduinobot_cpp_examples/share/arduinobot_cpp_examples/package.zsh'
[7.644s] Level 1:colcon.colcon_core.environment:create_file_with_runtime_dependencies(/home/roboticist/arduinobot_ws/install/arduinobot_cpp_examples/share/colcon-core/packages/arduinobot_cpp_examples)
[7.885s] Level 1:colcon.colcon_core.environment:create_environment_scripts_only(arduinobot_cpp_examples)
[7.974s] Level 1:colcon.colcon_core.environment:checking '/home/roboticist/arduinobot_ws/install/arduinobot_cpp_examples' for CMake module files
[7.976s] Level 1:colcon.colcon_core.environment:checking '/home/roboticist/arduinobot_ws/install/arduinobot_cpp_examples' for CMake config files
[7.977s] Level 1:colcon.colcon_core.shell:create_environment_hook('arduinobot_cpp_examples', 'cmake_prefix_path')
[8.058s] INFO:colcon.colcon_core.shell:Creating environment hook '/home/roboticist/arduinobot_ws/install/arduinobot_cpp_examples/share/arduinobot_cpp_examples/hook/cmake_prefix_path.ps1'
[8.061s] INFO:colcon.colcon_core.shell:Creating environment descriptor '/home/roboticist/arduinobot_ws/install/arduinobot_cpp_examples/share/arduinobot_cpp_examples/hook/cmake_prefix_path.dsv'
[8.064s] INFO:colcon.colcon_core.shell:Creating environment hook '/home/roboticist/arduinobot_ws/install/arduinobot_cpp_examples/share/arduinobot_cpp_examples/hook/cmake_prefix_path.sh'
[8.067s] Level 1:colcon.colcon_core.environment:checking '/home/roboticist/arduinobot_ws/install/arduinobot_cpp_examples/bin'
[8.067s] Level 1:colcon.colcon_core.environment:checking '/home/roboticist/arduinobot_ws/install/arduinobot_cpp_examples/lib/pkgconfig/arduinobot_cpp_examples.pc'
[8.068s] Level 1:colcon.colcon_core.environment:checking '/home/roboticist/arduinobot_ws/install/arduinobot_cpp_examples/lib/python3.10/site-packages'
[8.069s] Level 1:colcon.colcon_core.environment:checking '/home/roboticist/arduinobot_ws/install/arduinobot_cpp_examples/bin'
[8.137s] INFO:colcon.colcon_core.shell:Creating package script '/home/roboticist/arduinobot_ws/install/arduinobot_cpp_examples/share/arduinobot_cpp_examples/package.ps1'
[8.140s] INFO:colcon.colcon_core.shell:Creating package descriptor '/home/roboticist/arduinobot_ws/install/arduinobot_cpp_examples/share/arduinobot_cpp_examples/package.dsv'
[8.142s] INFO:colcon.colcon_core.shell:Creating package script '/home/roboticist/arduinobot_ws/install/arduinobot_cpp_examples/share/arduinobot_cpp_examples/package.sh'
[8.146s] INFO:colcon.colcon_core.shell:Creating package script '/home/roboticist/arduinobot_ws/install/arduinobot_cpp_examples/share/arduinobot_cpp_examples/package.bash'
[8.151s] INFO:colcon.colcon_core.shell:Creating package script '/home/roboticist/arduinobot_ws/install/arduinobot_cpp_examples/share/arduinobot_cpp_examples/package.zsh'
[8.155s] Level 1:colcon.colcon_core.environment:create_file_with_runtime_dependencies(/home/roboticist/arduinobot_ws/install/arduinobot_cpp_examples/share/colcon-core/packages/arduinobot_cpp_examples)
[9.736s] DEBUG:colcon.colcon_core.event_handler.log_command:Invoking command in '/home/roboticist/arduinobot_ws/src/arduinobot_py_examples': PYTHONPATH=/home/roboticist/arduinobot_ws/build/arduinobot_py_examples/prefix_override:/home/roboticist/arduinobot_ws/install/arduinobot_py_examples/lib/python3.10/site-packages:${PYTHONPATH} /usr/bin/python3 setup.py egg_info --egg-base ../../build/arduinobot_py_examples build --build-base /home/roboticist/arduinobot_ws/build/arduinobot_py_examples/build install --record /home/roboticist/arduinobot_ws/build/arduinobot_py_examples/install.log --single-version-externally-managed
[10.931s] DEBUG:colcon.colcon_core.event_handler.log_command:Invoked command in '/home/roboticist/arduinobot_ws/src/arduinobot_py_examples' returned '0': PYTHONPATH=/home/roboticist/arduinobot_ws/build/arduinobot_py_examples/prefix_override:/home/roboticist/arduinobot_ws/install/arduinobot_py_examples/lib/python3.10/site-packages:${PYTHONPATH} /usr/bin/python3 setup.py egg_info --egg-base ../../build/arduinobot_py_examples build --build-base /home/roboticist/arduinobot_ws/build/arduinobot_py_examples/build install --record /home/roboticist/arduinobot_ws/build/arduinobot_py_examples/install.log --single-version-externally-managed
[10.991s] Level 1:colcon.colcon_core.environment:checking '/home/roboticist/arduinobot_ws/install/arduinobot_py_examples' for CMake module files
[10.992s] Level 1:colcon.colcon_core.environment:checking '/home/roboticist/arduinobot_ws/install/arduinobot_py_examples' for CMake config files
[10.994s] Level 1:colcon.colcon_core.environment:checking '/home/roboticist/arduinobot_ws/install/arduinobot_py_examples/lib'
[10.994s] Level 1:colcon.colcon_core.environment:checking '/home/roboticist/arduinobot_ws/install/arduinobot_py_examples/bin'
[10.995s] Level 1:colcon.colcon_core.environment:checking '/home/roboticist/arduinobot_ws/install/arduinobot_py_examples/lib/pkgconfig/arduinobot_py_examples.pc'
[10.995s] Level 1:colcon.colcon_core.environment:checking '/home/roboticist/arduinobot_ws/install/arduinobot_py_examples/lib/python3.10/site-packages'
[10.995s] Level 1:colcon.colcon_core.shell:create_environment_hook('arduinobot_py_examples', 'pythonpath')
[11.088s] INFO:colcon.colcon_core.shell:Creating environment hook '/home/roboticist/arduinobot_ws/install/arduinobot_py_examples/share/arduinobot_py_examples/hook/pythonpath.ps1'
[11.090s] INFO:colcon.colcon_core.shell:Creating environment descriptor '/home/roboticist/arduinobot_ws/install/arduinobot_py_examples/share/arduinobot_py_examples/hook/pythonpath.dsv'
[11.092s] INFO:colcon.colcon_core.shell:Creating environment hook '/home/roboticist/arduinobot_ws/install/arduinobot_py_examples/share/arduinobot_py_examples/hook/pythonpath.sh'
[11.100s] Level 1:colcon.colcon_core.environment:checking '/home/roboticist/arduinobot_ws/install/arduinobot_py_examples/bin'
[11.101s] Level 1:colcon.colcon_core.environment:create_environment_scripts_only(arduinobot_py_examples)
[11.178s] INFO:colcon.colcon_core.shell:Creating package script '/home/roboticist/arduinobot_ws/install/arduinobot_py_examples/share/arduinobot_py_examples/package.ps1'
[11.181s] INFO:colcon.colcon_core.shell:Creating package descriptor '/home/roboticist/arduinobot_ws/install/arduinobot_py_examples/share/arduinobot_py_examples/package.dsv'
[11.183s] INFO:colcon.colcon_core.shell:Creating package script '/home/roboticist/arduinobot_ws/install/arduinobot_py_examples/share/arduinobot_py_examples/package.sh'
[11.186s] INFO:colcon.colcon_core.shell:Creating package script '/home/roboticist/arduinobot_ws/install/arduinobot_py_examples/share/arduinobot_py_examples/package.bash'
[11.188s] INFO:colcon.colcon_core.shell:Creating package script '/home/roboticist/arduinobot_ws/install/arduinobot_py_examples/share/arduinobot_py_examples/package.zsh'
[11.191s] Level 1:colcon.colcon_core.environment:create_file_with_runtime_dependencies(/home/roboticist/arduinobot_ws/install/arduinobot_py_examples/share/colcon-core/packages/arduinobot_py_examples)
[11.197s] DEBUG:colcon.colcon_parallel_executor.executor.parallel:closing loop
[11.198s] DEBUG:colcon.colcon_parallel_executor.executor.parallel:loop closed
[11.199s] DEBUG:colcon.colcon_parallel_executor.executor.parallel:run_until_complete finished with '0'
[11.200s] DEBUG:colcon.colcon_core.event_reactor:joining thread
[11.409s] INFO:colcon.colcon_core.plugin_system:Skipping extension 'colcon_notification.desktop_notification.terminal_notifier': Not used on non-Darwin systems
[11.410s] INFO:colcon.colcon_core.plugin_system:Skipping extension 'colcon_notification.desktop_notification.win32': Not used on non-Windows systems
[11.410s] INFO:colcon.colcon_notification.desktop_notification:Sending desktop notification using 'notify2'
[12.595s] DEBUG:colcon.colcon_core.event_reactor:joined thread
[12.734s] INFO:colcon.colcon_core.shell:Creating prefix script '/home/roboticist/arduinobot_ws/install/local_setup.ps1'
[12.750s] INFO:colcon.colcon_core.shell:Creating prefix util module '/home/roboticist/arduinobot_ws/install/_local_setup_util_ps1.py'
[12.757s] INFO:colcon.colcon_core.shell:Creating prefix chain script '/home/roboticist/arduinobot_ws/install/setup.ps1'
[12.853s] INFO:colcon.colcon_core.shell:Creating prefix script '/home/roboticist/arduinobot_ws/install/local_setup.sh'
[12.857s] INFO:colcon.colcon_core.shell:Creating prefix util module '/home/roboticist/arduinobot_ws/install/_local_setup_util_sh.py'
[12.858s] INFO:colcon.colcon_core.shell:Creating prefix chain script '/home/roboticist/arduinobot_ws/install/setup.sh'
[12.936s] INFO:colcon.colcon_core.shell:Creating prefix script '/home/roboticist/arduinobot_ws/install/local_setup.bash'
[12.940s] INFO:colcon.colcon_core.shell:Creating prefix chain script '/home/roboticist/arduinobot_ws/install/setup.bash'
[13.021s] INFO:colcon.colcon_core.shell:Creating prefix script '/home/roboticist/arduinobot_ws/install/local_setup.zsh'
[13.025s] INFO:colcon.colcon_core.shell:Creating prefix chain script '/home/roboticist/arduinobot_ws/install/setup.zsh'
